{"C:\\Users\\Victor\\Documents\\Final Project\\repo-server\\services\\app\\app.js": {"path":"C:\\Users\\Victor\\Documents\\Final Project\\repo-server\\services\\app\\app.js","statementMap":{"0":{"start":{"line":1,"column":0},"end":{"line":1,"column":27}},"1":{"start":{"line":2,"column":16},"end":{"line":2,"column":34}},"2":{"start":{"line":3,"column":12},"end":{"line":3,"column":21}},"3":{"start":{"line":4,"column":13},"end":{"line":4,"column":37}},"4":{"start":{"line":5,"column":13},"end":{"line":5,"column":28}},"5":{"start":{"line":6,"column":19},"end":{"line":6,"column":38}},"6":{"start":{"line":8,"column":0},"end":{"line":8,"column":16}},"7":{"start":{"line":9,"column":0},"end":{"line":9,"column":24}},"8":{"start":{"line":10,"column":0},"end":{"line":10,"column":48}},"9":{"start":{"line":11,"column":0},"end":{"line":11,"column":16}},"10":{"start":{"line":13,"column":0},"end":{"line":13,"column":20}}},"fnMap":{},"branchMap":{"0":{"loc":{"start":{"line":4,"column":13},"end":{"line":4,"column":37}},"type":"binary-expr","locations":[{"start":{"line":4,"column":13},"end":{"line":4,"column":29}},{"start":{"line":4,"column":33},"end":{"line":4,"column":37}}],"line":4}},"s":{"0":1,"1":1,"2":1,"3":1,"4":1,"5":1,"6":1,"7":1,"8":1,"9":1,"10":1},"f":{},"b":{"0":[1,0]},"_coverageSchema":"1a1c01bbd47fc00a2c39e90264f33305004495a9","hash":"b4ddc3aef086470398fa2d7f8caa2e9c960e1094"}
,"C:\\Users\\Victor\\Documents\\Final Project\\repo-server\\services\\app\\controllers\\cartController.js": {"path":"C:\\Users\\Victor\\Documents\\Final Project\\repo-server\\services\\app\\controllers\\cartController.js","statementMap":{"0":{"start":{"line":1,"column":17},"end":{"line":1,"column":37}},"1":{"start":{"line":5,"column":4},"end":{"line":21,"column":5}},"2":{"start":{"line":6,"column":25},"end":{"line":6,"column":39}},"3":{"start":{"line":8,"column":19},"end":{"line":12,"column":8}},"4":{"start":{"line":14,"column":6},"end":{"line":17,"column":9}},"5":{"start":{"line":19,"column":6},"end":{"line":19,"column":25}},"6":{"start":{"line":20,"column":6},"end":{"line":20,"column":18}},"7":{"start":{"line":25,"column":4},"end":{"line":42,"column":5}},"8":{"start":{"line":26,"column":58},"end":{"line":26,"column":70}},"9":{"start":{"line":28,"column":6},"end":{"line":33,"column":9}},"10":{"start":{"line":35,"column":6},"end":{"line":38,"column":9}},"11":{"start":{"line":40,"column":6},"end":{"line":40,"column":25}},"12":{"start":{"line":41,"column":6},"end":{"line":41,"column":18}},"13":{"start":{"line":46,"column":4},"end":{"line":71,"column":5}},"14":{"start":{"line":47,"column":21},"end":{"line":47,"column":35}},"15":{"start":{"line":49,"column":46},"end":{"line":49,"column":58}},"16":{"start":{"line":51,"column":6},"end":{"line":62,"column":8}},"17":{"start":{"line":64,"column":6},"end":{"line":67,"column":9}},"18":{"start":{"line":69,"column":6},"end":{"line":69,"column":25}},"19":{"start":{"line":70,"column":6},"end":{"line":70,"column":18}},"20":{"start":{"line":75,"column":4},"end":{"line":91,"column":5}},"21":{"start":{"line":76,"column":21},"end":{"line":76,"column":35}},"22":{"start":{"line":78,"column":6},"end":{"line":82,"column":9}},"23":{"start":{"line":84,"column":6},"end":{"line":87,"column":9}},"24":{"start":{"line":89,"column":6},"end":{"line":89,"column":25}},"25":{"start":{"line":90,"column":6},"end":{"line":90,"column":18}},"26":{"start":{"line":95,"column":4},"end":{"line":111,"column":5}},"27":{"start":{"line":96,"column":25},"end":{"line":96,"column":39}},"28":{"start":{"line":98,"column":6},"end":{"line":102,"column":9}},"29":{"start":{"line":104,"column":6},"end":{"line":107,"column":9}},"30":{"start":{"line":109,"column":6},"end":{"line":109,"column":25}},"31":{"start":{"line":110,"column":6},"end":{"line":110,"column":18}},"32":{"start":{"line":115,"column":0},"end":{"line":115,"column":32}}},"fnMap":{"0":{"name":"(anonymous_0)","decl":{"start":{"line":4,"column":2},"end":{"line":4,"column":3}},"loc":{"start":{"line":4,"column":57},"end":{"line":22,"column":3}},"line":4},"1":{"name":"(anonymous_1)","decl":{"start":{"line":24,"column":2},"end":{"line":24,"column":3}},"loc":{"start":{"line":24,"column":48},"end":{"line":43,"column":3}},"line":24},"2":{"name":"(anonymous_2)","decl":{"start":{"line":45,"column":2},"end":{"line":45,"column":3}},"loc":{"start":{"line":45,"column":49},"end":{"line":72,"column":3}},"line":45},"3":{"name":"(anonymous_3)","decl":{"start":{"line":74,"column":2},"end":{"line":74,"column":3}},"loc":{"start":{"line":74,"column":51},"end":{"line":92,"column":3}},"line":74},"4":{"name":"(anonymous_4)","decl":{"start":{"line":94,"column":2},"end":{"line":94,"column":3}},"loc":{"start":{"line":94,"column":53},"end":{"line":112,"column":3}},"line":94}},"branchMap":{},"s":{"0":1,"1":0,"2":0,"3":0,"4":0,"5":0,"6":0,"7":0,"8":0,"9":0,"10":0,"11":0,"12":0,"13":0,"14":0,"15":0,"16":0,"17":0,"18":0,"19":0,"20":0,"21":0,"22":0,"23":0,"24":0,"25":0,"26":0,"27":0,"28":0,"29":0,"30":0,"31":0,"32":1},"f":{"0":0,"1":0,"2":0,"3":0,"4":0},"b":{},"_coverageSchema":"1a1c01bbd47fc00a2c39e90264f33305004495a9","hash":"ca31919d3092bc3c30d5d5fc9267873b9e6d5e4b"}
,"C:\\Users\\Victor\\Documents\\Final Project\\repo-server\\services\\app\\controllers\\categoryController.js": {"path":"C:\\Users\\Victor\\Documents\\Final Project\\repo-server\\services\\app\\controllers\\categoryController.js","statementMap":{"0":{"start":{"line":1,"column":21},"end":{"line":1,"column":41}},"1":{"start":{"line":5,"column":4},"end":{"line":21,"column":5}},"2":{"start":{"line":6,"column":25},"end":{"line":6,"column":38}},"3":{"start":{"line":7,"column":22},"end":{"line":7,"column":24}},"4":{"start":{"line":8,"column":6},"end":{"line":12,"column":7}},"5":{"start":{"line":9,"column":8},"end":{"line":11,"column":10}},"6":{"start":{"line":13,"column":19},"end":{"line":13,"column":50}},"7":{"start":{"line":14,"column":6},"end":{"line":17,"column":9}},"8":{"start":{"line":19,"column":6},"end":{"line":19,"column":25}},"9":{"start":{"line":20,"column":6},"end":{"line":20,"column":18}},"10":{"start":{"line":24,"column":4},"end":{"line":35,"column":5}},"11":{"start":{"line":25,"column":21},"end":{"line":25,"column":35}},"12":{"start":{"line":26,"column":19},"end":{"line":26,"column":46}},"13":{"start":{"line":27,"column":6},"end":{"line":27,"column":45}},"14":{"start":{"line":27,"column":17},"end":{"line":27,"column":45}},"15":{"start":{"line":28,"column":6},"end":{"line":31,"column":9}},"16":{"start":{"line":33,"column":6},"end":{"line":33,"column":25}},"17":{"start":{"line":34,"column":6},"end":{"line":34,"column":18}},"18":{"start":{"line":38,"column":4},"end":{"line":50,"column":5}},"19":{"start":{"line":39,"column":23},"end":{"line":39,"column":35}},"20":{"start":{"line":40,"column":6},"end":{"line":42,"column":9}},"21":{"start":{"line":43,"column":6},"end":{"line":46,"column":9}},"22":{"start":{"line":48,"column":6},"end":{"line":48,"column":25}},"23":{"start":{"line":49,"column":6},"end":{"line":49,"column":18}},"24":{"start":{"line":53,"column":4},"end":{"line":73,"column":5}},"25":{"start":{"line":54,"column":21},"end":{"line":54,"column":35}},"26":{"start":{"line":55,"column":23},"end":{"line":55,"column":35}},"27":{"start":{"line":56,"column":6},"end":{"line":65,"column":8}},"28":{"start":{"line":66,"column":6},"end":{"line":69,"column":9}},"29":{"start":{"line":71,"column":6},"end":{"line":71,"column":25}},"30":{"start":{"line":72,"column":6},"end":{"line":72,"column":18}},"31":{"start":{"line":76,"column":4},"end":{"line":90,"column":5}},"32":{"start":{"line":77,"column":21},"end":{"line":77,"column":35}},"33":{"start":{"line":78,"column":6},"end":{"line":82,"column":9}},"34":{"start":{"line":83,"column":6},"end":{"line":86,"column":9}},"35":{"start":{"line":88,"column":6},"end":{"line":88,"column":25}},"36":{"start":{"line":89,"column":6},"end":{"line":89,"column":18}},"37":{"start":{"line":94,"column":0},"end":{"line":94,"column":36}}},"fnMap":{"0":{"name":"(anonymous_0)","decl":{"start":{"line":4,"column":2},"end":{"line":4,"column":3}},"loc":{"start":{"line":4,"column":49},"end":{"line":22,"column":3}},"line":4},"1":{"name":"(anonymous_1)","decl":{"start":{"line":23,"column":2},"end":{"line":23,"column":3}},"loc":{"start":{"line":23,"column":51},"end":{"line":36,"column":3}},"line":23},"2":{"name":"(anonymous_2)","decl":{"start":{"line":37,"column":2},"end":{"line":37,"column":3}},"loc":{"start":{"line":37,"column":47},"end":{"line":51,"column":3}},"line":37},"3":{"name":"(anonymous_3)","decl":{"start":{"line":52,"column":2},"end":{"line":52,"column":3}},"loc":{"start":{"line":52,"column":47},"end":{"line":74,"column":3}},"line":52},"4":{"name":"(anonymous_4)","decl":{"start":{"line":75,"column":2},"end":{"line":75,"column":3}},"loc":{"start":{"line":75,"column":47},"end":{"line":91,"column":3}},"line":75}},"branchMap":{"0":{"loc":{"start":{"line":8,"column":6},"end":{"line":12,"column":7}},"type":"if","locations":[{"start":{"line":8,"column":6},"end":{"line":12,"column":7}},{"start":{},"end":{}}],"line":8},"1":{"loc":{"start":{"line":27,"column":6},"end":{"line":27,"column":45}},"type":"if","locations":[{"start":{"line":27,"column":6},"end":{"line":27,"column":45}},{"start":{},"end":{}}],"line":27}},"s":{"0":1,"1":0,"2":0,"3":0,"4":0,"5":0,"6":0,"7":0,"8":0,"9":0,"10":0,"11":0,"12":0,"13":0,"14":0,"15":0,"16":0,"17":0,"18":0,"19":0,"20":0,"21":0,"22":0,"23":0,"24":0,"25":0,"26":0,"27":0,"28":0,"29":0,"30":0,"31":0,"32":0,"33":0,"34":0,"35":0,"36":0,"37":1},"f":{"0":0,"1":0,"2":0,"3":0,"4":0},"b":{"0":[0,0],"1":[0,0]},"_coverageSchema":"1a1c01bbd47fc00a2c39e90264f33305004495a9","hash":"e568f8e9db785dc1df8d8e8b85d3b37b74e7b8f6"}
,"C:\\Users\\Victor\\Documents\\Final Project\\repo-server\\services\\app\\controllers\\chatRoomController.js": {"path":"C:\\Users\\Victor\\Documents\\Final Project\\repo-server\\services\\app\\controllers\\chatRoomController.js","statementMap":{"0":{"start":{"line":1,"column":21},"end":{"line":1,"column":41}},"1":{"start":{"line":5,"column":4},"end":{"line":27,"column":5}},"2":{"start":{"line":6,"column":34},"end":{"line":6,"column":43}},"3":{"start":{"line":8,"column":21},"end":{"line":8,"column":23}},"4":{"start":{"line":10,"column":6},"end":{"line":18,"column":7}},"5":{"start":{"line":11,"column":8},"end":{"line":13,"column":9}},"6":{"start":{"line":12,"column":10},"end":{"line":12,"column":33}},"7":{"start":{"line":15,"column":8},"end":{"line":17,"column":9}},"8":{"start":{"line":16,"column":10},"end":{"line":16,"column":35}},"9":{"start":{"line":20,"column":19},"end":{"line":22,"column":8}},"10":{"start":{"line":24,"column":6},"end":{"line":24,"column":33}},"11":{"start":{"line":26,"column":6},"end":{"line":26,"column":18}},"12":{"start":{"line":31,"column":0},"end":{"line":31,"column":40}}},"fnMap":{"0":{"name":"(anonymous_0)","decl":{"start":{"line":4,"column":2},"end":{"line":4,"column":3}},"loc":{"start":{"line":4,"column":52},"end":{"line":28,"column":3}},"line":4}},"branchMap":{"0":{"loc":{"start":{"line":10,"column":6},"end":{"line":18,"column":7}},"type":"if","locations":[{"start":{"line":10,"column":6},"end":{"line":18,"column":7}},{"start":{},"end":{}}],"line":10},"1":{"loc":{"start":{"line":10,"column":10},"end":{"line":10,"column":27}},"type":"binary-expr","locations":[{"start":{"line":10,"column":10},"end":{"line":10,"column":16}},{"start":{"line":10,"column":20},"end":{"line":10,"column":27}}],"line":10},"2":{"loc":{"start":{"line":11,"column":8},"end":{"line":13,"column":9}},"type":"if","locations":[{"start":{"line":11,"column":8},"end":{"line":13,"column":9}},{"start":{},"end":{}}],"line":11},"3":{"loc":{"start":{"line":15,"column":8},"end":{"line":17,"column":9}},"type":"if","locations":[{"start":{"line":15,"column":8},"end":{"line":17,"column":9}},{"start":{},"end":{}}],"line":15}},"s":{"0":1,"1":0,"2":0,"3":0,"4":0,"5":0,"6":0,"7":0,"8":0,"9":0,"10":0,"11":0,"12":1},"f":{"0":0},"b":{"0":[0,0],"1":[0,0],"2":[0,0],"3":[0,0]},"_coverageSchema":"1a1c01bbd47fc00a2c39e90264f33305004495a9","hash":"04067571ee21614d99f014eeb6745434c09e79db"}
,"C:\\Users\\Victor\\Documents\\Final Project\\repo-server\\services\\app\\controllers\\index.js": {"path":"C:\\Users\\Victor\\Documents\\Final Project\\repo-server\\services\\app\\controllers\\index.js","statementMap":{"0":{"start":{"line":1,"column":30},"end":{"line":1,"column":60}},"1":{"start":{"line":2,"column":28},"end":{"line":2,"column":56}},"2":{"start":{"line":3,"column":31},"end":{"line":3,"column":62}},"3":{"start":{"line":4,"column":31},"end":{"line":4,"column":62}},"4":{"start":{"line":5,"column":28},"end":{"line":5,"column":56}},"5":{"start":{"line":7,"column":0},"end":{"line":13,"column":2}}},"fnMap":{},"branchMap":{},"s":{"0":1,"1":1,"2":1,"3":1,"4":1,"5":1},"f":{},"b":{},"_coverageSchema":"1a1c01bbd47fc00a2c39e90264f33305004495a9","hash":"fc4ef678244eb5e50c5d3c055c3488d694ee4554"}
,"C:\\Users\\Victor\\Documents\\Final Project\\repo-server\\services\\app\\controllers\\keywordController.js": {"path":"C:\\Users\\Victor\\Documents\\Final Project\\repo-server\\services\\app\\controllers\\keywordController.js","statementMap":{"0":{"start":{"line":1,"column":20},"end":{"line":1,"column":40}},"1":{"start":{"line":5,"column":4},"end":{"line":19,"column":5}},"2":{"start":{"line":6,"column":34},"end":{"line":6,"column":46}},"3":{"start":{"line":7,"column":6},"end":{"line":7,"column":32}},"4":{"start":{"line":8,"column":6},"end":{"line":11,"column":9}},"5":{"start":{"line":12,"column":6},"end":{"line":15,"column":9}},"6":{"start":{"line":17,"column":6},"end":{"line":17,"column":25}},"7":{"start":{"line":18,"column":6},"end":{"line":18,"column":18}},"8":{"start":{"line":22,"column":4},"end":{"line":36,"column":5}},"9":{"start":{"line":23,"column":21},"end":{"line":23,"column":35}},"10":{"start":{"line":24,"column":6},"end":{"line":28,"column":9}},"11":{"start":{"line":29,"column":6},"end":{"line":32,"column":9}},"12":{"start":{"line":34,"column":6},"end":{"line":34,"column":25}},"13":{"start":{"line":35,"column":6},"end":{"line":35,"column":18}},"14":{"start":{"line":40,"column":0},"end":{"line":40,"column":36}}},"fnMap":{"0":{"name":"(anonymous_0)","decl":{"start":{"line":4,"column":2},"end":{"line":4,"column":3}},"loc":{"start":{"line":4,"column":47},"end":{"line":20,"column":3}},"line":4},"1":{"name":"(anonymous_1)","decl":{"start":{"line":21,"column":2},"end":{"line":21,"column":3}},"loc":{"start":{"line":21,"column":47},"end":{"line":37,"column":3}},"line":21}},"branchMap":{},"s":{"0":1,"1":0,"2":0,"3":0,"4":0,"5":0,"6":0,"7":0,"8":0,"9":0,"10":0,"11":0,"12":0,"13":0,"14":1},"f":{"0":0,"1":0},"b":{},"_coverageSchema":"1a1c01bbd47fc00a2c39e90264f33305004495a9","hash":"5e7dff135e4f692de05be9ab295ad0a33db6b6cf"}
,"C:\\Users\\Victor\\Documents\\Final Project\\repo-server\\services\\app\\controllers\\orderController.js": {"path":"C:\\Users\\Victor\\Documents\\Final Project\\repo-server\\services\\app\\controllers\\orderController.js","statementMap":{"0":{"start":{"line":1,"column":38},"end":{"line":1,"column":58}},"1":{"start":{"line":5,"column":4},"end":{"line":20,"column":5}},"2":{"start":{"line":6,"column":30},"end":{"line":6,"column":44}},"3":{"start":{"line":8,"column":19},"end":{"line":15,"column":8}},"4":{"start":{"line":17,"column":6},"end":{"line":17,"column":38}},"5":{"start":{"line":19,"column":6},"end":{"line":19,"column":18}},"6":{"start":{"line":24,"column":4},"end":{"line":39,"column":5}},"7":{"start":{"line":25,"column":30},"end":{"line":25,"column":44}},"8":{"start":{"line":27,"column":19},"end":{"line":34,"column":8}},"9":{"start":{"line":36,"column":6},"end":{"line":36,"column":38}},"10":{"start":{"line":38,"column":6},"end":{"line":38,"column":18}},"11":{"start":{"line":43,"column":4},"end":{"line":47,"column":5}},"12":{"start":{"line":44,"column":17},"end":{"line":44,"column":29}},"13":{"start":{"line":46,"column":6},"end":{"line":46,"column":18}},"14":{"start":{"line":53,"column":0},"end":{"line":53,"column":37}}},"fnMap":{"0":{"name":"(anonymous_0)","decl":{"start":{"line":4,"column":2},"end":{"line":4,"column":3}},"loc":{"start":{"line":4,"column":55},"end":{"line":21,"column":3}},"line":4},"1":{"name":"(anonymous_1)","decl":{"start":{"line":23,"column":2},"end":{"line":23,"column":3}},"loc":{"start":{"line":23,"column":56},"end":{"line":40,"column":3}},"line":23},"2":{"name":"(anonymous_2)","decl":{"start":{"line":42,"column":2},"end":{"line":42,"column":3}},"loc":{"start":{"line":42,"column":50},"end":{"line":48,"column":3}},"line":42}},"branchMap":{},"s":{"0":1,"1":0,"2":0,"3":0,"4":0,"5":0,"6":0,"7":0,"8":0,"9":0,"10":0,"11":0,"12":0,"13":0,"14":1},"f":{"0":0,"1":0,"2":0},"b":{},"_coverageSchema":"1a1c01bbd47fc00a2c39e90264f33305004495a9","hash":"16cd74e5044dc0e167b7da31606893060de7617d"}
,"C:\\Users\\Victor\\Documents\\Final Project\\repo-server\\services\\app\\controllers\\productController.js": {"path":"C:\\Users\\Victor\\Documents\\Final Project\\repo-server\\services\\app\\controllers\\productController.js","statementMap":{"0":{"start":{"line":8,"column":4},"end":{"line":8,"column":24}},"1":{"start":{"line":9,"column":15},"end":{"line":9,"column":35}},"2":{"start":{"line":11,"column":20},"end":{"line":11,"column":40}},"3":{"start":{"line":15,"column":4},"end":{"line":43,"column":5}},"4":{"start":{"line":16,"column":40},"end":{"line":16,"column":53}},"5":{"start":{"line":18,"column":21},"end":{"line":18,"column":23}},"6":{"start":{"line":20,"column":6},"end":{"line":22,"column":7}},"7":{"start":{"line":21,"column":8},"end":{"line":21,"column":37}},"8":{"start":{"line":24,"column":6},"end":{"line":28,"column":7}},"9":{"start":{"line":25,"column":8},"end":{"line":27,"column":10}},"10":{"start":{"line":30,"column":19},"end":{"line":38,"column":8}},"11":{"start":{"line":40,"column":6},"end":{"line":40,"column":38}},"12":{"start":{"line":42,"column":6},"end":{"line":42,"column":18}},"13":{"start":{"line":47,"column":4},"end":{"line":88,"column":5}},"14":{"start":{"line":48,"column":21},"end":{"line":48,"column":35}},"15":{"start":{"line":50,"column":19},"end":{"line":80,"column":8}},"16":{"start":{"line":82,"column":6},"end":{"line":83,"column":7}},"17":{"start":{"line":85,"column":6},"end":{"line":85,"column":38}},"18":{"start":{"line":87,"column":6},"end":{"line":87,"column":18}},"19":{"start":{"line":92,"column":16},"end":{"line":92,"column":45}},"20":{"start":{"line":94,"column":4},"end":{"line":138,"column":5}},"21":{"start":{"line":95,"column":62},"end":{"line":95,"column":74}},"22":{"start":{"line":97,"column":26},"end":{"line":97,"column":37}},"23":{"start":{"line":99,"column":22},"end":{"line":109,"column":7}},"24":{"start":{"line":111,"column":27},"end":{"line":111,"column":29}},"25":{"start":{"line":112,"column":6},"end":{"line":123,"column":7}},"26":{"start":{"line":113,"column":26},"end":{"line":113,"column":43}},"27":{"start":{"line":115,"column":20},"end":{"line":118,"column":9}},"28":{"start":{"line":120,"column":8},"end":{"line":120,"column":39}},"29":{"start":{"line":122,"column":8},"end":{"line":122,"column":31}},"30":{"start":{"line":125,"column":6},"end":{"line":127,"column":9}},"31":{"start":{"line":129,"column":6},"end":{"line":129,"column":25}},"32":{"start":{"line":131,"column":6},"end":{"line":133,"column":9}},"33":{"start":{"line":135,"column":6},"end":{"line":135,"column":27}},"34":{"start":{"line":136,"column":6},"end":{"line":136,"column":29}},"35":{"start":{"line":137,"column":6},"end":{"line":137,"column":18}},"36":{"start":{"line":142,"column":4},"end":{"line":160,"column":5}},"37":{"start":{"line":143,"column":21},"end":{"line":143,"column":35}},"38":{"start":{"line":144,"column":19},"end":{"line":144,"column":45}},"39":{"start":{"line":146,"column":6},"end":{"line":147,"column":7}},"40":{"start":{"line":149,"column":6},"end":{"line":153,"column":9}},"41":{"start":{"line":155,"column":6},"end":{"line":157,"column":9}},"42":{"start":{"line":159,"column":6},"end":{"line":159,"column":18}},"43":{"start":{"line":164,"column":4},"end":{"line":195,"column":5}},"44":{"start":{"line":165,"column":21},"end":{"line":165,"column":35}},"45":{"start":{"line":167,"column":8},"end":{"line":167,"column":20}},"46":{"start":{"line":169,"column":19},"end":{"line":169,"column":45}},"47":{"start":{"line":171,"column":6},"end":{"line":172,"column":7}},"48":{"start":{"line":174,"column":6},"end":{"line":188,"column":8}},"49":{"start":{"line":190,"column":6},"end":{"line":192,"column":9}},"50":{"start":{"line":194,"column":6},"end":{"line":194,"column":18}},"51":{"start":{"line":200,"column":4},"end":{"line":214,"column":5}},"52":{"start":{"line":201,"column":16},"end":{"line":201,"column":18}},"53":{"start":{"line":203,"column":6},"end":{"line":206,"column":7}},"54":{"start":{"line":204,"column":26},"end":{"line":204,"column":43}},"55":{"start":{"line":205,"column":8},"end":{"line":205,"column":35}},"56":{"start":{"line":208,"column":6},"end":{"line":211,"column":9}},"57":{"start":{"line":213,"column":6},"end":{"line":213,"column":18}},"58":{"start":{"line":218,"column":0},"end":{"line":218,"column":39}}},"fnMap":{"0":{"name":"(anonymous_0)","decl":{"start":{"line":14,"column":2},"end":{"line":14,"column":3}},"loc":{"start":{"line":14,"column":49},"end":{"line":44,"column":3}},"line":14},"1":{"name":"(anonymous_1)","decl":{"start":{"line":46,"column":2},"end":{"line":46,"column":3}},"loc":{"start":{"line":46,"column":59},"end":{"line":89,"column":3}},"line":46},"2":{"name":"(anonymous_2)","decl":{"start":{"line":91,"column":2},"end":{"line":91,"column":3}},"loc":{"start":{"line":91,"column":54},"end":{"line":139,"column":3}},"line":91},"3":{"name":"(anonymous_3)","decl":{"start":{"line":141,"column":2},"end":{"line":141,"column":3}},"loc":{"start":{"line":141,"column":54},"end":{"line":161,"column":3}},"line":141},"4":{"name":"(anonymous_4)","decl":{"start":{"line":163,"column":2},"end":{"line":163,"column":3}},"loc":{"start":{"line":163,"column":52},"end":{"line":196,"column":3}},"line":163},"5":{"name":"(anonymous_5)","decl":{"start":{"line":199,"column":2},"end":{"line":199,"column":3}},"loc":{"start":{"line":199,"column":52},"end":{"line":215,"column":3}},"line":199}},"branchMap":{"0":{"loc":{"start":{"line":20,"column":6},"end":{"line":22,"column":7}},"type":"if","locations":[{"start":{"line":20,"column":6},"end":{"line":22,"column":7}},{"start":{},"end":{}}],"line":20},"1":{"loc":{"start":{"line":24,"column":6},"end":{"line":28,"column":7}},"type":"if","locations":[{"start":{"line":24,"column":6},"end":{"line":28,"column":7}},{"start":{},"end":{}}],"line":24},"2":{"loc":{"start":{"line":82,"column":6},"end":{"line":83,"column":7}},"type":"if","locations":[{"start":{"line":82,"column":6},"end":{"line":83,"column":7}},{"start":{},"end":{}}],"line":82},"3":{"loc":{"start":{"line":146,"column":6},"end":{"line":147,"column":7}},"type":"if","locations":[{"start":{"line":146,"column":6},"end":{"line":147,"column":7}},{"start":{},"end":{}}],"line":146},"4":{"loc":{"start":{"line":171,"column":6},"end":{"line":172,"column":7}},"type":"if","locations":[{"start":{"line":171,"column":6},"end":{"line":172,"column":7}},{"start":{},"end":{}}],"line":171}},"s":{"0":1,"1":1,"2":1,"3":4,"4":4,"5":4,"6":4,"7":1,"8":4,"9":1,"10":4,"11":4,"12":0,"13":0,"14":0,"15":0,"16":0,"17":0,"18":0,"19":0,"20":0,"21":0,"22":0,"23":0,"24":0,"25":0,"26":0,"27":0,"28":0,"29":0,"30":0,"31":0,"32":0,"33":0,"34":0,"35":0,"36":0,"37":0,"38":0,"39":0,"40":0,"41":0,"42":0,"43":0,"44":0,"45":0,"46":0,"47":0,"48":0,"49":0,"50":0,"51":0,"52":0,"53":0,"54":0,"55":0,"56":0,"57":0,"58":1},"f":{"0":4,"1":0,"2":0,"3":0,"4":0,"5":0},"b":{"0":[1,3],"1":[1,3],"2":[0,0],"3":[0,0],"4":[0,0]},"_coverageSchema":"1a1c01bbd47fc00a2c39e90264f33305004495a9","hash":"a71f14880b6b37df114b078fd926116345493230"}
,"C:\\Users\\Victor\\Documents\\Final Project\\repo-server\\services\\app\\controllers\\storeController.js": {"path":"C:\\Users\\Victor\\Documents\\Final Project\\repo-server\\services\\app\\controllers\\storeController.js","statementMap":{"0":{"start":{"line":1,"column":27},"end":{"line":1,"column":47}},"1":{"start":{"line":5,"column":4},"end":{"line":20,"column":5}},"2":{"start":{"line":6,"column":21},"end":{"line":6,"column":35}},"3":{"start":{"line":8,"column":19},"end":{"line":12,"column":8}},"4":{"start":{"line":14,"column":6},"end":{"line":15,"column":7}},"5":{"start":{"line":17,"column":6},"end":{"line":17,"column":38}},"6":{"start":{"line":19,"column":6},"end":{"line":19,"column":18}},"7":{"start":{"line":24,"column":4},"end":{"line":51,"column":5}},"8":{"start":{"line":25,"column":21},"end":{"line":25,"column":35}},"9":{"start":{"line":27,"column":33},"end":{"line":27,"column":45}},"10":{"start":{"line":29,"column":19},"end":{"line":29,"column":43}},"11":{"start":{"line":31,"column":6},"end":{"line":32,"column":7}},"12":{"start":{"line":34,"column":6},"end":{"line":44,"column":8}},"13":{"start":{"line":46,"column":6},"end":{"line":48,"column":9}},"14":{"start":{"line":50,"column":6},"end":{"line":50,"column":18}},"15":{"start":{"line":56,"column":4},"end":{"line":69,"column":5}},"16":{"start":{"line":57,"column":53},"end":{"line":57,"column":65}},"17":{"start":{"line":59,"column":6},"end":{"line":62,"column":9}},"18":{"start":{"line":64,"column":6},"end":{"line":66,"column":9}},"19":{"start":{"line":68,"column":6},"end":{"line":68,"column":18}},"20":{"start":{"line":73,"column":0},"end":{"line":73,"column":37}}},"fnMap":{"0":{"name":"(anonymous_0)","decl":{"start":{"line":4,"column":2},"end":{"line":4,"column":3}},"loc":{"start":{"line":4,"column":57},"end":{"line":21,"column":3}},"line":4},"1":{"name":"(anonymous_1)","decl":{"start":{"line":23,"column":2},"end":{"line":23,"column":3}},"loc":{"start":{"line":23,"column":50},"end":{"line":52,"column":3}},"line":23},"2":{"name":"(anonymous_2)","decl":{"start":{"line":55,"column":2},"end":{"line":55,"column":3}},"loc":{"start":{"line":55,"column":52},"end":{"line":70,"column":3}},"line":55}},"branchMap":{"0":{"loc":{"start":{"line":14,"column":6},"end":{"line":15,"column":7}},"type":"if","locations":[{"start":{"line":14,"column":6},"end":{"line":15,"column":7}},{"start":{},"end":{}}],"line":14},"1":{"loc":{"start":{"line":31,"column":6},"end":{"line":32,"column":7}},"type":"if","locations":[{"start":{"line":31,"column":6},"end":{"line":32,"column":7}},{"start":{},"end":{}}],"line":31}},"s":{"0":1,"1":0,"2":0,"3":0,"4":0,"5":0,"6":0,"7":0,"8":0,"9":0,"10":0,"11":0,"12":0,"13":0,"14":0,"15":0,"16":0,"17":0,"18":0,"19":0,"20":1},"f":{"0":0,"1":0,"2":0},"b":{"0":[0,0],"1":[0,0]},"_coverageSchema":"1a1c01bbd47fc00a2c39e90264f33305004495a9","hash":"7c2ec7ad1474de96509c692d74b26559af6634ba"}
,"C:\\Users\\Victor\\Documents\\Final Project\\repo-server\\services\\app\\controllers\\wishlistController.js": {"path":"C:\\Users\\Victor\\Documents\\Final Project\\repo-server\\services\\app\\controllers\\wishlistController.js","statementMap":{"0":{"start":{"line":1,"column":30},"end":{"line":1,"column":50}},"1":{"start":{"line":6,"column":4},"end":{"line":27,"column":5}},"2":{"start":{"line":7,"column":25},"end":{"line":7,"column":39}},"3":{"start":{"line":9,"column":19},"end":{"line":22,"column":8}},"4":{"start":{"line":24,"column":6},"end":{"line":24,"column":38}},"5":{"start":{"line":26,"column":6},"end":{"line":26,"column":18}},"6":{"start":{"line":33,"column":4},"end":{"line":46,"column":5}},"7":{"start":{"line":34,"column":36},"end":{"line":34,"column":48}},"8":{"start":{"line":36,"column":6},"end":{"line":39,"column":9}},"9":{"start":{"line":41,"column":6},"end":{"line":43,"column":9}},"10":{"start":{"line":45,"column":6},"end":{"line":45,"column":18}},"11":{"start":{"line":50,"column":4},"end":{"line":69,"column":5}},"12":{"start":{"line":51,"column":21},"end":{"line":51,"column":35}},"13":{"start":{"line":53,"column":19},"end":{"line":53,"column":46}},"14":{"start":{"line":55,"column":6},"end":{"line":56,"column":7}},"15":{"start":{"line":58,"column":6},"end":{"line":62,"column":9}},"16":{"start":{"line":64,"column":6},"end":{"line":66,"column":9}},"17":{"start":{"line":68,"column":6},"end":{"line":68,"column":18}},"18":{"start":{"line":73,"column":0},"end":{"line":73,"column":40}}},"fnMap":{"0":{"name":"(anonymous_0)","decl":{"start":{"line":5,"column":2},"end":{"line":5,"column":3}},"loc":{"start":{"line":5,"column":49},"end":{"line":28,"column":3}},"line":5},"1":{"name":"(anonymous_1)","decl":{"start":{"line":32,"column":2},"end":{"line":32,"column":3}},"loc":{"start":{"line":32,"column":55},"end":{"line":47,"column":3}},"line":32},"2":{"name":"(anonymous_2)","decl":{"start":{"line":49,"column":2},"end":{"line":49,"column":3}},"loc":{"start":{"line":49,"column":55},"end":{"line":70,"column":3}},"line":49}},"branchMap":{"0":{"loc":{"start":{"line":55,"column":6},"end":{"line":56,"column":7}},"type":"if","locations":[{"start":{"line":55,"column":6},"end":{"line":56,"column":7}},{"start":{},"end":{}}],"line":55}},"s":{"0":1,"1":0,"2":0,"3":0,"4":0,"5":0,"6":0,"7":0,"8":0,"9":0,"10":0,"11":0,"12":0,"13":0,"14":0,"15":0,"16":0,"17":0,"18":1},"f":{"0":0,"1":0,"2":0},"b":{"0":[0,0]},"_coverageSchema":"1a1c01bbd47fc00a2c39e90264f33305004495a9","hash":"4892b23cdf9f938a44faacc2302277ecd410fcd1"}
,"C:\\Users\\Victor\\Documents\\Final Project\\repo-server\\services\\app\\helper\\index.js": {"path":"C:\\Users\\Victor\\Documents\\Final Project\\repo-server\\services\\app\\helper\\index.js","statementMap":{"0":{"start":{"line":1,"column":31},"end":{"line":1,"column":50}},"1":{"start":{"line":3,"column":0},"end":{"line":3,"column":40}}},"fnMap":{},"branchMap":{},"s":{"0":1,"1":1},"f":{},"b":{},"_coverageSchema":"1a1c01bbd47fc00a2c39e90264f33305004495a9","hash":"beb64bc22f54a285663180074448695ee93f10a1"}
,"C:\\Users\\Victor\\Documents\\Final Project\\repo-server\\services\\app\\helper\\upload.js": {"path":"C:\\Users\\Victor\\Documents\\Final Project\\repo-server\\services\\app\\helper\\upload.js","statementMap":{"0":{"start":{"line":1,"column":11},"end":{"line":1,"column":24}},"1":{"start":{"line":2,"column":11},"end":{"line":2,"column":40}},"2":{"start":{"line":4,"column":19},"end":{"line":4,"column":46}},"3":{"start":{"line":5,"column":15},"end":{"line":5,"column":44}},"4":{"start":{"line":6,"column":20},"end":{"line":6,"column":46}},"5":{"start":{"line":7,"column":24},"end":{"line":7,"column":50}},"6":{"start":{"line":9,"column":11},"end":{"line":13,"column":2}},"7":{"start":{"line":16,"column":21},"end":{"line":16,"column":51}},"8":{"start":{"line":17,"column":2},"end":{"line":17,"column":47}},"9":{"start":{"line":19,"column":23},"end":{"line":23,"column":3}},"10":{"start":{"line":25,"column":2},"end":{"line":25,"column":43}},"11":{"start":{"line":29,"column":15},"end":{"line":29,"column":36}},"12":{"start":{"line":31,"column":14},"end":{"line":35,"column":4}},"13":{"start":{"line":37,"column":2},"end":{"line":37,"column":13}},"14":{"start":{"line":40,"column":0},"end":{"line":40,"column":29}}},"fnMap":{"0":{"name":"kirimFile","decl":{"start":{"line":15,"column":9},"end":{"line":15,"column":18}},"loc":{"start":{"line":15,"column":25},"end":{"line":26,"column":1}},"line":15},"1":{"name":"logging","decl":{"start":{"line":28,"column":15},"end":{"line":28,"column":22}},"loc":{"start":{"line":28,"column":29},"end":{"line":38,"column":1}},"line":28}},"branchMap":{},"s":{"0":1,"1":1,"2":1,"3":1,"4":1,"5":1,"6":1,"7":0,"8":0,"9":0,"10":0,"11":0,"12":0,"13":0,"14":1},"f":{"0":0,"1":0},"b":{},"_coverageSchema":"1a1c01bbd47fc00a2c39e90264f33305004495a9","hash":"73e7901844f857c69c8b31957fffed80b1507c6c"}
,"C:\\Users\\Victor\\Documents\\Final Project\\repo-server\\services\\app\\middleware\\errorHandler.js": {"path":"C:\\Users\\Victor\\Documents\\Final Project\\repo-server\\services\\app\\middleware\\errorHandler.js","statementMap":{"0":{"start":{"line":2,"column":16},"end":{"line":2,"column":26}},"1":{"start":{"line":3,"column":19},"end":{"line":3,"column":22}},"2":{"start":{"line":5,"column":2},"end":{"line":5,"column":46}},"3":{"start":{"line":6,"column":2},"end":{"line":6,"column":41}},"4":{"start":{"line":8,"column":2},"end":{"line":11,"column":3}},"5":{"start":{"line":10,"column":6},"end":{"line":10,"column":11}},"6":{"start":{"line":13,"column":2},"end":{"line":15,"column":5}},"7":{"start":{"line":18,"column":0},"end":{"line":18,"column":32}}},"fnMap":{"0":{"name":"errorHandler","decl":{"start":{"line":1,"column":9},"end":{"line":1,"column":21}},"loc":{"start":{"line":1,"column":54},"end":{"line":16,"column":1}},"line":1}},"branchMap":{"0":{"loc":{"start":{"line":8,"column":2},"end":{"line":11,"column":3}},"type":"switch","locations":[{"start":{"line":9,"column":4},"end":{"line":10,"column":11}}],"line":8}},"s":{"0":0,"1":0,"2":0,"3":0,"4":0,"5":0,"6":0,"7":1},"f":{"0":0},"b":{"0":[0]},"_coverageSchema":"1a1c01bbd47fc00a2c39e90264f33305004495a9","hash":"efaaa4dee5d18737ca25cde404a8b2e7b5456135"}
,"C:\\Users\\Victor\\Documents\\Final Project\\repo-server\\services\\app\\middleware\\index.js": {"path":"C:\\Users\\Victor\\Documents\\Final Project\\repo-server\\services\\app\\middleware\\index.js","statementMap":{"0":{"start":{"line":1,"column":25},"end":{"line":1,"column":50}},"1":{"start":{"line":2,"column":19},"end":{"line":2,"column":38}},"2":{"start":{"line":4,"column":0},"end":{"line":4,"column":42}}},"fnMap":{},"branchMap":{},"s":{"0":1,"1":1,"2":1},"f":{},"b":{},"_coverageSchema":"1a1c01bbd47fc00a2c39e90264f33305004495a9","hash":"9fc360ca0cf26e8f80d2f9117a0ae476fc2b4d4a"}
,"C:\\Users\\Victor\\Documents\\Final Project\\repo-server\\services\\app\\middleware\\multer.js": {"path":"C:\\Users\\Victor\\Documents\\Final Project\\repo-server\\services\\app\\middleware\\multer.js","statementMap":{"0":{"start":{"line":1,"column":15},"end":{"line":1,"column":32}},"1":{"start":{"line":3,"column":16},"end":{"line":7,"column":2}},"2":{"start":{"line":5,"column":4},"end":{"line":5,"column":32}},"3":{"start":{"line":9,"column":15},"end":{"line":9,"column":43}},"4":{"start":{"line":11,"column":0},"end":{"line":11,"column":26}}},"fnMap":{"0":{"name":"(anonymous_0)","decl":{"start":{"line":4,"column":12},"end":{"line":4,"column":13}},"loc":{"start":{"line":4,"column":37},"end":{"line":6,"column":3}},"line":4}},"branchMap":{},"s":{"0":1,"1":1,"2":0,"3":1,"4":1},"f":{"0":0},"b":{},"_coverageSchema":"1a1c01bbd47fc00a2c39e90264f33305004495a9","hash":"99af92331fe807559ceb2ad8d208986fde970f08"}
,"C:\\Users\\Victor\\Documents\\Final Project\\repo-server\\services\\app\\models\\cart.js": {"path":"C:\\Users\\Victor\\Documents\\Final Project\\repo-server\\services\\app\\models\\cart.js","statementMap":{"0":{"start":{"line":2,"column":18},"end":{"line":2,"column":38}},"1":{"start":{"line":3,"column":0},"end":{"line":27,"column":2}},"2":{"start":{"line":12,"column":6},"end":{"line":12,"column":66}},"3":{"start":{"line":15,"column":2},"end":{"line":25,"column":4}},"4":{"start":{"line":26,"column":2},"end":{"line":26,"column":14}}},"fnMap":{"0":{"name":"(anonymous_0)","decl":{"start":{"line":3,"column":17},"end":{"line":3,"column":18}},"loc":{"start":{"line":3,"column":43},"end":{"line":27,"column":1}},"line":3},"1":{"name":"(anonymous_1)","decl":{"start":{"line":10,"column":4},"end":{"line":10,"column":5}},"loc":{"start":{"line":10,"column":29},"end":{"line":13,"column":5}},"line":10}},"branchMap":{},"s":{"0":1,"1":1,"2":1,"3":1,"4":1},"f":{"0":1,"1":1},"b":{},"_coverageSchema":"1a1c01bbd47fc00a2c39e90264f33305004495a9","hash":"3337515d00a2e118d3fbcdd67fdefaa8909da5da"}
,"C:\\Users\\Victor\\Documents\\Final Project\\repo-server\\services\\app\\models\\category.js": {"path":"C:\\Users\\Victor\\Documents\\Final Project\\repo-server\\services\\app\\models\\category.js","statementMap":{"0":{"start":{"line":2,"column":18},"end":{"line":2,"column":38}},"1":{"start":{"line":3,"column":0},"end":{"line":25,"column":2}},"2":{"start":{"line":12,"column":6},"end":{"line":12,"column":69}},"3":{"start":{"line":15,"column":2},"end":{"line":23,"column":4}},"4":{"start":{"line":24,"column":2},"end":{"line":24,"column":18}}},"fnMap":{"0":{"name":"(anonymous_0)","decl":{"start":{"line":3,"column":17},"end":{"line":3,"column":18}},"loc":{"start":{"line":3,"column":43},"end":{"line":25,"column":1}},"line":3},"1":{"name":"(anonymous_1)","decl":{"start":{"line":10,"column":4},"end":{"line":10,"column":5}},"loc":{"start":{"line":10,"column":29},"end":{"line":13,"column":5}},"line":10}},"branchMap":{},"s":{"0":1,"1":1,"2":1,"3":1,"4":1},"f":{"0":1,"1":1},"b":{},"_coverageSchema":"1a1c01bbd47fc00a2c39e90264f33305004495a9","hash":"629fdd75927f187fc76543fc30e959b3c2637f32"}
,"C:\\Users\\Victor\\Documents\\Final Project\\repo-server\\services\\app\\models\\chatroom.js": {"path":"C:\\Users\\Victor\\Documents\\Final Project\\repo-server\\services\\app\\models\\chatroom.js","statementMap":{"0":{"start":{"line":2,"column":18},"end":{"line":2,"column":38}},"1":{"start":{"line":3,"column":0},"end":{"line":28,"column":2}},"2":{"start":{"line":13,"column":6},"end":{"line":13,"column":66}},"3":{"start":{"line":16,"column":2},"end":{"line":26,"column":4}},"4":{"start":{"line":27,"column":2},"end":{"line":27,"column":18}}},"fnMap":{"0":{"name":"(anonymous_0)","decl":{"start":{"line":3,"column":17},"end":{"line":3,"column":18}},"loc":{"start":{"line":3,"column":43},"end":{"line":28,"column":1}},"line":3},"1":{"name":"(anonymous_1)","decl":{"start":{"line":10,"column":4},"end":{"line":10,"column":5}},"loc":{"start":{"line":10,"column":29},"end":{"line":14,"column":5}},"line":10}},"branchMap":{},"s":{"0":1,"1":1,"2":1,"3":1,"4":1},"f":{"0":1,"1":1},"b":{},"_coverageSchema":"1a1c01bbd47fc00a2c39e90264f33305004495a9","hash":"0f53a64bed018a0b96c90e41d045b5ec61a7f310"}
,"C:\\Users\\Victor\\Documents\\Final Project\\repo-server\\services\\app\\models\\image.js": {"path":"C:\\Users\\Victor\\Documents\\Final Project\\repo-server\\services\\app\\models\\image.js","statementMap":{"0":{"start":{"line":2,"column":18},"end":{"line":2,"column":38}},"1":{"start":{"line":3,"column":17},"end":{"line":3,"column":38}},"2":{"start":{"line":4,"column":0},"end":{"line":27,"column":2}},"3":{"start":{"line":13,"column":6},"end":{"line":13,"column":67}},"4":{"start":{"line":16,"column":2},"end":{"line":25,"column":4}},"5":{"start":{"line":26,"column":2},"end":{"line":26,"column":15}}},"fnMap":{"0":{"name":"(anonymous_0)","decl":{"start":{"line":4,"column":17},"end":{"line":4,"column":18}},"loc":{"start":{"line":4,"column":43},"end":{"line":27,"column":1}},"line":4},"1":{"name":"(anonymous_1)","decl":{"start":{"line":11,"column":4},"end":{"line":11,"column":5}},"loc":{"start":{"line":11,"column":29},"end":{"line":14,"column":5}},"line":11}},"branchMap":{},"s":{"0":1,"1":1,"2":1,"3":1,"4":1,"5":1},"f":{"0":1,"1":1},"b":{},"_coverageSchema":"1a1c01bbd47fc00a2c39e90264f33305004495a9","hash":"41d725f6a54fb952f29fc19f8ccd7b0e98004fde"}
,"C:\\Users\\Victor\\Documents\\Final Project\\repo-server\\services\\app\\models\\index.js": {"path":"C:\\Users\\Victor\\Documents\\Final Project\\repo-server\\services\\app\\models\\index.js","statementMap":{"0":{"start":{"line":3,"column":11},"end":{"line":3,"column":24}},"1":{"start":{"line":4,"column":13},"end":{"line":4,"column":28}},"2":{"start":{"line":5,"column":18},"end":{"line":5,"column":38}},"3":{"start":{"line":6,"column":16},"end":{"line":6,"column":34}},"4":{"start":{"line":7,"column":17},"end":{"line":7,"column":42}},"5":{"start":{"line":8,"column":12},"end":{"line":8,"column":49}},"6":{"start":{"line":9,"column":15},"end":{"line":9,"column":65}},"7":{"start":{"line":10,"column":11},"end":{"line":10,"column":13}},"8":{"start":{"line":13,"column":0},"end":{"line":17,"column":1}},"9":{"start":{"line":14,"column":2},"end":{"line":14,"column":74}},"10":{"start":{"line":16,"column":2},"end":{"line":16,"column":87}},"11":{"start":{"line":19,"column":0},"end":{"line":32,"column":5}},"12":{"start":{"line":22,"column":4},"end":{"line":27,"column":6}},"13":{"start":{"line":30,"column":18},"end":{"line":30,"column":85}},"14":{"start":{"line":31,"column":4},"end":{"line":31,"column":27}},"15":{"start":{"line":34,"column":0},"end":{"line":38,"column":3}},"16":{"start":{"line":35,"column":2},"end":{"line":37,"column":3}},"17":{"start":{"line":36,"column":4},"end":{"line":36,"column":32}},"18":{"start":{"line":40,"column":0},"end":{"line":40,"column":25}},"19":{"start":{"line":41,"column":0},"end":{"line":41,"column":25}},"20":{"start":{"line":43,"column":0},"end":{"line":43,"column":20}}},"fnMap":{"0":{"name":"(anonymous_0)","decl":{"start":{"line":21,"column":10},"end":{"line":21,"column":11}},"loc":{"start":{"line":21,"column":18},"end":{"line":28,"column":3}},"line":21},"1":{"name":"(anonymous_1)","decl":{"start":{"line":29,"column":11},"end":{"line":29,"column":12}},"loc":{"start":{"line":29,"column":19},"end":{"line":32,"column":3}},"line":29},"2":{"name":"(anonymous_2)","decl":{"start":{"line":34,"column":24},"end":{"line":34,"column":25}},"loc":{"start":{"line":34,"column":37},"end":{"line":38,"column":1}},"line":34}},"branchMap":{"0":{"loc":{"start":{"line":8,"column":12},"end":{"line":8,"column":49}},"type":"binary-expr","locations":[{"start":{"line":8,"column":12},"end":{"line":8,"column":32}},{"start":{"line":8,"column":36},"end":{"line":8,"column":49}}],"line":8},"1":{"loc":{"start":{"line":13,"column":0},"end":{"line":17,"column":1}},"type":"if","locations":[{"start":{"line":13,"column":0},"end":{"line":17,"column":1}},{"start":{"line":15,"column":7},"end":{"line":17,"column":1}}],"line":13},"2":{"loc":{"start":{"line":23,"column":6},"end":{"line":26,"column":37}},"type":"binary-expr","locations":[{"start":{"line":23,"column":6},"end":{"line":23,"column":29}},{"start":{"line":24,"column":6},"end":{"line":24,"column":23}},{"start":{"line":25,"column":6},"end":{"line":25,"column":30}},{"start":{"line":26,"column":6},"end":{"line":26,"column":37}}],"line":23},"3":{"loc":{"start":{"line":35,"column":2},"end":{"line":37,"column":3}},"type":"if","locations":[{"start":{"line":35,"column":2},"end":{"line":37,"column":3}},{"start":{},"end":{}}],"line":35}},"s":{"0":1,"1":1,"2":1,"3":1,"4":1,"5":1,"6":1,"7":1,"8":1,"9":0,"10":1,"11":1,"12":11,"13":10,"14":10,"15":1,"16":10,"17":10,"18":1,"19":1,"20":1},"f":{"0":11,"1":10,"2":10},"b":{"0":[1,0],"1":[0,1],"2":[11,11,10,10],"3":[10,0]},"_coverageSchema":"1a1c01bbd47fc00a2c39e90264f33305004495a9","hash":"d4c2b0bd6d8cf6420090bc0b9aa4c7d6dadf6def"}
,"C:\\Users\\Victor\\Documents\\Final Project\\repo-server\\services\\app\\models\\keyword.js": {"path":"C:\\Users\\Victor\\Documents\\Final Project\\repo-server\\services\\app\\models\\keyword.js","statementMap":{"0":{"start":{"line":2,"column":18},"end":{"line":2,"column":38}},"1":{"start":{"line":3,"column":0},"end":{"line":26,"column":2}},"2":{"start":{"line":12,"column":6},"end":{"line":12,"column":69}},"3":{"start":{"line":15,"column":2},"end":{"line":24,"column":4}},"4":{"start":{"line":25,"column":2},"end":{"line":25,"column":17}}},"fnMap":{"0":{"name":"(anonymous_0)","decl":{"start":{"line":3,"column":17},"end":{"line":3,"column":18}},"loc":{"start":{"line":3,"column":43},"end":{"line":26,"column":1}},"line":3},"1":{"name":"(anonymous_1)","decl":{"start":{"line":10,"column":4},"end":{"line":10,"column":5}},"loc":{"start":{"line":10,"column":29},"end":{"line":13,"column":5}},"line":10}},"branchMap":{},"s":{"0":1,"1":1,"2":1,"3":1,"4":1},"f":{"0":1,"1":1},"b":{},"_coverageSchema":"1a1c01bbd47fc00a2c39e90264f33305004495a9","hash":"9460cf34171ace4d3d5d66d1c96a37052afae558"}
,"C:\\Users\\Victor\\Documents\\Final Project\\repo-server\\services\\app\\models\\order.js": {"path":"C:\\Users\\Victor\\Documents\\Final Project\\repo-server\\services\\app\\models\\order.js","statementMap":{"0":{"start":{"line":2,"column":18},"end":{"line":2,"column":38}},"1":{"start":{"line":3,"column":0},"end":{"line":27,"column":2}},"2":{"start":{"line":13,"column":6},"end":{"line":13,"column":67}},"3":{"start":{"line":16,"column":2},"end":{"line":25,"column":4}},"4":{"start":{"line":26,"column":2},"end":{"line":26,"column":15}}},"fnMap":{"0":{"name":"(anonymous_0)","decl":{"start":{"line":3,"column":17},"end":{"line":3,"column":18}},"loc":{"start":{"line":3,"column":43},"end":{"line":27,"column":1}},"line":3},"1":{"name":"(anonymous_1)","decl":{"start":{"line":10,"column":4},"end":{"line":10,"column":5}},"loc":{"start":{"line":10,"column":29},"end":{"line":14,"column":5}},"line":10}},"branchMap":{},"s":{"0":1,"1":1,"2":1,"3":1,"4":1},"f":{"0":1,"1":1},"b":{},"_coverageSchema":"1a1c01bbd47fc00a2c39e90264f33305004495a9","hash":"d1b015a0d69fc07156b1d5a4072b23a55c31fc13"}
,"C:\\Users\\Victor\\Documents\\Final Project\\repo-server\\services\\app\\models\\orderdetail.js": {"path":"C:\\Users\\Victor\\Documents\\Final Project\\repo-server\\services\\app\\models\\orderdetail.js","statementMap":{"0":{"start":{"line":2,"column":18},"end":{"line":2,"column":38}},"1":{"start":{"line":3,"column":0},"end":{"line":30,"column":2}},"2":{"start":{"line":12,"column":6},"end":{"line":12,"column":69}},"3":{"start":{"line":13,"column":6},"end":{"line":13,"column":69}},"4":{"start":{"line":16,"column":2},"end":{"line":28,"column":4}},"5":{"start":{"line":29,"column":2},"end":{"line":29,"column":21}}},"fnMap":{"0":{"name":"(anonymous_0)","decl":{"start":{"line":3,"column":17},"end":{"line":3,"column":18}},"loc":{"start":{"line":3,"column":43},"end":{"line":30,"column":1}},"line":3},"1":{"name":"(anonymous_1)","decl":{"start":{"line":10,"column":4},"end":{"line":10,"column":5}},"loc":{"start":{"line":10,"column":29},"end":{"line":14,"column":5}},"line":10}},"branchMap":{},"s":{"0":1,"1":1,"2":1,"3":1,"4":1,"5":1},"f":{"0":1,"1":1},"b":{},"_coverageSchema":"1a1c01bbd47fc00a2c39e90264f33305004495a9","hash":"ef9bf96d158adb82a8610a050be7b1679417aee6"}
,"C:\\Users\\Victor\\Documents\\Final Project\\repo-server\\services\\app\\models\\product.js": {"path":"C:\\Users\\Victor\\Documents\\Final Project\\repo-server\\services\\app\\models\\product.js","statementMap":{"0":{"start":{"line":2,"column":18},"end":{"line":2,"column":38}},"1":{"start":{"line":3,"column":0},"end":{"line":35,"column":2}},"2":{"start":{"line":12,"column":6},"end":{"line":12,"column":65}},"3":{"start":{"line":13,"column":6},"end":{"line":13,"column":71}},"4":{"start":{"line":14,"column":6},"end":{"line":14,"column":67}},"5":{"start":{"line":15,"column":6},"end":{"line":15,"column":65}},"6":{"start":{"line":16,"column":6},"end":{"line":16,"column":64}},"7":{"start":{"line":17,"column":6},"end":{"line":17,"column":68}},"8":{"start":{"line":20,"column":2},"end":{"line":33,"column":4}},"9":{"start":{"line":34,"column":2},"end":{"line":34,"column":17}}},"fnMap":{"0":{"name":"(anonymous_0)","decl":{"start":{"line":3,"column":17},"end":{"line":3,"column":18}},"loc":{"start":{"line":3,"column":43},"end":{"line":35,"column":1}},"line":3},"1":{"name":"(anonymous_1)","decl":{"start":{"line":10,"column":4},"end":{"line":10,"column":5}},"loc":{"start":{"line":10,"column":29},"end":{"line":18,"column":5}},"line":10}},"branchMap":{},"s":{"0":1,"1":1,"2":1,"3":1,"4":1,"5":1,"6":1,"7":1,"8":1,"9":1},"f":{"0":1,"1":1},"b":{},"_coverageSchema":"1a1c01bbd47fc00a2c39e90264f33305004495a9","hash":"b146627c7d0dc358a95834a7351441c4ed3e6fb8"}
,"C:\\Users\\Victor\\Documents\\Final Project\\repo-server\\services\\app\\models\\store.js": {"path":"C:\\Users\\Victor\\Documents\\Final Project\\repo-server\\services\\app\\models\\store.js","statementMap":{"0":{"start":{"line":2,"column":18},"end":{"line":2,"column":38}},"1":{"start":{"line":3,"column":0},"end":{"line":29,"column":2}},"2":{"start":{"line":12,"column":6},"end":{"line":12,"column":63}},"3":{"start":{"line":13,"column":6},"end":{"line":13,"column":64}},"4":{"start":{"line":16,"column":2},"end":{"line":27,"column":4}},"5":{"start":{"line":28,"column":2},"end":{"line":28,"column":15}}},"fnMap":{"0":{"name":"(anonymous_0)","decl":{"start":{"line":3,"column":17},"end":{"line":3,"column":18}},"loc":{"start":{"line":3,"column":43},"end":{"line":29,"column":1}},"line":3},"1":{"name":"(anonymous_1)","decl":{"start":{"line":10,"column":4},"end":{"line":10,"column":5}},"loc":{"start":{"line":10,"column":29},"end":{"line":14,"column":5}},"line":10}},"branchMap":{},"s":{"0":1,"1":1,"2":1,"3":1,"4":1,"5":1},"f":{"0":1,"1":1},"b":{},"_coverageSchema":"1a1c01bbd47fc00a2c39e90264f33305004495a9","hash":"81a17130355a7686d5042d026dfb6f65fe5350ce"}
,"C:\\Users\\Victor\\Documents\\Final Project\\repo-server\\services\\app\\models\\wishlist.js": {"path":"C:\\Users\\Victor\\Documents\\Final Project\\repo-server\\services\\app\\models\\wishlist.js","statementMap":{"0":{"start":{"line":2,"column":18},"end":{"line":2,"column":38}},"1":{"start":{"line":3,"column":0},"end":{"line":26,"column":2}},"2":{"start":{"line":12,"column":6},"end":{"line":12,"column":70}},"3":{"start":{"line":15,"column":2},"end":{"line":24,"column":4}},"4":{"start":{"line":25,"column":2},"end":{"line":25,"column":18}}},"fnMap":{"0":{"name":"(anonymous_0)","decl":{"start":{"line":3,"column":17},"end":{"line":3,"column":18}},"loc":{"start":{"line":3,"column":43},"end":{"line":26,"column":1}},"line":3},"1":{"name":"(anonymous_1)","decl":{"start":{"line":10,"column":4},"end":{"line":10,"column":5}},"loc":{"start":{"line":10,"column":29},"end":{"line":13,"column":5}},"line":10}},"branchMap":{},"s":{"0":1,"1":1,"2":1,"3":1,"4":1},"f":{"0":1,"1":1},"b":{},"_coverageSchema":"1a1c01bbd47fc00a2c39e90264f33305004495a9","hash":"e4148d867fc54d9a769edacbbdf9e5a7059496ec"}
,"C:\\Users\\Victor\\Documents\\Final Project\\repo-server\\services\\app\\router\\apiRouter.js": {"path":"C:\\Users\\Victor\\Documents\\Final Project\\repo-server\\services\\app\\router\\apiRouter.js","statementMap":{"0":{"start":{"line":1,"column":16},"end":{"line":1,"column":34}},"1":{"start":{"line":2,"column":14},"end":{"line":2,"column":30}},"2":{"start":{"line":3,"column":15},"end":{"line":3,"column":42}},"3":{"start":{"line":6,"column":0},"end":{"line":6,"column":62}},"4":{"start":{"line":7,"column":0},"end":{"line":7,"column":74}},"5":{"start":{"line":8,"column":0},"end":{"line":9,"column":38}},"6":{"start":{"line":12,"column":0},"end":{"line":17,"column":3}},"7":{"start":{"line":13,"column":2},"end":{"line":16,"column":35}},"8":{"start":{"line":15,"column":24},"end":{"line":15,"column":47}},"9":{"start":{"line":16,"column":20},"end":{"line":16,"column":33}},"10":{"start":{"line":20,"column":0},"end":{"line":26,"column":3}},"11":{"start":{"line":21,"column":13},"end":{"line":21,"column":30}},"12":{"start":{"line":22,"column":2},"end":{"line":25,"column":35}},"13":{"start":{"line":24,"column":24},"end":{"line":24,"column":47}},"14":{"start":{"line":25,"column":20},"end":{"line":25,"column":33}},"15":{"start":{"line":29,"column":0},"end":{"line":42,"column":3}},"16":{"start":{"line":30,"column":2},"end":{"line":30,"column":24}},"17":{"start":{"line":31,"column":16},"end":{"line":31,"column":26}},"18":{"start":{"line":32,"column":2},"end":{"line":32,"column":21}},"19":{"start":{"line":33,"column":2},"end":{"line":41,"column":35}},"20":{"start":{"line":40,"column":24},"end":{"line":40,"column":47}},"21":{"start":{"line":41,"column":20},"end":{"line":41,"column":33}},"22":{"start":{"line":44,"column":0},"end":{"line":44,"column":24}}},"fnMap":{"0":{"name":"(anonymous_0)","decl":{"start":{"line":12,"column":24},"end":{"line":12,"column":25}},"loc":{"start":{"line":12,"column":38},"end":{"line":17,"column":1}},"line":12},"1":{"name":"(anonymous_1)","decl":{"start":{"line":15,"column":10},"end":{"line":15,"column":11}},"loc":{"start":{"line":15,"column":24},"end":{"line":15,"column":47}},"line":15},"2":{"name":"(anonymous_2)","decl":{"start":{"line":16,"column":11},"end":{"line":16,"column":12}},"loc":{"start":{"line":16,"column":20},"end":{"line":16,"column":33}},"line":16},"3":{"name":"(anonymous_3)","decl":{"start":{"line":20,"column":28},"end":{"line":20,"column":29}},"loc":{"start":{"line":20,"column":42},"end":{"line":26,"column":1}},"line":20},"4":{"name":"(anonymous_4)","decl":{"start":{"line":24,"column":10},"end":{"line":24,"column":11}},"loc":{"start":{"line":24,"column":24},"end":{"line":24,"column":47}},"line":24},"5":{"name":"(anonymous_5)","decl":{"start":{"line":25,"column":11},"end":{"line":25,"column":12}},"loc":{"start":{"line":25,"column":20},"end":{"line":25,"column":33}},"line":25},"6":{"name":"(anonymous_6)","decl":{"start":{"line":29,"column":51},"end":{"line":29,"column":52}},"loc":{"start":{"line":29,"column":65},"end":{"line":42,"column":1}},"line":29},"7":{"name":"(anonymous_7)","decl":{"start":{"line":40,"column":10},"end":{"line":40,"column":11}},"loc":{"start":{"line":40,"column":24},"end":{"line":40,"column":47}},"line":40},"8":{"name":"(anonymous_8)","decl":{"start":{"line":41,"column":11},"end":{"line":41,"column":12}},"loc":{"start":{"line":41,"column":20},"end":{"line":41,"column":33}},"line":41}},"branchMap":{},"s":{"0":1,"1":1,"2":1,"3":1,"4":1,"5":1,"6":1,"7":0,"8":0,"9":0,"10":1,"11":0,"12":0,"13":0,"14":0,"15":1,"16":0,"17":0,"18":0,"19":0,"20":0,"21":0,"22":1},"f":{"0":0,"1":0,"2":0,"3":0,"4":0,"5":0,"6":0,"7":0,"8":0},"b":{},"_coverageSchema":"1a1c01bbd47fc00a2c39e90264f33305004495a9","hash":"c4ee8ad31f9462a3a755eee2d673a38666093676"}
,"C:\\Users\\Victor\\Documents\\Final Project\\repo-server\\services\\app\\router\\cartRouter.js": {"path":"C:\\Users\\Victor\\Documents\\Final Project\\repo-server\\services\\app\\router\\cartRouter.js","statementMap":{"0":{"start":{"line":1,"column":16},"end":{"line":1,"column":34}},"1":{"start":{"line":2,"column":15},"end":{"line":2,"column":31}},"2":{"start":{"line":3,"column":13},"end":{"line":3,"column":53}},"3":{"start":{"line":5,"column":0},"end":{"line":5,"column":46}},"4":{"start":{"line":6,"column":0},"end":{"line":6,"column":38}},"5":{"start":{"line":7,"column":0},"end":{"line":7,"column":43}},"6":{"start":{"line":8,"column":0},"end":{"line":8,"column":39}},"7":{"start":{"line":9,"column":0},"end":{"line":9,"column":60}},"8":{"start":{"line":11,"column":0},"end":{"line":11,"column":24}}},"fnMap":{},"branchMap":{},"s":{"0":1,"1":1,"2":1,"3":1,"4":1,"5":1,"6":1,"7":1,"8":1},"f":{},"b":{},"_coverageSchema":"1a1c01bbd47fc00a2c39e90264f33305004495a9","hash":"ebf71cd515bff5c83b701e5bca10940971d5c66f"}
,"C:\\Users\\Victor\\Documents\\Final Project\\repo-server\\services\\app\\router\\categoryRouter.js": {"path":"C:\\Users\\Victor\\Documents\\Final Project\\repo-server\\services\\app\\router\\categoryRouter.js","statementMap":{"0":{"start":{"line":1,"column":16},"end":{"line":1,"column":34}},"1":{"start":{"line":2,"column":15},"end":{"line":2,"column":31}},"2":{"start":{"line":3,"column":17},"end":{"line":3,"column":61}},"3":{"start":{"line":5,"column":0},"end":{"line":10,"column":35}},"4":{"start":{"line":12,"column":0},"end":{"line":12,"column":24}}},"fnMap":{},"branchMap":{},"s":{"0":1,"1":1,"2":1,"3":1,"4":1},"f":{},"b":{},"_coverageSchema":"1a1c01bbd47fc00a2c39e90264f33305004495a9","hash":"94b088d6eabe8479787b082ffdbbbed67fda8dc8"}
,"C:\\Users\\Victor\\Documents\\Final Project\\repo-server\\services\\app\\router\\chatRoomRouter.js": {"path":"C:\\Users\\Victor\\Documents\\Final Project\\repo-server\\services\\app\\router\\chatRoomRouter.js","statementMap":{"0":{"start":{"line":1,"column":15},"end":{"line":1,"column":42}},"1":{"start":{"line":2,"column":29},"end":{"line":2,"column":54}},"2":{"start":{"line":4,"column":0},"end":{"line":4,"column":48}},"3":{"start":{"line":6,"column":0},"end":{"line":6,"column":42}}},"fnMap":{},"branchMap":{},"s":{"0":1,"1":1,"2":1,"3":1},"f":{},"b":{},"_coverageSchema":"1a1c01bbd47fc00a2c39e90264f33305004495a9","hash":"3c8ef2e1b456481e967f5f93fc989010da805e0d"}
,"C:\\Users\\Victor\\Documents\\Final Project\\repo-server\\services\\app\\router\\index.js": {"path":"C:\\Users\\Victor\\Documents\\Final Project\\repo-server\\services\\app\\router\\index.js","statementMap":{"0":{"start":{"line":1,"column":15},"end":{"line":1,"column":42}},"1":{"start":{"line":3,"column":23},"end":{"line":3,"column":58}},"2":{"start":{"line":4,"column":18},"end":{"line":4,"column":40}},"3":{"start":{"line":5,"column":19},"end":{"line":5,"column":42}},"4":{"start":{"line":6,"column":22},"end":{"line":6,"column":48}},"5":{"start":{"line":7,"column":25},"end":{"line":7,"column":62}},"6":{"start":{"line":8,"column":26},"end":{"line":8,"column":52}},"7":{"start":{"line":9,"column":24},"end":{"line":9,"column":48}},"8":{"start":{"line":10,"column":27},"end":{"line":10,"column":54}},"9":{"start":{"line":11,"column":27},"end":{"line":11,"column":54}},"10":{"start":{"line":12,"column":24},"end":{"line":12,"column":48}},"11":{"start":{"line":14,"column":0},"end":{"line":16,"column":3}},"12":{"start":{"line":15,"column":2},"end":{"line":15,"column":27}},"13":{"start":{"line":18,"column":0},"end":{"line":18,"column":42}},"14":{"start":{"line":19,"column":0},"end":{"line":19,"column":30}},"15":{"start":{"line":20,"column":0},"end":{"line":20,"column":33}},"16":{"start":{"line":21,"column":0},"end":{"line":21,"column":39}},"17":{"start":{"line":22,"column":0},"end":{"line":22,"column":38}},"18":{"start":{"line":23,"column":0},"end":{"line":23,"column":34}},"19":{"start":{"line":24,"column":0},"end":{"line":24,"column":41}},"20":{"start":{"line":25,"column":0},"end":{"line":25,"column":40}},"21":{"start":{"line":26,"column":0},"end":{"line":26,"column":33}},"22":{"start":{"line":27,"column":0},"end":{"line":27,"column":25}},"23":{"start":{"line":29,"column":0},"end":{"line":29,"column":28}}},"fnMap":{"0":{"name":"(anonymous_0)","decl":{"start":{"line":14,"column":16},"end":{"line":14,"column":17}},"loc":{"start":{"line":14,"column":30},"end":{"line":16,"column":1}},"line":14}},"branchMap":{},"s":{"0":1,"1":1,"2":1,"3":1,"4":1,"5":1,"6":1,"7":1,"8":1,"9":1,"10":1,"11":1,"12":0,"13":1,"14":1,"15":1,"16":1,"17":1,"18":1,"19":1,"20":1,"21":1,"22":1,"23":1},"f":{"0":0},"b":{},"_coverageSchema":"1a1c01bbd47fc00a2c39e90264f33305004495a9","hash":"a158410eda23585ff186443627a243c97c170a8b"}
,"C:\\Users\\Victor\\Documents\\Final Project\\repo-server\\services\\app\\router\\keywordRouter.js": {"path":"C:\\Users\\Victor\\Documents\\Final Project\\repo-server\\services\\app\\router\\keywordRouter.js","statementMap":{"0":{"start":{"line":1,"column":16},"end":{"line":1,"column":34}},"1":{"start":{"line":2,"column":15},"end":{"line":2,"column":31}},"2":{"start":{"line":3,"column":16},"end":{"line":3,"column":59}},"3":{"start":{"line":5,"column":0},"end":{"line":5,"column":43}},"4":{"start":{"line":6,"column":0},"end":{"line":6,"column":38}},"5":{"start":{"line":8,"column":0},"end":{"line":8,"column":24}}},"fnMap":{},"branchMap":{},"s":{"0":1,"1":1,"2":1,"3":1,"4":1,"5":1},"f":{},"b":{},"_coverageSchema":"1a1c01bbd47fc00a2c39e90264f33305004495a9","hash":"43d2073b42e0301a6488d98dbe98dc860cd42444"}
,"C:\\Users\\Victor\\Documents\\Final Project\\repo-server\\services\\app\\router\\orderRouter.js": {"path":"C:\\Users\\Victor\\Documents\\Final Project\\repo-server\\services\\app\\router\\orderRouter.js","statementMap":{"0":{"start":{"line":1,"column":15},"end":{"line":1,"column":42}},"1":{"start":{"line":2,"column":28},"end":{"line":2,"column":53}},"2":{"start":{"line":4,"column":0},"end":{"line":4,"column":61}},"3":{"start":{"line":5,"column":0},"end":{"line":5,"column":63}},"4":{"start":{"line":9,"column":0},"end":{"line":9,"column":41}}},"fnMap":{},"branchMap":{},"s":{"0":1,"1":1,"2":1,"3":1,"4":1},"f":{},"b":{},"_coverageSchema":"1a1c01bbd47fc00a2c39e90264f33305004495a9","hash":"c499218499aabb9fceb6f532cb09d7bf32d12673"}
,"C:\\Users\\Victor\\Documents\\Final Project\\repo-server\\services\\app\\router\\productRouter.js": {"path":"C:\\Users\\Victor\\Documents\\Final Project\\repo-server\\services\\app\\router\\productRouter.js","statementMap":{"0":{"start":{"line":1,"column":15},"end":{"line":1,"column":42}},"1":{"start":{"line":2,"column":30},"end":{"line":2,"column":55}},"2":{"start":{"line":3,"column":19},"end":{"line":3,"column":43}},"3":{"start":{"line":5,"column":0},"end":{"line":5,"column":44}},"4":{"start":{"line":6,"column":0},"end":{"line":6,"column":57}},"5":{"start":{"line":7,"column":0},"end":{"line":7,"column":77}},"6":{"start":{"line":8,"column":0},"end":{"line":8,"column":55}},"7":{"start":{"line":11,"column":0},"end":{"line":11,"column":87}},"8":{"start":{"line":13,"column":0},"end":{"line":13,"column":43}}},"fnMap":{},"branchMap":{},"s":{"0":1,"1":1,"2":1,"3":1,"4":1,"5":1,"6":1,"7":1,"8":1},"f":{},"b":{},"_coverageSchema":"1a1c01bbd47fc00a2c39e90264f33305004495a9","hash":"141167fe375b5b59598e1f55eac997368b6dc530"}
,"C:\\Users\\Victor\\Documents\\Final Project\\repo-server\\services\\app\\router\\storeRouter.js": {"path":"C:\\Users\\Victor\\Documents\\Final Project\\repo-server\\services\\app\\router\\storeRouter.js","statementMap":{"0":{"start":{"line":1,"column":15},"end":{"line":1,"column":42}},"1":{"start":{"line":2,"column":26},"end":{"line":2,"column":51}},"2":{"start":{"line":4,"column":0},"end":{"line":4,"column":52}},"3":{"start":{"line":5,"column":0},"end":{"line":5,"column":45}},"4":{"start":{"line":6,"column":0},"end":{"line":6,"column":45}},"5":{"start":{"line":8,"column":0},"end":{"line":8,"column":41}}},"fnMap":{},"branchMap":{},"s":{"0":1,"1":1,"2":1,"3":1,"4":1,"5":1},"f":{},"b":{},"_coverageSchema":"1a1c01bbd47fc00a2c39e90264f33305004495a9","hash":"f5d06c34cd4a0289c807cdf6dadd6eaee555f55b"}
,"C:\\Users\\Victor\\Documents\\Final Project\\repo-server\\services\\app\\router\\wishListRouter.js": {"path":"C:\\Users\\Victor\\Documents\\Final Project\\repo-server\\services\\app\\router\\wishListRouter.js","statementMap":{"0":{"start":{"line":1,"column":15},"end":{"line":1,"column":42}},"1":{"start":{"line":2,"column":31},"end":{"line":2,"column":56}},"2":{"start":{"line":4,"column":0},"end":{"line":4,"column":52}},"3":{"start":{"line":5,"column":0},"end":{"line":5,"column":51}},"4":{"start":{"line":6,"column":0},"end":{"line":6,"column":56}},"5":{"start":{"line":8,"column":0},"end":{"line":8,"column":44}}},"fnMap":{},"branchMap":{},"s":{"0":1,"1":1,"2":1,"3":1,"4":1,"5":1},"f":{},"b":{},"_coverageSchema":"1a1c01bbd47fc00a2c39e90264f33305004495a9","hash":"8d9bdfd537be1bc2dcf6dffba19bf26bc7000da9"}
}
