{"C:\\Users\\Victor\\Documents\\Final Project\\repo-server\\services\\app\\app.js": {"path":"C:\\Users\\Victor\\Documents\\Final Project\\repo-server\\services\\app\\app.js","statementMap":{"0":{"start":{"line":1,"column":0},"end":{"line":1,"column":27}},"1":{"start":{"line":2,"column":16},"end":{"line":2,"column":34}},"2":{"start":{"line":3,"column":12},"end":{"line":3,"column":21}},"3":{"start":{"line":4,"column":13},"end":{"line":4,"column":28}},"4":{"start":{"line":5,"column":19},"end":{"line":5,"column":38}},"5":{"start":{"line":7,"column":0},"end":{"line":7,"column":16}},"6":{"start":{"line":8,"column":0},"end":{"line":8,"column":24}},"7":{"start":{"line":9,"column":0},"end":{"line":9,"column":48}},"8":{"start":{"line":10,"column":0},"end":{"line":10,"column":16}},"9":{"start":{"line":12,"column":0},"end":{"line":12,"column":21}}},"fnMap":{},"branchMap":{},"s":{"0":8,"1":8,"2":8,"3":8,"4":8,"5":8,"6":8,"7":8,"8":8,"9":8},"f":{},"b":{},"_coverageSchema":"1a1c01bbd47fc00a2c39e90264f33305004495a9","hash":"f6b86cfbd7d1f61df376b75c903557cc50a99225"}
,"C:\\Users\\Victor\\Documents\\Final Project\\repo-server\\services\\app\\controllers\\cartController.js": {"path":"C:\\Users\\Victor\\Documents\\Final Project\\repo-server\\services\\app\\controllers\\cartController.js","statementMap":{"0":{"start":{"line":1,"column":40},"end":{"line":1,"column":60}},"1":{"start":{"line":5,"column":4},"end":{"line":32,"column":5}},"2":{"start":{"line":6,"column":25},"end":{"line":6,"column":39}},"3":{"start":{"line":8,"column":19},"end":{"line":23,"column":8}},"4":{"start":{"line":25,"column":6},"end":{"line":28,"column":9}},"5":{"start":{"line":36,"column":4},"end":{"line":53,"column":5}},"6":{"start":{"line":37,"column":58},"end":{"line":37,"column":70}},"7":{"start":{"line":39,"column":6},"end":{"line":44,"column":9}},"8":{"start":{"line":46,"column":6},"end":{"line":49,"column":9}},"9":{"start":{"line":57,"column":4},"end":{"line":82,"column":5}},"10":{"start":{"line":58,"column":21},"end":{"line":58,"column":35}},"11":{"start":{"line":60,"column":46},"end":{"line":60,"column":58}},"12":{"start":{"line":62,"column":6},"end":{"line":73,"column":8}},"13":{"start":{"line":75,"column":6},"end":{"line":78,"column":9}},"14":{"start":{"line":86,"column":4},"end":{"line":102,"column":5}},"15":{"start":{"line":87,"column":21},"end":{"line":87,"column":35}},"16":{"start":{"line":89,"column":6},"end":{"line":93,"column":9}},"17":{"start":{"line":95,"column":6},"end":{"line":98,"column":9}},"18":{"start":{"line":106,"column":4},"end":{"line":122,"column":5}},"19":{"start":{"line":107,"column":25},"end":{"line":107,"column":39}},"20":{"start":{"line":109,"column":6},"end":{"line":113,"column":9}},"21":{"start":{"line":115,"column":6},"end":{"line":118,"column":9}},"22":{"start":{"line":126,"column":0},"end":{"line":126,"column":32}}},"fnMap":{"0":{"name":"(anonymous_0)","decl":{"start":{"line":4,"column":2},"end":{"line":4,"column":3}},"loc":{"start":{"line":4,"column":57},"end":{"line":33,"column":3}},"line":4},"1":{"name":"(anonymous_1)","decl":{"start":{"line":35,"column":2},"end":{"line":35,"column":3}},"loc":{"start":{"line":35,"column":48},"end":{"line":54,"column":3}},"line":35},"2":{"name":"(anonymous_2)","decl":{"start":{"line":56,"column":2},"end":{"line":56,"column":3}},"loc":{"start":{"line":56,"column":49},"end":{"line":83,"column":3}},"line":56},"3":{"name":"(anonymous_3)","decl":{"start":{"line":85,"column":2},"end":{"line":85,"column":3}},"loc":{"start":{"line":85,"column":51},"end":{"line":103,"column":3}},"line":85},"4":{"name":"(anonymous_4)","decl":{"start":{"line":105,"column":2},"end":{"line":105,"column":3}},"loc":{"start":{"line":105,"column":53},"end":{"line":123,"column":3}},"line":105}},"branchMap":{},"s":{"0":8,"1":1,"2":1,"3":1,"4":1,"5":1,"6":1,"7":1,"8":1,"9":1,"10":1,"11":1,"12":1,"13":1,"14":1,"15":1,"16":1,"17":1,"18":1,"19":1,"20":1,"21":1,"22":8},"f":{"0":1,"1":1,"2":1,"3":1,"4":1},"b":{},"_coverageSchema":"1a1c01bbd47fc00a2c39e90264f33305004495a9","hash":"182f4f3c3ace57c487857cb98a3a9a51ce0dc7d3"}
,"C:\\Users\\Victor\\Documents\\Final Project\\repo-server\\services\\app\\controllers\\categoryController.js": {"path":"C:\\Users\\Victor\\Documents\\Final Project\\repo-server\\services\\app\\controllers\\categoryController.js","statementMap":{"0":{"start":{"line":1,"column":21},"end":{"line":1,"column":41}},"1":{"start":{"line":5,"column":4},"end":{"line":21,"column":5}},"2":{"start":{"line":6,"column":25},"end":{"line":6,"column":38}},"3":{"start":{"line":7,"column":22},"end":{"line":7,"column":24}},"4":{"start":{"line":8,"column":6},"end":{"line":12,"column":7}},"5":{"start":{"line":9,"column":8},"end":{"line":11,"column":10}},"6":{"start":{"line":13,"column":19},"end":{"line":13,"column":50}},"7":{"start":{"line":14,"column":6},"end":{"line":17,"column":9}},"8":{"start":{"line":24,"column":4},"end":{"line":35,"column":5}},"9":{"start":{"line":25,"column":21},"end":{"line":25,"column":35}},"10":{"start":{"line":26,"column":19},"end":{"line":26,"column":46}},"11":{"start":{"line":27,"column":6},"end":{"line":27,"column":45}},"12":{"start":{"line":27,"column":17},"end":{"line":27,"column":45}},"13":{"start":{"line":28,"column":6},"end":{"line":31,"column":9}},"14":{"start":{"line":38,"column":4},"end":{"line":50,"column":5}},"15":{"start":{"line":39,"column":23},"end":{"line":39,"column":35}},"16":{"start":{"line":40,"column":6},"end":{"line":42,"column":9}},"17":{"start":{"line":43,"column":6},"end":{"line":46,"column":9}},"18":{"start":{"line":53,"column":4},"end":{"line":73,"column":5}},"19":{"start":{"line":54,"column":21},"end":{"line":54,"column":35}},"20":{"start":{"line":55,"column":23},"end":{"line":55,"column":35}},"21":{"start":{"line":56,"column":6},"end":{"line":65,"column":8}},"22":{"start":{"line":66,"column":6},"end":{"line":69,"column":9}},"23":{"start":{"line":76,"column":4},"end":{"line":90,"column":5}},"24":{"start":{"line":77,"column":21},"end":{"line":77,"column":35}},"25":{"start":{"line":78,"column":6},"end":{"line":82,"column":9}},"26":{"start":{"line":83,"column":6},"end":{"line":86,"column":9}},"27":{"start":{"line":94,"column":0},"end":{"line":94,"column":36}}},"fnMap":{"0":{"name":"(anonymous_0)","decl":{"start":{"line":4,"column":2},"end":{"line":4,"column":3}},"loc":{"start":{"line":4,"column":49},"end":{"line":22,"column":3}},"line":4},"1":{"name":"(anonymous_1)","decl":{"start":{"line":23,"column":2},"end":{"line":23,"column":3}},"loc":{"start":{"line":23,"column":51},"end":{"line":36,"column":3}},"line":23},"2":{"name":"(anonymous_2)","decl":{"start":{"line":37,"column":2},"end":{"line":37,"column":3}},"loc":{"start":{"line":37,"column":47},"end":{"line":51,"column":3}},"line":37},"3":{"name":"(anonymous_3)","decl":{"start":{"line":52,"column":2},"end":{"line":52,"column":3}},"loc":{"start":{"line":52,"column":47},"end":{"line":74,"column":3}},"line":52},"4":{"name":"(anonymous_4)","decl":{"start":{"line":75,"column":2},"end":{"line":75,"column":3}},"loc":{"start":{"line":75,"column":47},"end":{"line":91,"column":3}},"line":75}},"branchMap":{"0":{"loc":{"start":{"line":8,"column":6},"end":{"line":12,"column":7}},"type":"if","locations":[{"start":{"line":8,"column":6},"end":{"line":12,"column":7}},{"start":{},"end":{}}],"line":8},"1":{"loc":{"start":{"line":27,"column":6},"end":{"line":27,"column":45}},"type":"if","locations":[{"start":{"line":27,"column":6},"end":{"line":27,"column":45}},{"start":{},"end":{}}],"line":27}},"s":{"0":8,"1":1,"2":1,"3":1,"4":1,"5":0,"6":1,"7":1,"8":1,"9":1,"10":1,"11":1,"12":0,"13":1,"14":1,"15":1,"16":1,"17":1,"18":1,"19":1,"20":1,"21":1,"22":1,"23":1,"24":1,"25":1,"26":1,"27":8},"f":{"0":1,"1":1,"2":1,"3":1,"4":1},"b":{"0":[0,1],"1":[0,1]},"_coverageSchema":"1a1c01bbd47fc00a2c39e90264f33305004495a9","hash":"cc757633bdaeadc4357950b0e9ab96b316d1d8ff"}
,"C:\\Users\\Victor\\Documents\\Final Project\\repo-server\\services\\app\\controllers\\chatRoomController.js": {"path":"C:\\Users\\Victor\\Documents\\Final Project\\repo-server\\services\\app\\controllers\\chatRoomController.js","statementMap":{"0":{"start":{"line":1,"column":28},"end":{"line":1,"column":48}},"1":{"start":{"line":5,"column":6},"end":{"line":22,"column":7}},"2":{"start":{"line":6,"column":44},"end":{"line":6,"column":56}},"3":{"start":{"line":8,"column":8},"end":{"line":8,"column":45}},"4":{"start":{"line":10,"column":8},"end":{"line":14,"column":11}},"5":{"start":{"line":16,"column":8},"end":{"line":18,"column":11}},"6":{"start":{"line":20,"column":8},"end":{"line":20,"column":26}},"7":{"start":{"line":26,"column":4},"end":{"line":52,"column":5}},"8":{"start":{"line":27,"column":34},"end":{"line":27,"column":47}},"9":{"start":{"line":29,"column":21},"end":{"line":29,"column":23}},"10":{"start":{"line":31,"column":6},"end":{"line":39,"column":7}},"11":{"start":{"line":32,"column":8},"end":{"line":34,"column":9}},"12":{"start":{"line":33,"column":10},"end":{"line":33,"column":33}},"13":{"start":{"line":36,"column":8},"end":{"line":38,"column":9}},"14":{"start":{"line":37,"column":10},"end":{"line":37,"column":35}},"15":{"start":{"line":41,"column":19},"end":{"line":46,"column":8}},"16":{"start":{"line":48,"column":6},"end":{"line":48,"column":38}},"17":{"start":{"line":50,"column":6},"end":{"line":50,"column":24}},"18":{"start":{"line":56,"column":0},"end":{"line":56,"column":40}}},"fnMap":{"0":{"name":"(anonymous_0)","decl":{"start":{"line":4,"column":2},"end":{"line":4,"column":3}},"loc":{"start":{"line":4,"column":52},"end":{"line":23,"column":3}},"line":4},"1":{"name":"(anonymous_1)","decl":{"start":{"line":25,"column":2},"end":{"line":25,"column":3}},"loc":{"start":{"line":25,"column":52},"end":{"line":53,"column":3}},"line":25}},"branchMap":{"0":{"loc":{"start":{"line":31,"column":6},"end":{"line":39,"column":7}},"type":"if","locations":[{"start":{"line":31,"column":6},"end":{"line":39,"column":7}},{"start":{},"end":{}}],"line":31},"1":{"loc":{"start":{"line":31,"column":10},"end":{"line":31,"column":27}},"type":"binary-expr","locations":[{"start":{"line":31,"column":10},"end":{"line":31,"column":16}},{"start":{"line":31,"column":20},"end":{"line":31,"column":27}}],"line":31},"2":{"loc":{"start":{"line":32,"column":8},"end":{"line":34,"column":9}},"type":"if","locations":[{"start":{"line":32,"column":8},"end":{"line":34,"column":9}},{"start":{},"end":{}}],"line":32},"3":{"loc":{"start":{"line":36,"column":8},"end":{"line":38,"column":9}},"type":"if","locations":[{"start":{"line":36,"column":8},"end":{"line":38,"column":9}},{"start":{},"end":{}}],"line":36}},"s":{"0":8,"1":1,"2":1,"3":1,"4":1,"5":0,"6":1,"7":3,"8":3,"9":3,"10":3,"11":3,"12":1,"13":3,"14":2,"15":3,"16":3,"17":0,"18":8},"f":{"0":1,"1":3},"b":{"0":[3,0],"1":[3,2],"2":[1,2],"3":[2,1]},"_coverageSchema":"1a1c01bbd47fc00a2c39e90264f33305004495a9","hash":"874616dd44cc7b8056a3e66a32c948857aab48ad"}
,"C:\\Users\\Victor\\Documents\\Final Project\\repo-server\\services\\app\\controllers\\index.js": {"path":"C:\\Users\\Victor\\Documents\\Final Project\\repo-server\\services\\app\\controllers\\index.js","statementMap":{"0":{"start":{"line":1,"column":30},"end":{"line":1,"column":60}},"1":{"start":{"line":2,"column":28},"end":{"line":2,"column":56}},"2":{"start":{"line":3,"column":31},"end":{"line":3,"column":62}},"3":{"start":{"line":4,"column":31},"end":{"line":4,"column":62}},"4":{"start":{"line":5,"column":28},"end":{"line":5,"column":56}},"5":{"start":{"line":7,"column":0},"end":{"line":13,"column":2}}},"fnMap":{},"branchMap":{},"s":{"0":8,"1":8,"2":8,"3":8,"4":8,"5":8},"f":{},"b":{},"_coverageSchema":"1a1c01bbd47fc00a2c39e90264f33305004495a9","hash":"fc4ef678244eb5e50c5d3c055c3488d694ee4554"}
,"C:\\Users\\Victor\\Documents\\Final Project\\repo-server\\services\\app\\controllers\\keywordController.js": {"path":"C:\\Users\\Victor\\Documents\\Final Project\\repo-server\\services\\app\\controllers\\keywordController.js","statementMap":{"0":{"start":{"line":1,"column":20},"end":{"line":1,"column":40}},"1":{"start":{"line":5,"column":4},"end":{"line":19,"column":5}},"2":{"start":{"line":6,"column":34},"end":{"line":6,"column":46}},"3":{"start":{"line":7,"column":6},"end":{"line":7,"column":32}},"4":{"start":{"line":8,"column":6},"end":{"line":11,"column":9}},"5":{"start":{"line":12,"column":6},"end":{"line":15,"column":9}},"6":{"start":{"line":17,"column":6},"end":{"line":17,"column":25}},"7":{"start":{"line":18,"column":6},"end":{"line":18,"column":18}},"8":{"start":{"line":22,"column":4},"end":{"line":36,"column":5}},"9":{"start":{"line":23,"column":21},"end":{"line":23,"column":35}},"10":{"start":{"line":24,"column":6},"end":{"line":28,"column":9}},"11":{"start":{"line":29,"column":6},"end":{"line":32,"column":9}},"12":{"start":{"line":34,"column":6},"end":{"line":34,"column":25}},"13":{"start":{"line":35,"column":6},"end":{"line":35,"column":18}},"14":{"start":{"line":40,"column":0},"end":{"line":40,"column":35}}},"fnMap":{"0":{"name":"(anonymous_0)","decl":{"start":{"line":4,"column":2},"end":{"line":4,"column":3}},"loc":{"start":{"line":4,"column":47},"end":{"line":20,"column":3}},"line":4},"1":{"name":"(anonymous_1)","decl":{"start":{"line":21,"column":2},"end":{"line":21,"column":3}},"loc":{"start":{"line":21,"column":47},"end":{"line":37,"column":3}},"line":21}},"branchMap":{},"s":{"0":8,"1":1,"2":1,"3":1,"4":1,"5":1,"6":0,"7":0,"8":1,"9":1,"10":1,"11":1,"12":0,"13":0,"14":8},"f":{"0":1,"1":1},"b":{},"_coverageSchema":"1a1c01bbd47fc00a2c39e90264f33305004495a9","hash":"ac9fd2634aedbda16e3da1b42f8de1a0d6a10237"}
,"C:\\Users\\Victor\\Documents\\Final Project\\repo-server\\services\\app\\controllers\\orderController.js": {"path":"C:\\Users\\Victor\\Documents\\Final Project\\repo-server\\services\\app\\controllers\\orderController.js","statementMap":{"0":{"start":{"line":1,"column":38},"end":{"line":1,"column":58}},"1":{"start":{"line":5,"column":4},"end":{"line":20,"column":5}},"2":{"start":{"line":6,"column":30},"end":{"line":6,"column":44}},"3":{"start":{"line":8,"column":19},"end":{"line":15,"column":8}},"4":{"start":{"line":17,"column":6},"end":{"line":17,"column":38}},"5":{"start":{"line":24,"column":4},"end":{"line":39,"column":5}},"6":{"start":{"line":25,"column":30},"end":{"line":25,"column":44}},"7":{"start":{"line":27,"column":19},"end":{"line":34,"column":8}},"8":{"start":{"line":36,"column":6},"end":{"line":36,"column":38}},"9":{"start":{"line":43,"column":4},"end":{"line":47,"column":5}},"10":{"start":{"line":44,"column":17},"end":{"line":44,"column":29}},"11":{"start":{"line":53,"column":0},"end":{"line":53,"column":37}}},"fnMap":{"0":{"name":"(anonymous_0)","decl":{"start":{"line":4,"column":2},"end":{"line":4,"column":3}},"loc":{"start":{"line":4,"column":55},"end":{"line":21,"column":3}},"line":4},"1":{"name":"(anonymous_1)","decl":{"start":{"line":23,"column":2},"end":{"line":23,"column":3}},"loc":{"start":{"line":23,"column":56},"end":{"line":40,"column":3}},"line":23},"2":{"name":"(anonymous_2)","decl":{"start":{"line":42,"column":2},"end":{"line":42,"column":3}},"loc":{"start":{"line":42,"column":50},"end":{"line":48,"column":3}},"line":42}},"branchMap":{},"s":{"0":8,"1":1,"2":1,"3":1,"4":1,"5":1,"6":1,"7":1,"8":1,"9":0,"10":0,"11":8},"f":{"0":1,"1":1,"2":0},"b":{},"_coverageSchema":"1a1c01bbd47fc00a2c39e90264f33305004495a9","hash":"352ee8884b9155a1dc774aafa50d5ba2d0e473f0"}
,"C:\\Users\\Victor\\Documents\\Final Project\\repo-server\\services\\app\\controllers\\productController.js": {"path":"C:\\Users\\Victor\\Documents\\Final Project\\repo-server\\services\\app\\controllers\\productController.js","statementMap":{"0":{"start":{"line":8,"column":4},"end":{"line":8,"column":24}},"1":{"start":{"line":9,"column":15},"end":{"line":9,"column":35}},"2":{"start":{"line":11,"column":20},"end":{"line":11,"column":40}},"3":{"start":{"line":15,"column":4},"end":{"line":43,"column":5}},"4":{"start":{"line":16,"column":40},"end":{"line":16,"column":53}},"5":{"start":{"line":18,"column":21},"end":{"line":18,"column":23}},"6":{"start":{"line":20,"column":6},"end":{"line":22,"column":7}},"7":{"start":{"line":21,"column":8},"end":{"line":21,"column":37}},"8":{"start":{"line":24,"column":6},"end":{"line":28,"column":7}},"9":{"start":{"line":25,"column":8},"end":{"line":27,"column":10}},"10":{"start":{"line":30,"column":19},"end":{"line":38,"column":8}},"11":{"start":{"line":39,"column":6},"end":{"line":39,"column":38}},"12":{"start":{"line":41,"column":6},"end":{"line":41,"column":25}},"13":{"start":{"line":47,"column":4},"end":{"line":89,"column":5}},"14":{"start":{"line":48,"column":21},"end":{"line":48,"column":35}},"15":{"start":{"line":50,"column":19},"end":{"line":80,"column":8}},"16":{"start":{"line":82,"column":6},"end":{"line":83,"column":7}},"17":{"start":{"line":85,"column":6},"end":{"line":85,"column":38}},"18":{"start":{"line":87,"column":6},"end":{"line":87,"column":25}},"19":{"start":{"line":93,"column":4},"end":{"line":110,"column":5}},"20":{"start":{"line":94,"column":24},"end":{"line":94,"column":38}},"21":{"start":{"line":96,"column":19},"end":{"line":101,"column":8}},"22":{"start":{"line":103,"column":6},"end":{"line":104,"column":7}},"23":{"start":{"line":106,"column":6},"end":{"line":106,"column":38}},"24":{"start":{"line":164,"column":4},"end":{"line":177,"column":5}},"25":{"start":{"line":165,"column":30},"end":{"line":165,"column":44}},"26":{"start":{"line":167,"column":19},"end":{"line":171,"column":8}},"27":{"start":{"line":173,"column":6},"end":{"line":173,"column":38}},"28":{"start":{"line":175,"column":6},"end":{"line":175,"column":25}},"29":{"start":{"line":181,"column":4},"end":{"line":200,"column":5}},"30":{"start":{"line":182,"column":21},"end":{"line":182,"column":35}},"31":{"start":{"line":183,"column":19},"end":{"line":183,"column":45}},"32":{"start":{"line":185,"column":6},"end":{"line":186,"column":7}},"33":{"start":{"line":188,"column":6},"end":{"line":192,"column":9}},"34":{"start":{"line":194,"column":6},"end":{"line":196,"column":9}},"35":{"start":{"line":198,"column":6},"end":{"line":198,"column":25}},"36":{"start":{"line":204,"column":4},"end":{"line":236,"column":5}},"37":{"start":{"line":205,"column":21},"end":{"line":205,"column":35}},"38":{"start":{"line":207,"column":8},"end":{"line":207,"column":20}},"39":{"start":{"line":209,"column":19},"end":{"line":209,"column":45}},"40":{"start":{"line":211,"column":6},"end":{"line":212,"column":7}},"41":{"start":{"line":214,"column":6},"end":{"line":228,"column":8}},"42":{"start":{"line":230,"column":6},"end":{"line":232,"column":9}},"43":{"start":{"line":234,"column":6},"end":{"line":234,"column":25}},"44":{"start":{"line":241,"column":0},"end":{"line":241,"column":39}}},"fnMap":{"0":{"name":"(anonymous_0)","decl":{"start":{"line":14,"column":2},"end":{"line":14,"column":3}},"loc":{"start":{"line":14,"column":49},"end":{"line":44,"column":3}},"line":14},"1":{"name":"(anonymous_1)","decl":{"start":{"line":46,"column":2},"end":{"line":46,"column":3}},"loc":{"start":{"line":46,"column":59},"end":{"line":90,"column":3}},"line":46},"2":{"name":"(anonymous_2)","decl":{"start":{"line":92,"column":2},"end":{"line":92,"column":3}},"loc":{"start":{"line":92,"column":63},"end":{"line":111,"column":3}},"line":92},"3":{"name":"(anonymous_3)","decl":{"start":{"line":163,"column":2},"end":{"line":163,"column":3}},"loc":{"start":{"line":163,"column":58},"end":{"line":178,"column":3}},"line":163},"4":{"name":"(anonymous_4)","decl":{"start":{"line":180,"column":2},"end":{"line":180,"column":3}},"loc":{"start":{"line":180,"column":54},"end":{"line":201,"column":3}},"line":180},"5":{"name":"(anonymous_5)","decl":{"start":{"line":203,"column":2},"end":{"line":203,"column":3}},"loc":{"start":{"line":203,"column":52},"end":{"line":237,"column":3}},"line":203}},"branchMap":{"0":{"loc":{"start":{"line":20,"column":6},"end":{"line":22,"column":7}},"type":"if","locations":[{"start":{"line":20,"column":6},"end":{"line":22,"column":7}},{"start":{},"end":{}}],"line":20},"1":{"loc":{"start":{"line":24,"column":6},"end":{"line":28,"column":7}},"type":"if","locations":[{"start":{"line":24,"column":6},"end":{"line":28,"column":7}},{"start":{},"end":{}}],"line":24},"2":{"loc":{"start":{"line":82,"column":6},"end":{"line":83,"column":7}},"type":"if","locations":[{"start":{"line":82,"column":6},"end":{"line":83,"column":7}},{"start":{},"end":{}}],"line":82},"3":{"loc":{"start":{"line":103,"column":6},"end":{"line":104,"column":7}},"type":"if","locations":[{"start":{"line":103,"column":6},"end":{"line":104,"column":7}},{"start":{},"end":{}}],"line":103},"4":{"loc":{"start":{"line":185,"column":6},"end":{"line":186,"column":7}},"type":"if","locations":[{"start":{"line":185,"column":6},"end":{"line":186,"column":7}},{"start":{},"end":{}}],"line":185},"5":{"loc":{"start":{"line":211,"column":6},"end":{"line":212,"column":7}},"type":"if","locations":[{"start":{"line":211,"column":6},"end":{"line":212,"column":7}},{"start":{},"end":{}}],"line":211}},"s":{"0":8,"1":8,"2":8,"3":4,"4":4,"5":4,"6":4,"7":1,"8":4,"9":1,"10":4,"11":4,"12":0,"13":1,"14":1,"15":1,"16":1,"17":1,"18":0,"19":2,"20":2,"21":2,"22":2,"23":2,"24":0,"25":0,"26":0,"27":0,"28":0,"29":1,"30":1,"31":1,"32":1,"33":1,"34":1,"35":0,"36":1,"37":1,"38":1,"39":1,"40":1,"41":1,"42":1,"43":0,"44":8},"f":{"0":4,"1":1,"2":2,"3":0,"4":1,"5":1},"b":{"0":[1,3],"1":[1,3],"2":[1,0],"3":[2,0],"4":[1,0],"5":[1,0]},"_coverageSchema":"1a1c01bbd47fc00a2c39e90264f33305004495a9","hash":"afb652cf74f22d2e056cc28883cabd9f4504120c"}
,"C:\\Users\\Victor\\Documents\\Final Project\\repo-server\\services\\app\\controllers\\storeController.js": {"path":"C:\\Users\\Victor\\Documents\\Final Project\\repo-server\\services\\app\\controllers\\storeController.js","statementMap":{"0":{"start":{"line":1,"column":27},"end":{"line":1,"column":47}},"1":{"start":{"line":5,"column":4},"end":{"line":20,"column":5}},"2":{"start":{"line":6,"column":21},"end":{"line":6,"column":35}},"3":{"start":{"line":8,"column":19},"end":{"line":12,"column":8}},"4":{"start":{"line":14,"column":6},"end":{"line":15,"column":7}},"5":{"start":{"line":17,"column":6},"end":{"line":17,"column":38}},"6":{"start":{"line":19,"column":6},"end":{"line":19,"column":18}},"7":{"start":{"line":23,"column":4},"end":{"line":35,"column":5}},"8":{"start":{"line":24,"column":25},"end":{"line":24,"column":39}},"9":{"start":{"line":26,"column":19},"end":{"line":30,"column":8}},"10":{"start":{"line":32,"column":6},"end":{"line":32,"column":38}},"11":{"start":{"line":34,"column":6},"end":{"line":34,"column":18}},"12":{"start":{"line":38,"column":4},"end":{"line":66,"column":5}},"13":{"start":{"line":39,"column":21},"end":{"line":39,"column":35}},"14":{"start":{"line":41,"column":45},"end":{"line":41,"column":57}},"15":{"start":{"line":43,"column":19},"end":{"line":43,"column":43}},"16":{"start":{"line":45,"column":6},"end":{"line":46,"column":7}},"17":{"start":{"line":48,"column":6},"end":{"line":59,"column":8}},"18":{"start":{"line":61,"column":6},"end":{"line":63,"column":9}},"19":{"start":{"line":65,"column":6},"end":{"line":65,"column":18}},"20":{"start":{"line":101,"column":4},"end":{"line":115,"column":5}},"21":{"start":{"line":102,"column":53},"end":{"line":102,"column":65}},"22":{"start":{"line":104,"column":6},"end":{"line":108,"column":9}},"23":{"start":{"line":110,"column":6},"end":{"line":112,"column":9}},"24":{"start":{"line":114,"column":6},"end":{"line":114,"column":18}},"25":{"start":{"line":119,"column":0},"end":{"line":119,"column":37}}},"fnMap":{"0":{"name":"(anonymous_0)","decl":{"start":{"line":4,"column":2},"end":{"line":4,"column":3}},"loc":{"start":{"line":4,"column":57},"end":{"line":21,"column":3}},"line":4},"1":{"name":"(anonymous_1)","decl":{"start":{"line":22,"column":2},"end":{"line":22,"column":3}},"loc":{"start":{"line":22,"column":59},"end":{"line":36,"column":3}},"line":22},"2":{"name":"(anonymous_2)","decl":{"start":{"line":37,"column":2},"end":{"line":37,"column":3}},"loc":{"start":{"line":37,"column":50},"end":{"line":67,"column":3}},"line":37},"3":{"name":"(anonymous_3)","decl":{"start":{"line":100,"column":2},"end":{"line":100,"column":3}},"loc":{"start":{"line":100,"column":52},"end":{"line":116,"column":3}},"line":100}},"branchMap":{"0":{"loc":{"start":{"line":14,"column":6},"end":{"line":15,"column":7}},"type":"if","locations":[{"start":{"line":14,"column":6},"end":{"line":15,"column":7}},{"start":{},"end":{}}],"line":14},"1":{"loc":{"start":{"line":45,"column":6},"end":{"line":46,"column":7}},"type":"if","locations":[{"start":{"line":45,"column":6},"end":{"line":46,"column":7}},{"start":{},"end":{}}],"line":45}},"s":{"0":8,"1":2,"2":2,"3":2,"4":2,"5":2,"6":0,"7":1,"8":1,"9":1,"10":1,"11":0,"12":1,"13":1,"14":1,"15":1,"16":1,"17":1,"18":1,"19":0,"20":1,"21":1,"22":1,"23":1,"24":0,"25":8},"f":{"0":2,"1":1,"2":1,"3":1},"b":{"0":[1,1],"1":[0,1]},"_coverageSchema":"1a1c01bbd47fc00a2c39e90264f33305004495a9","hash":"572b9ba11b2bbca32191e5f75d6c4b508ce77566"}
,"C:\\Users\\Victor\\Documents\\Final Project\\repo-server\\services\\app\\controllers\\wishlistController.js": {"path":"C:\\Users\\Victor\\Documents\\Final Project\\repo-server\\services\\app\\controllers\\wishlistController.js","statementMap":{"0":{"start":{"line":1,"column":37},"end":{"line":1,"column":57}},"1":{"start":{"line":6,"column":4},"end":{"line":30,"column":5}},"2":{"start":{"line":7,"column":25},"end":{"line":7,"column":39}},"3":{"start":{"line":9,"column":19},"end":{"line":25,"column":8}},"4":{"start":{"line":27,"column":6},"end":{"line":27,"column":38}},"5":{"start":{"line":29,"column":6},"end":{"line":29,"column":18}},"6":{"start":{"line":36,"column":4},"end":{"line":49,"column":5}},"7":{"start":{"line":37,"column":36},"end":{"line":37,"column":48}},"8":{"start":{"line":39,"column":6},"end":{"line":42,"column":9}},"9":{"start":{"line":44,"column":6},"end":{"line":46,"column":9}},"10":{"start":{"line":48,"column":6},"end":{"line":48,"column":18}},"11":{"start":{"line":53,"column":4},"end":{"line":73,"column":5}},"12":{"start":{"line":54,"column":21},"end":{"line":54,"column":35}},"13":{"start":{"line":56,"column":19},"end":{"line":56,"column":46}},"14":{"start":{"line":58,"column":6},"end":{"line":60,"column":7}},"15":{"start":{"line":59,"column":8},"end":{"line":59,"column":35}},"16":{"start":{"line":62,"column":6},"end":{"line":66,"column":9}},"17":{"start":{"line":68,"column":6},"end":{"line":70,"column":9}},"18":{"start":{"line":72,"column":6},"end":{"line":72,"column":18}},"19":{"start":{"line":77,"column":0},"end":{"line":77,"column":40}}},"fnMap":{"0":{"name":"(anonymous_0)","decl":{"start":{"line":5,"column":2},"end":{"line":5,"column":3}},"loc":{"start":{"line":5,"column":49},"end":{"line":31,"column":3}},"line":5},"1":{"name":"(anonymous_1)","decl":{"start":{"line":35,"column":2},"end":{"line":35,"column":3}},"loc":{"start":{"line":35,"column":55},"end":{"line":50,"column":3}},"line":35},"2":{"name":"(anonymous_2)","decl":{"start":{"line":52,"column":2},"end":{"line":52,"column":3}},"loc":{"start":{"line":52,"column":55},"end":{"line":74,"column":3}},"line":52}},"branchMap":{"0":{"loc":{"start":{"line":58,"column":6},"end":{"line":60,"column":7}},"type":"if","locations":[{"start":{"line":58,"column":6},"end":{"line":60,"column":7}},{"start":{},"end":{}}],"line":58}},"s":{"0":8,"1":2,"2":2,"3":2,"4":1,"5":1,"6":1,"7":1,"8":1,"9":0,"10":1,"11":1,"12":1,"13":1,"14":1,"15":1,"16":0,"17":0,"18":1,"19":8},"f":{"0":2,"1":1,"2":1},"b":{"0":[1,0]},"_coverageSchema":"1a1c01bbd47fc00a2c39e90264f33305004495a9","hash":"b07052521e9343bf2fe048e21bd523d22069adf2"}
,"C:\\Users\\Victor\\Documents\\Final Project\\repo-server\\services\\app\\helper\\index.js": {"path":"C:\\Users\\Victor\\Documents\\Final Project\\repo-server\\services\\app\\helper\\index.js","statementMap":{"0":{"start":{"line":1,"column":31},"end":{"line":1,"column":50}},"1":{"start":{"line":3,"column":0},"end":{"line":3,"column":40}}},"fnMap":{},"branchMap":{},"s":{"0":8,"1":8},"f":{},"b":{},"_coverageSchema":"1a1c01bbd47fc00a2c39e90264f33305004495a9","hash":"beb64bc22f54a285663180074448695ee93f10a1"}
,"C:\\Users\\Victor\\Documents\\Final Project\\repo-server\\services\\app\\helper\\upload.js": {"path":"C:\\Users\\Victor\\Documents\\Final Project\\repo-server\\services\\app\\helper\\upload.js","statementMap":{},"fnMap":{},"branchMap":{},"s":{},"f":{},"b":{},"_coverageSchema":"1a1c01bbd47fc00a2c39e90264f33305004495a9","hash":"6e1ec11e193ecf60dc64d02ce536783fbe897037"}
,"C:\\Users\\Victor\\Documents\\Final Project\\repo-server\\services\\app\\middleware\\errorHandler.js": {"path":"C:\\Users\\Victor\\Documents\\Final Project\\repo-server\\services\\app\\middleware\\errorHandler.js","statementMap":{"0":{"start":{"line":2,"column":16},"end":{"line":2,"column":26}},"1":{"start":{"line":3,"column":19},"end":{"line":3,"column":22}},"2":{"start":{"line":5,"column":2},"end":{"line":5,"column":46}},"3":{"start":{"line":6,"column":2},"end":{"line":6,"column":41}},"4":{"start":{"line":8,"column":2},"end":{"line":11,"column":3}},"5":{"start":{"line":10,"column":6},"end":{"line":10,"column":11}},"6":{"start":{"line":13,"column":2},"end":{"line":15,"column":5}},"7":{"start":{"line":18,"column":0},"end":{"line":18,"column":32}}},"fnMap":{"0":{"name":"errorHandler","decl":{"start":{"line":1,"column":9},"end":{"line":1,"column":21}},"loc":{"start":{"line":1,"column":54},"end":{"line":16,"column":1}},"line":1}},"branchMap":{"0":{"loc":{"start":{"line":8,"column":2},"end":{"line":11,"column":3}},"type":"switch","locations":[{"start":{"line":9,"column":4},"end":{"line":10,"column":11}}],"line":8}},"s":{"0":3,"1":3,"2":3,"3":3,"4":3,"5":0,"6":3,"7":8},"f":{"0":3},"b":{"0":[0]},"_coverageSchema":"1a1c01bbd47fc00a2c39e90264f33305004495a9","hash":"efaaa4dee5d18737ca25cde404a8b2e7b5456135"}
,"C:\\Users\\Victor\\Documents\\Final Project\\repo-server\\services\\app\\middleware\\index.js": {"path":"C:\\Users\\Victor\\Documents\\Final Project\\repo-server\\services\\app\\middleware\\index.js","statementMap":{"0":{"start":{"line":1,"column":25},"end":{"line":1,"column":50}},"1":{"start":{"line":2,"column":19},"end":{"line":2,"column":38}},"2":{"start":{"line":4,"column":0},"end":{"line":4,"column":42}}},"fnMap":{},"branchMap":{},"s":{"0":8,"1":8,"2":8},"f":{},"b":{},"_coverageSchema":"1a1c01bbd47fc00a2c39e90264f33305004495a9","hash":"9fc360ca0cf26e8f80d2f9117a0ae476fc2b4d4a"}
,"C:\\Users\\Victor\\Documents\\Final Project\\repo-server\\services\\app\\middleware\\multer.js": {"path":"C:\\Users\\Victor\\Documents\\Final Project\\repo-server\\services\\app\\middleware\\multer.js","statementMap":{"0":{"start":{"line":1,"column":15},"end":{"line":1,"column":32}},"1":{"start":{"line":3,"column":16},"end":{"line":7,"column":2}},"2":{"start":{"line":5,"column":4},"end":{"line":5,"column":32}},"3":{"start":{"line":9,"column":15},"end":{"line":9,"column":43}},"4":{"start":{"line":11,"column":0},"end":{"line":11,"column":26}}},"fnMap":{"0":{"name":"(anonymous_0)","decl":{"start":{"line":4,"column":12},"end":{"line":4,"column":13}},"loc":{"start":{"line":4,"column":37},"end":{"line":6,"column":3}},"line":4}},"branchMap":{},"s":{"0":8,"1":8,"2":0,"3":8,"4":8},"f":{"0":0},"b":{},"_coverageSchema":"1a1c01bbd47fc00a2c39e90264f33305004495a9","hash":"99af92331fe807559ceb2ad8d208986fde970f08"}
,"C:\\Users\\Victor\\Documents\\Final Project\\repo-server\\services\\app\\models\\cart.js": {"path":"C:\\Users\\Victor\\Documents\\Final Project\\repo-server\\services\\app\\models\\cart.js","statementMap":{"0":{"start":{"line":2,"column":18},"end":{"line":2,"column":38}},"1":{"start":{"line":3,"column":0},"end":{"line":27,"column":2}},"2":{"start":{"line":12,"column":6},"end":{"line":12,"column":66}},"3":{"start":{"line":15,"column":2},"end":{"line":25,"column":4}},"4":{"start":{"line":26,"column":2},"end":{"line":26,"column":14}}},"fnMap":{"0":{"name":"(anonymous_0)","decl":{"start":{"line":3,"column":17},"end":{"line":3,"column":18}},"loc":{"start":{"line":3,"column":43},"end":{"line":27,"column":1}},"line":3},"1":{"name":"(anonymous_1)","decl":{"start":{"line":10,"column":4},"end":{"line":10,"column":5}},"loc":{"start":{"line":10,"column":29},"end":{"line":13,"column":5}},"line":10}},"branchMap":{},"s":{"0":8,"1":8,"2":8,"3":8,"4":8},"f":{"0":8,"1":8},"b":{},"_coverageSchema":"1a1c01bbd47fc00a2c39e90264f33305004495a9","hash":"3337515d00a2e118d3fbcdd67fdefaa8909da5da"}
,"C:\\Users\\Victor\\Documents\\Final Project\\repo-server\\services\\app\\models\\category.js": {"path":"C:\\Users\\Victor\\Documents\\Final Project\\repo-server\\services\\app\\models\\category.js","statementMap":{"0":{"start":{"line":2,"column":18},"end":{"line":2,"column":38}},"1":{"start":{"line":3,"column":0},"end":{"line":25,"column":2}},"2":{"start":{"line":12,"column":6},"end":{"line":12,"column":69}},"3":{"start":{"line":15,"column":2},"end":{"line":23,"column":4}},"4":{"start":{"line":24,"column":2},"end":{"line":24,"column":18}}},"fnMap":{"0":{"name":"(anonymous_0)","decl":{"start":{"line":3,"column":17},"end":{"line":3,"column":18}},"loc":{"start":{"line":3,"column":43},"end":{"line":25,"column":1}},"line":3},"1":{"name":"(anonymous_1)","decl":{"start":{"line":10,"column":4},"end":{"line":10,"column":5}},"loc":{"start":{"line":10,"column":29},"end":{"line":13,"column":5}},"line":10}},"branchMap":{},"s":{"0":8,"1":8,"2":8,"3":8,"4":8},"f":{"0":8,"1":8},"b":{},"_coverageSchema":"1a1c01bbd47fc00a2c39e90264f33305004495a9","hash":"629fdd75927f187fc76543fc30e959b3c2637f32"}
,"C:\\Users\\Victor\\Documents\\Final Project\\repo-server\\services\\app\\models\\chatroom.js": {"path":"C:\\Users\\Victor\\Documents\\Final Project\\repo-server\\services\\app\\models\\chatroom.js","statementMap":{"0":{"start":{"line":2,"column":18},"end":{"line":2,"column":38}},"1":{"start":{"line":3,"column":0},"end":{"line":28,"column":2}},"2":{"start":{"line":13,"column":6},"end":{"line":13,"column":66}},"3":{"start":{"line":16,"column":2},"end":{"line":26,"column":4}},"4":{"start":{"line":27,"column":2},"end":{"line":27,"column":18}}},"fnMap":{"0":{"name":"(anonymous_0)","decl":{"start":{"line":3,"column":17},"end":{"line":3,"column":18}},"loc":{"start":{"line":3,"column":43},"end":{"line":28,"column":1}},"line":3},"1":{"name":"(anonymous_1)","decl":{"start":{"line":10,"column":4},"end":{"line":10,"column":5}},"loc":{"start":{"line":10,"column":29},"end":{"line":14,"column":5}},"line":10}},"branchMap":{},"s":{"0":8,"1":8,"2":8,"3":8,"4":8},"f":{"0":8,"1":8},"b":{},"_coverageSchema":"1a1c01bbd47fc00a2c39e90264f33305004495a9","hash":"0f53a64bed018a0b96c90e41d045b5ec61a7f310"}
,"C:\\Users\\Victor\\Documents\\Final Project\\repo-server\\services\\app\\models\\image.js": {"path":"C:\\Users\\Victor\\Documents\\Final Project\\repo-server\\services\\app\\models\\image.js","statementMap":{"0":{"start":{"line":2,"column":18},"end":{"line":2,"column":38}},"1":{"start":{"line":3,"column":17},"end":{"line":3,"column":38}},"2":{"start":{"line":4,"column":0},"end":{"line":27,"column":2}},"3":{"start":{"line":13,"column":6},"end":{"line":13,"column":67}},"4":{"start":{"line":16,"column":2},"end":{"line":25,"column":4}},"5":{"start":{"line":26,"column":2},"end":{"line":26,"column":15}}},"fnMap":{"0":{"name":"(anonymous_0)","decl":{"start":{"line":4,"column":17},"end":{"line":4,"column":18}},"loc":{"start":{"line":4,"column":43},"end":{"line":27,"column":1}},"line":4},"1":{"name":"(anonymous_1)","decl":{"start":{"line":11,"column":4},"end":{"line":11,"column":5}},"loc":{"start":{"line":11,"column":29},"end":{"line":14,"column":5}},"line":11}},"branchMap":{},"s":{"0":8,"1":8,"2":8,"3":8,"4":8,"5":8},"f":{"0":8,"1":8},"b":{},"_coverageSchema":"1a1c01bbd47fc00a2c39e90264f33305004495a9","hash":"41d725f6a54fb952f29fc19f8ccd7b0e98004fde"}
,"C:\\Users\\Victor\\Documents\\Final Project\\repo-server\\services\\app\\models\\index.js": {"path":"C:\\Users\\Victor\\Documents\\Final Project\\repo-server\\services\\app\\models\\index.js","statementMap":{"0":{"start":{"line":3,"column":11},"end":{"line":3,"column":24}},"1":{"start":{"line":4,"column":13},"end":{"line":4,"column":28}},"2":{"start":{"line":5,"column":18},"end":{"line":5,"column":38}},"3":{"start":{"line":6,"column":16},"end":{"line":6,"column":34}},"4":{"start":{"line":7,"column":17},"end":{"line":7,"column":42}},"5":{"start":{"line":8,"column":12},"end":{"line":8,"column":49}},"6":{"start":{"line":9,"column":15},"end":{"line":9,"column":65}},"7":{"start":{"line":10,"column":11},"end":{"line":10,"column":13}},"8":{"start":{"line":13,"column":0},"end":{"line":17,"column":1}},"9":{"start":{"line":14,"column":2},"end":{"line":14,"column":74}},"10":{"start":{"line":16,"column":2},"end":{"line":16,"column":87}},"11":{"start":{"line":19,"column":0},"end":{"line":32,"column":5}},"12":{"start":{"line":22,"column":4},"end":{"line":27,"column":6}},"13":{"start":{"line":30,"column":18},"end":{"line":30,"column":85}},"14":{"start":{"line":31,"column":4},"end":{"line":31,"column":27}},"15":{"start":{"line":34,"column":0},"end":{"line":38,"column":3}},"16":{"start":{"line":35,"column":2},"end":{"line":37,"column":3}},"17":{"start":{"line":36,"column":4},"end":{"line":36,"column":32}},"18":{"start":{"line":40,"column":0},"end":{"line":40,"column":25}},"19":{"start":{"line":41,"column":0},"end":{"line":41,"column":25}},"20":{"start":{"line":43,"column":0},"end":{"line":43,"column":20}}},"fnMap":{"0":{"name":"(anonymous_0)","decl":{"start":{"line":21,"column":10},"end":{"line":21,"column":11}},"loc":{"start":{"line":21,"column":18},"end":{"line":28,"column":3}},"line":21},"1":{"name":"(anonymous_1)","decl":{"start":{"line":29,"column":11},"end":{"line":29,"column":12}},"loc":{"start":{"line":29,"column":19},"end":{"line":32,"column":3}},"line":29},"2":{"name":"(anonymous_2)","decl":{"start":{"line":34,"column":24},"end":{"line":34,"column":25}},"loc":{"start":{"line":34,"column":37},"end":{"line":38,"column":1}},"line":34}},"branchMap":{"0":{"loc":{"start":{"line":8,"column":12},"end":{"line":8,"column":49}},"type":"binary-expr","locations":[{"start":{"line":8,"column":12},"end":{"line":8,"column":32}},{"start":{"line":8,"column":36},"end":{"line":8,"column":49}}],"line":8},"1":{"loc":{"start":{"line":13,"column":0},"end":{"line":17,"column":1}},"type":"if","locations":[{"start":{"line":13,"column":0},"end":{"line":17,"column":1}},{"start":{"line":15,"column":7},"end":{"line":17,"column":1}}],"line":13},"2":{"loc":{"start":{"line":23,"column":6},"end":{"line":26,"column":37}},"type":"binary-expr","locations":[{"start":{"line":23,"column":6},"end":{"line":23,"column":29}},{"start":{"line":24,"column":6},"end":{"line":24,"column":23}},{"start":{"line":25,"column":6},"end":{"line":25,"column":30}},{"start":{"line":26,"column":6},"end":{"line":26,"column":37}}],"line":23},"3":{"loc":{"start":{"line":35,"column":2},"end":{"line":37,"column":3}},"type":"if","locations":[{"start":{"line":35,"column":2},"end":{"line":37,"column":3}},{"start":{},"end":{}}],"line":35}},"s":{"0":8,"1":8,"2":8,"3":8,"4":8,"5":8,"6":8,"7":8,"8":8,"9":0,"10":8,"11":8,"12":88,"13":80,"14":80,"15":8,"16":80,"17":80,"18":8,"19":8,"20":8},"f":{"0":88,"1":80,"2":80},"b":{"0":[8,0],"1":[0,8],"2":[88,88,80,80],"3":[80,0]},"_coverageSchema":"1a1c01bbd47fc00a2c39e90264f33305004495a9","hash":"d4c2b0bd6d8cf6420090bc0b9aa4c7d6dadf6def"}
,"C:\\Users\\Victor\\Documents\\Final Project\\repo-server\\services\\app\\models\\keyword.js": {"path":"C:\\Users\\Victor\\Documents\\Final Project\\repo-server\\services\\app\\models\\keyword.js","statementMap":{"0":{"start":{"line":2,"column":18},"end":{"line":2,"column":38}},"1":{"start":{"line":3,"column":0},"end":{"line":26,"column":2}},"2":{"start":{"line":12,"column":6},"end":{"line":12,"column":69}},"3":{"start":{"line":15,"column":2},"end":{"line":24,"column":4}},"4":{"start":{"line":25,"column":2},"end":{"line":25,"column":17}}},"fnMap":{"0":{"name":"(anonymous_0)","decl":{"start":{"line":3,"column":17},"end":{"line":3,"column":18}},"loc":{"start":{"line":3,"column":43},"end":{"line":26,"column":1}},"line":3},"1":{"name":"(anonymous_1)","decl":{"start":{"line":10,"column":4},"end":{"line":10,"column":5}},"loc":{"start":{"line":10,"column":29},"end":{"line":13,"column":5}},"line":10}},"branchMap":{},"s":{"0":8,"1":8,"2":8,"3":8,"4":8},"f":{"0":8,"1":8},"b":{},"_coverageSchema":"1a1c01bbd47fc00a2c39e90264f33305004495a9","hash":"9460cf34171ace4d3d5d66d1c96a37052afae558"}
,"C:\\Users\\Victor\\Documents\\Final Project\\repo-server\\services\\app\\models\\order.js": {"path":"C:\\Users\\Victor\\Documents\\Final Project\\repo-server\\services\\app\\models\\order.js","statementMap":{"0":{"start":{"line":2,"column":18},"end":{"line":2,"column":38}},"1":{"start":{"line":3,"column":0},"end":{"line":27,"column":2}},"2":{"start":{"line":13,"column":6},"end":{"line":13,"column":67}},"3":{"start":{"line":16,"column":2},"end":{"line":25,"column":4}},"4":{"start":{"line":26,"column":2},"end":{"line":26,"column":15}}},"fnMap":{"0":{"name":"(anonymous_0)","decl":{"start":{"line":3,"column":17},"end":{"line":3,"column":18}},"loc":{"start":{"line":3,"column":43},"end":{"line":27,"column":1}},"line":3},"1":{"name":"(anonymous_1)","decl":{"start":{"line":10,"column":4},"end":{"line":10,"column":5}},"loc":{"start":{"line":10,"column":29},"end":{"line":14,"column":5}},"line":10}},"branchMap":{},"s":{"0":8,"1":8,"2":8,"3":8,"4":8},"f":{"0":8,"1":8},"b":{},"_coverageSchema":"1a1c01bbd47fc00a2c39e90264f33305004495a9","hash":"d1b015a0d69fc07156b1d5a4072b23a55c31fc13"}
,"C:\\Users\\Victor\\Documents\\Final Project\\repo-server\\services\\app\\models\\orderdetail.js": {"path":"C:\\Users\\Victor\\Documents\\Final Project\\repo-server\\services\\app\\models\\orderdetail.js","statementMap":{"0":{"start":{"line":2,"column":18},"end":{"line":2,"column":38}},"1":{"start":{"line":3,"column":0},"end":{"line":30,"column":2}},"2":{"start":{"line":12,"column":6},"end":{"line":12,"column":69}},"3":{"start":{"line":13,"column":6},"end":{"line":13,"column":69}},"4":{"start":{"line":16,"column":2},"end":{"line":28,"column":4}},"5":{"start":{"line":29,"column":2},"end":{"line":29,"column":21}}},"fnMap":{"0":{"name":"(anonymous_0)","decl":{"start":{"line":3,"column":17},"end":{"line":3,"column":18}},"loc":{"start":{"line":3,"column":43},"end":{"line":30,"column":1}},"line":3},"1":{"name":"(anonymous_1)","decl":{"start":{"line":10,"column":4},"end":{"line":10,"column":5}},"loc":{"start":{"line":10,"column":29},"end":{"line":14,"column":5}},"line":10}},"branchMap":{},"s":{"0":8,"1":8,"2":8,"3":8,"4":8,"5":8},"f":{"0":8,"1":8},"b":{},"_coverageSchema":"1a1c01bbd47fc00a2c39e90264f33305004495a9","hash":"ef9bf96d158adb82a8610a050be7b1679417aee6"}
,"C:\\Users\\Victor\\Documents\\Final Project\\repo-server\\services\\app\\models\\product.js": {"path":"C:\\Users\\Victor\\Documents\\Final Project\\repo-server\\services\\app\\models\\product.js","statementMap":{"0":{"start":{"line":2,"column":18},"end":{"line":2,"column":38}},"1":{"start":{"line":3,"column":0},"end":{"line":35,"column":2}},"2":{"start":{"line":12,"column":6},"end":{"line":12,"column":65}},"3":{"start":{"line":13,"column":6},"end":{"line":13,"column":71}},"4":{"start":{"line":14,"column":6},"end":{"line":14,"column":67}},"5":{"start":{"line":15,"column":6},"end":{"line":15,"column":65}},"6":{"start":{"line":16,"column":6},"end":{"line":16,"column":64}},"7":{"start":{"line":17,"column":6},"end":{"line":17,"column":68}},"8":{"start":{"line":20,"column":2},"end":{"line":33,"column":4}},"9":{"start":{"line":34,"column":2},"end":{"line":34,"column":17}}},"fnMap":{"0":{"name":"(anonymous_0)","decl":{"start":{"line":3,"column":17},"end":{"line":3,"column":18}},"loc":{"start":{"line":3,"column":43},"end":{"line":35,"column":1}},"line":3},"1":{"name":"(anonymous_1)","decl":{"start":{"line":10,"column":4},"end":{"line":10,"column":5}},"loc":{"start":{"line":10,"column":29},"end":{"line":18,"column":5}},"line":10}},"branchMap":{},"s":{"0":8,"1":8,"2":8,"3":8,"4":8,"5":8,"6":8,"7":8,"8":8,"9":8},"f":{"0":8,"1":8},"b":{},"_coverageSchema":"1a1c01bbd47fc00a2c39e90264f33305004495a9","hash":"b146627c7d0dc358a95834a7351441c4ed3e6fb8"}
,"C:\\Users\\Victor\\Documents\\Final Project\\repo-server\\services\\app\\models\\store.js": {"path":"C:\\Users\\Victor\\Documents\\Final Project\\repo-server\\services\\app\\models\\store.js","statementMap":{"0":{"start":{"line":2,"column":18},"end":{"line":2,"column":38}},"1":{"start":{"line":3,"column":0},"end":{"line":29,"column":2}},"2":{"start":{"line":12,"column":6},"end":{"line":12,"column":63}},"3":{"start":{"line":13,"column":6},"end":{"line":13,"column":64}},"4":{"start":{"line":16,"column":2},"end":{"line":27,"column":4}},"5":{"start":{"line":28,"column":2},"end":{"line":28,"column":15}}},"fnMap":{"0":{"name":"(anonymous_0)","decl":{"start":{"line":3,"column":17},"end":{"line":3,"column":18}},"loc":{"start":{"line":3,"column":43},"end":{"line":29,"column":1}},"line":3},"1":{"name":"(anonymous_1)","decl":{"start":{"line":10,"column":4},"end":{"line":10,"column":5}},"loc":{"start":{"line":10,"column":29},"end":{"line":14,"column":5}},"line":10}},"branchMap":{},"s":{"0":8,"1":8,"2":8,"3":8,"4":8,"5":8},"f":{"0":8,"1":8},"b":{},"_coverageSchema":"1a1c01bbd47fc00a2c39e90264f33305004495a9","hash":"81a17130355a7686d5042d026dfb6f65fe5350ce"}
,"C:\\Users\\Victor\\Documents\\Final Project\\repo-server\\services\\app\\models\\wishlist.js": {"path":"C:\\Users\\Victor\\Documents\\Final Project\\repo-server\\services\\app\\models\\wishlist.js","statementMap":{"0":{"start":{"line":2,"column":18},"end":{"line":2,"column":38}},"1":{"start":{"line":3,"column":0},"end":{"line":26,"column":2}},"2":{"start":{"line":12,"column":6},"end":{"line":12,"column":70}},"3":{"start":{"line":15,"column":2},"end":{"line":24,"column":4}},"4":{"start":{"line":25,"column":2},"end":{"line":25,"column":18}}},"fnMap":{"0":{"name":"(anonymous_0)","decl":{"start":{"line":3,"column":17},"end":{"line":3,"column":18}},"loc":{"start":{"line":3,"column":43},"end":{"line":26,"column":1}},"line":3},"1":{"name":"(anonymous_1)","decl":{"start":{"line":10,"column":4},"end":{"line":10,"column":5}},"loc":{"start":{"line":10,"column":29},"end":{"line":13,"column":5}},"line":10}},"branchMap":{},"s":{"0":8,"1":8,"2":8,"3":8,"4":8},"f":{"0":8,"1":8},"b":{},"_coverageSchema":"1a1c01bbd47fc00a2c39e90264f33305004495a9","hash":"e4148d867fc54d9a769edacbbdf9e5a7059496ec"}
,"C:\\Users\\Victor\\Documents\\Final Project\\repo-server\\services\\app\\router\\cartRouter.js": {"path":"C:\\Users\\Victor\\Documents\\Final Project\\repo-server\\services\\app\\router\\cartRouter.js","statementMap":{"0":{"start":{"line":1,"column":16},"end":{"line":1,"column":34}},"1":{"start":{"line":2,"column":15},"end":{"line":2,"column":31}},"2":{"start":{"line":3,"column":13},"end":{"line":3,"column":53}},"3":{"start":{"line":5,"column":0},"end":{"line":5,"column":46}},"4":{"start":{"line":6,"column":0},"end":{"line":6,"column":38}},"5":{"start":{"line":7,"column":0},"end":{"line":7,"column":43}},"6":{"start":{"line":8,"column":0},"end":{"line":8,"column":39}},"7":{"start":{"line":9,"column":0},"end":{"line":9,"column":60}},"8":{"start":{"line":11,"column":0},"end":{"line":11,"column":24}}},"fnMap":{},"branchMap":{},"s":{"0":8,"1":8,"2":8,"3":8,"4":8,"5":8,"6":8,"7":8,"8":8},"f":{},"b":{},"_coverageSchema":"1a1c01bbd47fc00a2c39e90264f33305004495a9","hash":"ebf71cd515bff5c83b701e5bca10940971d5c66f"}
,"C:\\Users\\Victor\\Documents\\Final Project\\repo-server\\services\\app\\router\\categoryRouter.js": {"path":"C:\\Users\\Victor\\Documents\\Final Project\\repo-server\\services\\app\\router\\categoryRouter.js","statementMap":{"0":{"start":{"line":1,"column":16},"end":{"line":1,"column":34}},"1":{"start":{"line":2,"column":15},"end":{"line":2,"column":31}},"2":{"start":{"line":3,"column":17},"end":{"line":3,"column":61}},"3":{"start":{"line":5,"column":0},"end":{"line":10,"column":35}},"4":{"start":{"line":12,"column":0},"end":{"line":12,"column":24}}},"fnMap":{},"branchMap":{},"s":{"0":8,"1":8,"2":8,"3":8,"4":8},"f":{},"b":{},"_coverageSchema":"1a1c01bbd47fc00a2c39e90264f33305004495a9","hash":"94b088d6eabe8479787b082ffdbbbed67fda8dc8"}
,"C:\\Users\\Victor\\Documents\\Final Project\\repo-server\\services\\app\\router\\chatRoomRouter.js": {"path":"C:\\Users\\Victor\\Documents\\Final Project\\repo-server\\services\\app\\router\\chatRoomRouter.js","statementMap":{"0":{"start":{"line":1,"column":15},"end":{"line":1,"column":42}},"1":{"start":{"line":2,"column":31},"end":{"line":2,"column":56}},"2":{"start":{"line":4,"column":0},"end":{"line":4,"column":48}},"3":{"start":{"line":5,"column":0},"end":{"line":5,"column":49}},"4":{"start":{"line":7,"column":0},"end":{"line":7,"column":44}}},"fnMap":{},"branchMap":{},"s":{"0":8,"1":8,"2":8,"3":8,"4":8},"f":{},"b":{},"_coverageSchema":"1a1c01bbd47fc00a2c39e90264f33305004495a9","hash":"62f21af3eab2fa4b37e1c35d9bdd1ee05404e5ee"}
,"C:\\Users\\Victor\\Documents\\Final Project\\repo-server\\services\\app\\router\\index.js": {"path":"C:\\Users\\Victor\\Documents\\Final Project\\repo-server\\services\\app\\router\\index.js","statementMap":{"0":{"start":{"line":1,"column":15},"end":{"line":1,"column":42}},"1":{"start":{"line":3,"column":23},"end":{"line":3,"column":58}},"2":{"start":{"line":6,"column":19},"end":{"line":6,"column":42}},"3":{"start":{"line":7,"column":22},"end":{"line":7,"column":48}},"4":{"start":{"line":8,"column":25},"end":{"line":8,"column":62}},"5":{"start":{"line":9,"column":26},"end":{"line":9,"column":52}},"6":{"start":{"line":10,"column":24},"end":{"line":10,"column":48}},"7":{"start":{"line":11,"column":27},"end":{"line":11,"column":54}},"8":{"start":{"line":12,"column":27},"end":{"line":12,"column":54}},"9":{"start":{"line":13,"column":24},"end":{"line":13,"column":48}},"10":{"start":{"line":15,"column":0},"end":{"line":17,"column":3}},"11":{"start":{"line":16,"column":2},"end":{"line":16,"column":27}},"12":{"start":{"line":19,"column":0},"end":{"line":19,"column":42}},"13":{"start":{"line":21,"column":0},"end":{"line":21,"column":33}},"14":{"start":{"line":22,"column":0},"end":{"line":22,"column":39}},"15":{"start":{"line":23,"column":0},"end":{"line":23,"column":38}},"16":{"start":{"line":24,"column":0},"end":{"line":24,"column":34}},"17":{"start":{"line":25,"column":0},"end":{"line":25,"column":41}},"18":{"start":{"line":26,"column":0},"end":{"line":26,"column":40}},"19":{"start":{"line":27,"column":0},"end":{"line":27,"column":34}},"20":{"start":{"line":29,"column":0},"end":{"line":29,"column":25}},"21":{"start":{"line":31,"column":0},"end":{"line":31,"column":28}}},"fnMap":{"0":{"name":"(anonymous_0)","decl":{"start":{"line":15,"column":16},"end":{"line":15,"column":17}},"loc":{"start":{"line":15,"column":30},"end":{"line":17,"column":1}},"line":15}},"branchMap":{},"s":{"0":8,"1":8,"2":8,"3":8,"4":8,"5":8,"6":8,"7":8,"8":8,"9":8,"10":8,"11":0,"12":8,"13":8,"14":8,"15":8,"16":8,"17":8,"18":8,"19":8,"20":8,"21":8},"f":{"0":0},"b":{},"_coverageSchema":"1a1c01bbd47fc00a2c39e90264f33305004495a9","hash":"b4c03082fb40ff40669eae65d4ae708751c742db"}
,"C:\\Users\\Victor\\Documents\\Final Project\\repo-server\\services\\app\\router\\keywordRouter.js": {"path":"C:\\Users\\Victor\\Documents\\Final Project\\repo-server\\services\\app\\router\\keywordRouter.js","statementMap":{"0":{"start":{"line":1,"column":16},"end":{"line":1,"column":34}},"1":{"start":{"line":2,"column":15},"end":{"line":2,"column":31}},"2":{"start":{"line":3,"column":26},"end":{"line":3,"column":69}},"3":{"start":{"line":5,"column":0},"end":{"line":5,"column":53}},"4":{"start":{"line":6,"column":0},"end":{"line":6,"column":48}},"5":{"start":{"line":8,"column":0},"end":{"line":8,"column":24}}},"fnMap":{},"branchMap":{},"s":{"0":8,"1":8,"2":8,"3":8,"4":8,"5":8},"f":{},"b":{},"_coverageSchema":"1a1c01bbd47fc00a2c39e90264f33305004495a9","hash":"dd1afdccf459ec48ea4601a1f0934a757c4328c1"}
,"C:\\Users\\Victor\\Documents\\Final Project\\repo-server\\services\\app\\router\\orderRouter.js": {"path":"C:\\Users\\Victor\\Documents\\Final Project\\repo-server\\services\\app\\router\\orderRouter.js","statementMap":{"0":{"start":{"line":1,"column":15},"end":{"line":1,"column":42}},"1":{"start":{"line":2,"column":28},"end":{"line":2,"column":53}},"2":{"start":{"line":4,"column":0},"end":{"line":4,"column":61}},"3":{"start":{"line":5,"column":0},"end":{"line":5,"column":63}},"4":{"start":{"line":9,"column":0},"end":{"line":9,"column":41}}},"fnMap":{},"branchMap":{},"s":{"0":8,"1":8,"2":8,"3":8,"4":8},"f":{},"b":{},"_coverageSchema":"1a1c01bbd47fc00a2c39e90264f33305004495a9","hash":"c499218499aabb9fceb6f532cb09d7bf32d12673"}
,"C:\\Users\\Victor\\Documents\\Final Project\\repo-server\\services\\app\\router\\productRouter.js": {"path":"C:\\Users\\Victor\\Documents\\Final Project\\repo-server\\services\\app\\router\\productRouter.js","statementMap":{"0":{"start":{"line":1,"column":15},"end":{"line":1,"column":42}},"1":{"start":{"line":2,"column":30},"end":{"line":2,"column":55}},"2":{"start":{"line":3,"column":19},"end":{"line":3,"column":43}},"3":{"start":{"line":5,"column":0},"end":{"line":5,"column":44}},"4":{"start":{"line":6,"column":0},"end":{"line":6,"column":62}},"5":{"start":{"line":7,"column":0},"end":{"line":7,"column":57}},"6":{"start":{"line":8,"column":0},"end":{"line":8,"column":70}},"7":{"start":{"line":10,"column":0},"end":{"line":10,"column":55}},"8":{"start":{"line":11,"column":0},"end":{"line":11,"column":49}},"9":{"start":{"line":13,"column":0},"end":{"line":13,"column":43}}},"fnMap":{},"branchMap":{},"s":{"0":8,"1":8,"2":8,"3":8,"4":8,"5":8,"6":8,"7":8,"8":8,"9":8},"f":{},"b":{},"_coverageSchema":"1a1c01bbd47fc00a2c39e90264f33305004495a9","hash":"884c943dbf33333efa02c650deb5fc76219972d9"}
,"C:\\Users\\Victor\\Documents\\Final Project\\repo-server\\services\\app\\router\\storeRouter.js": {"path":"C:\\Users\\Victor\\Documents\\Final Project\\repo-server\\services\\app\\router\\storeRouter.js","statementMap":{"0":{"start":{"line":1,"column":15},"end":{"line":1,"column":42}},"1":{"start":{"line":2,"column":28},"end":{"line":2,"column":53}},"2":{"start":{"line":4,"column":0},"end":{"line":4,"column":46}},"3":{"start":{"line":5,"column":0},"end":{"line":5,"column":53}},"4":{"start":{"line":6,"column":0},"end":{"line":6,"column":64}},"5":{"start":{"line":7,"column":0},"end":{"line":7,"column":46}},"6":{"start":{"line":10,"column":0},"end":{"line":10,"column":41}}},"fnMap":{},"branchMap":{},"s":{"0":8,"1":8,"2":8,"3":8,"4":8,"5":8,"6":8},"f":{},"b":{},"_coverageSchema":"1a1c01bbd47fc00a2c39e90264f33305004495a9","hash":"bcc36f874aa63b8f26158ff17787e310bbdb2b30"}
,"C:\\Users\\Victor\\Documents\\Final Project\\repo-server\\services\\app\\router\\wishListRouter.js": {"path":"C:\\Users\\Victor\\Documents\\Final Project\\repo-server\\services\\app\\router\\wishListRouter.js","statementMap":{"0":{"start":{"line":1,"column":15},"end":{"line":1,"column":42}},"1":{"start":{"line":2,"column":31},"end":{"line":2,"column":56}},"2":{"start":{"line":4,"column":0},"end":{"line":4,"column":52}},"3":{"start":{"line":5,"column":0},"end":{"line":5,"column":51}},"4":{"start":{"line":6,"column":0},"end":{"line":6,"column":56}},"5":{"start":{"line":8,"column":0},"end":{"line":8,"column":44}}},"fnMap":{},"branchMap":{},"s":{"0":8,"1":8,"2":8,"3":8,"4":8,"5":8},"f":{},"b":{},"_coverageSchema":"1a1c01bbd47fc00a2c39e90264f33305004495a9","hash":"8d9bdfd537be1bc2dcf6dffba19bf26bc7000da9"}
}
