TN:
SF:app.js
FNF:0
FNH:0
DA:1,8
DA:2,8
DA:3,8
DA:4,8
DA:5,8
DA:7,8
DA:8,8
DA:9,8
DA:10,8
DA:12,8
LF:10
LH:10
BRF:0
BRH:0
end_of_record
TN:
SF:controllers\cartController.js
FN:4,(anonymous_0)
FN:35,(anonymous_1)
FN:56,(anonymous_2)
FN:85,(anonymous_3)
FN:105,(anonymous_4)
FNF:5
FNH:5
FNDA:1,(anonymous_0)
FNDA:1,(anonymous_1)
FNDA:1,(anonymous_2)
FNDA:1,(anonymous_3)
FNDA:1,(anonymous_4)
DA:1,8
DA:5,1
DA:6,1
DA:8,1
DA:25,1
DA:36,1
DA:37,1
DA:39,1
DA:46,1
DA:57,1
DA:58,1
DA:60,1
DA:62,1
DA:75,1
DA:86,1
DA:87,1
DA:89,1
DA:95,1
DA:106,1
DA:107,1
DA:109,1
DA:115,1
DA:126,8
LF:23
LH:23
BRF:0
BRH:0
end_of_record
TN:
SF:controllers\categoryController.js
FN:4,(anonymous_0)
FN:23,(anonymous_1)
FN:37,(anonymous_2)
FN:52,(anonymous_3)
FN:75,(anonymous_4)
FNF:5
FNH:5
FNDA:1,(anonymous_0)
FNDA:1,(anonymous_1)
FNDA:1,(anonymous_2)
FNDA:1,(anonymous_3)
FNDA:1,(anonymous_4)
DA:1,8
DA:5,1
DA:6,1
DA:7,1
DA:8,1
DA:9,0
DA:13,1
DA:14,1
DA:24,1
DA:25,1
DA:26,1
DA:27,1
DA:28,1
DA:38,1
DA:39,1
DA:40,1
DA:43,1
DA:53,1
DA:54,1
DA:55,1
DA:56,1
DA:66,1
DA:76,1
DA:77,1
DA:78,1
DA:83,1
DA:94,8
LF:27
LH:26
BRDA:8,0,0,0
BRDA:8,0,1,1
BRDA:27,1,0,0
BRDA:27,1,1,1
BRF:4
BRH:2
end_of_record
TN:
SF:controllers\chatRoomController.js
FN:4,(anonymous_0)
FN:25,(anonymous_1)
FNF:2
FNH:2
FNDA:1,(anonymous_0)
FNDA:3,(anonymous_1)
DA:1,8
DA:5,1
DA:6,1
DA:8,1
DA:10,1
DA:16,0
DA:20,1
DA:26,3
DA:27,3
DA:29,3
DA:31,3
DA:32,3
DA:33,1
DA:36,3
DA:37,2
DA:41,3
DA:48,3
DA:50,0
DA:56,8
LF:19
LH:17
BRDA:31,0,0,3
BRDA:31,0,1,0
BRDA:31,1,0,3
BRDA:31,1,1,2
BRDA:32,2,0,1
BRDA:32,2,1,2
BRDA:36,3,0,2
BRDA:36,3,1,1
BRF:8
BRH:7
end_of_record
TN:
SF:controllers\index.js
FNF:0
FNH:0
DA:1,8
DA:2,8
DA:3,8
DA:4,8
DA:5,8
DA:7,8
LF:6
LH:6
BRF:0
BRH:0
end_of_record
TN:
SF:controllers\keywordController.js
FN:4,(anonymous_0)
FN:21,(anonymous_1)
FNF:2
FNH:2
FNDA:1,(anonymous_0)
FNDA:1,(anonymous_1)
DA:1,8
DA:5,1
DA:6,1
DA:7,1
DA:8,1
DA:12,1
DA:17,0
DA:18,0
DA:22,1
DA:23,1
DA:24,1
DA:29,1
DA:34,0
DA:35,0
DA:40,8
LF:15
LH:11
BRF:0
BRH:0
end_of_record
TN:
SF:controllers\orderController.js
FN:4,(anonymous_0)
FN:23,(anonymous_1)
FN:42,(anonymous_2)
FNF:3
FNH:2
FNDA:1,(anonymous_0)
FNDA:1,(anonymous_1)
FNDA:0,(anonymous_2)
DA:1,8
DA:5,1
DA:6,1
DA:8,1
DA:17,1
DA:24,1
DA:25,1
DA:27,1
DA:36,1
DA:43,0
DA:44,0
DA:53,8
LF:12
LH:10
BRF:0
BRH:0
end_of_record
TN:
SF:controllers\productController.js
FN:14,(anonymous_0)
FN:46,(anonymous_1)
FN:92,(anonymous_2)
FN:163,(anonymous_3)
FN:180,(anonymous_4)
FN:203,(anonymous_5)
FNF:6
FNH:5
FNDA:4,(anonymous_0)
FNDA:1,(anonymous_1)
FNDA:2,(anonymous_2)
FNDA:0,(anonymous_3)
FNDA:1,(anonymous_4)
FNDA:1,(anonymous_5)
DA:8,8
DA:9,8
DA:11,8
DA:15,4
DA:16,4
DA:18,4
DA:20,4
DA:21,1
DA:24,4
DA:25,1
DA:30,4
DA:39,4
DA:41,0
DA:47,1
DA:48,1
DA:50,1
DA:82,1
DA:85,1
DA:87,0
DA:93,2
DA:94,2
DA:96,2
DA:103,2
DA:106,2
DA:164,0
DA:165,0
DA:167,0
DA:173,0
DA:175,0
DA:181,1
DA:182,1
DA:183,1
DA:185,1
DA:188,1
DA:194,1
DA:198,0
DA:204,1
DA:205,1
DA:207,1
DA:209,1
DA:211,1
DA:214,1
DA:230,1
DA:234,0
DA:241,8
LF:45
LH:36
BRDA:20,0,0,1
BRDA:20,0,1,3
BRDA:24,1,0,1
BRDA:24,1,1,3
BRDA:82,2,0,1
BRDA:82,2,1,0
BRDA:103,3,0,2
BRDA:103,3,1,0
BRDA:185,4,0,1
BRDA:185,4,1,0
BRDA:211,5,0,1
BRDA:211,5,1,0
BRF:12
BRH:8
end_of_record
TN:
SF:controllers\storeController.js
FN:4,(anonymous_0)
FN:22,(anonymous_1)
FN:37,(anonymous_2)
FN:100,(anonymous_3)
FNF:4
FNH:4
FNDA:2,(anonymous_0)
FNDA:1,(anonymous_1)
FNDA:1,(anonymous_2)
FNDA:1,(anonymous_3)
DA:1,8
DA:5,2
DA:6,2
DA:8,2
DA:14,2
DA:17,2
DA:19,0
DA:23,1
DA:24,1
DA:26,1
DA:32,1
DA:34,0
DA:38,1
DA:39,1
DA:41,1
DA:43,1
DA:45,1
DA:48,1
DA:61,1
DA:65,0
DA:101,1
DA:102,1
DA:104,1
DA:110,1
DA:114,0
DA:119,8
LF:26
LH:22
BRDA:14,0,0,1
BRDA:14,0,1,1
BRDA:45,1,0,0
BRDA:45,1,1,1
BRF:4
BRH:3
end_of_record
TN:
SF:controllers\wishlistController.js
FN:5,(anonymous_0)
FN:35,(anonymous_1)
FN:52,(anonymous_2)
FNF:3
FNH:3
FNDA:2,(anonymous_0)
FNDA:1,(anonymous_1)
FNDA:1,(anonymous_2)
DA:1,8
DA:6,2
DA:7,2
DA:9,2
DA:27,1
DA:29,1
DA:36,1
DA:37,1
DA:39,1
DA:44,0
DA:48,1
DA:53,1
DA:54,1
DA:56,1
DA:58,1
DA:59,1
DA:62,0
DA:68,0
DA:72,1
DA:77,8
LF:20
LH:17
BRDA:58,0,0,1
BRDA:58,0,1,0
BRF:2
BRH:1
end_of_record
TN:
SF:helper\index.js
FNF:0
FNH:0
DA:1,8
DA:3,8
LF:2
LH:2
BRF:0
BRH:0
end_of_record
TN:
SF:helper\upload.js
FNF:0
FNH:0
LF:0
LH:0
BRF:0
BRH:0
end_of_record
TN:
SF:middleware\errorHandler.js
FN:1,errorHandler
FNF:1
FNH:1
FNDA:3,errorHandler
DA:2,3
DA:3,3
DA:5,3
DA:6,3
DA:8,3
DA:10,0
DA:13,3
DA:18,8
LF:8
LH:7
BRDA:8,0,0,0
BRF:1
BRH:0
end_of_record
TN:
SF:middleware\index.js
FNF:0
FNH:0
DA:1,8
DA:2,8
DA:4,8
LF:3
LH:3
BRF:0
BRH:0
end_of_record
TN:
SF:middleware\multer.js
FN:4,(anonymous_0)
FNF:1
FNH:0
FNDA:0,(anonymous_0)
DA:1,8
DA:3,8
DA:5,0
DA:9,8
DA:11,8
LF:5
LH:4
BRF:0
BRH:0
end_of_record
TN:
SF:models\cart.js
FN:3,(anonymous_0)
FN:10,(anonymous_1)
FNF:2
FNH:2
FNDA:8,(anonymous_0)
FNDA:8,(anonymous_1)
DA:2,8
DA:3,8
DA:12,8
DA:15,8
DA:26,8
LF:5
LH:5
BRF:0
BRH:0
end_of_record
TN:
SF:models\category.js
FN:3,(anonymous_0)
FN:10,(anonymous_1)
FNF:2
FNH:2
FNDA:8,(anonymous_0)
FNDA:8,(anonymous_1)
DA:2,8
DA:3,8
DA:12,8
DA:15,8
DA:24,8
LF:5
LH:5
BRF:0
BRH:0
end_of_record
TN:
SF:models\chatroom.js
FN:3,(anonymous_0)
FN:10,(anonymous_1)
FNF:2
FNH:2
FNDA:8,(anonymous_0)
FNDA:8,(anonymous_1)
DA:2,8
DA:3,8
DA:13,8
DA:16,8
DA:27,8
LF:5
LH:5
BRF:0
BRH:0
end_of_record
TN:
SF:models\image.js
FN:4,(anonymous_0)
FN:11,(anonymous_1)
FNF:2
FNH:2
FNDA:8,(anonymous_0)
FNDA:8,(anonymous_1)
DA:2,8
DA:3,8
DA:4,8
DA:13,8
DA:16,8
DA:26,8
LF:6
LH:6
BRF:0
BRH:0
end_of_record
TN:
SF:models\index.js
FN:21,(anonymous_0)
FN:29,(anonymous_1)
FN:34,(anonymous_2)
FNF:3
FNH:3
FNDA:88,(anonymous_0)
FNDA:80,(anonymous_1)
FNDA:80,(anonymous_2)
DA:3,8
DA:4,8
DA:5,8
DA:6,8
DA:7,8
DA:8,8
DA:9,8
DA:10,8
DA:13,8
DA:14,0
DA:16,8
DA:19,8
DA:22,88
DA:30,80
DA:31,80
DA:34,8
DA:35,80
DA:36,80
DA:40,8
DA:41,8
DA:43,8
LF:21
LH:20
BRDA:8,0,0,8
BRDA:8,0,1,0
BRDA:13,1,0,0
BRDA:13,1,1,8
BRDA:23,2,0,88
BRDA:23,2,1,88
BRDA:23,2,2,80
BRDA:23,2,3,80
BRDA:35,3,0,80
BRDA:35,3,1,0
BRF:10
BRH:7
end_of_record
TN:
SF:models\keyword.js
FN:3,(anonymous_0)
FN:10,(anonymous_1)
FNF:2
FNH:2
FNDA:8,(anonymous_0)
FNDA:8,(anonymous_1)
DA:2,8
DA:3,8
DA:12,8
DA:15,8
DA:25,8
LF:5
LH:5
BRF:0
BRH:0
end_of_record
TN:
SF:models\order.js
FN:3,(anonymous_0)
FN:10,(anonymous_1)
FNF:2
FNH:2
FNDA:8,(anonymous_0)
FNDA:8,(anonymous_1)
DA:2,8
DA:3,8
DA:13,8
DA:16,8
DA:26,8
LF:5
LH:5
BRF:0
BRH:0
end_of_record
TN:
SF:models\orderdetail.js
FN:3,(anonymous_0)
FN:10,(anonymous_1)
FNF:2
FNH:2
FNDA:8,(anonymous_0)
FNDA:8,(anonymous_1)
DA:2,8
DA:3,8
DA:12,8
DA:13,8
DA:16,8
DA:29,8
LF:6
LH:6
BRF:0
BRH:0
end_of_record
TN:
SF:models\product.js
FN:3,(anonymous_0)
FN:10,(anonymous_1)
FNF:2
FNH:2
FNDA:8,(anonymous_0)
FNDA:8,(anonymous_1)
DA:2,8
DA:3,8
DA:12,8
DA:13,8
DA:14,8
DA:15,8
DA:16,8
DA:17,8
DA:20,8
DA:34,8
LF:10
LH:10
BRF:0
BRH:0
end_of_record
TN:
SF:models\store.js
FN:3,(anonymous_0)
FN:10,(anonymous_1)
FNF:2
FNH:2
FNDA:8,(anonymous_0)
FNDA:8,(anonymous_1)
DA:2,8
DA:3,8
DA:12,8
DA:13,8
DA:16,8
DA:28,8
LF:6
LH:6
BRF:0
BRH:0
end_of_record
TN:
SF:models\wishlist.js
FN:3,(anonymous_0)
FN:10,(anonymous_1)
FNF:2
FNH:2
FNDA:8,(anonymous_0)
FNDA:8,(anonymous_1)
DA:2,8
DA:3,8
DA:12,8
DA:15,8
DA:25,8
LF:5
LH:5
BRF:0
BRH:0
end_of_record
TN:
SF:router\cartRouter.js
FNF:0
FNH:0
DA:1,8
DA:2,8
DA:3,8
DA:5,8
DA:6,8
DA:7,8
DA:8,8
DA:9,8
DA:11,8
LF:9
LH:9
BRF:0
BRH:0
end_of_record
TN:
SF:router\categoryRouter.js
FNF:0
FNH:0
DA:1,8
DA:2,8
DA:3,8
DA:5,8
DA:12,8
LF:5
LH:5
BRF:0
BRH:0
end_of_record
TN:
SF:router\chatRoomRouter.js
FNF:0
FNH:0
DA:1,8
DA:2,8
DA:4,8
DA:5,8
DA:7,8
LF:5
LH:5
BRF:0
BRH:0
end_of_record
TN:
SF:router\index.js
FN:15,(anonymous_0)
FNF:1
FNH:0
FNDA:0,(anonymous_0)
DA:1,8
DA:3,8
DA:6,8
DA:7,8
DA:8,8
DA:9,8
DA:10,8
DA:11,8
DA:12,8
DA:13,8
DA:15,8
DA:16,0
DA:19,8
DA:21,8
DA:22,8
DA:23,8
DA:24,8
DA:25,8
DA:26,8
DA:27,8
DA:29,8
DA:31,8
LF:22
LH:21
BRF:0
BRH:0
end_of_record
TN:
SF:router\keywordRouter.js
FNF:0
FNH:0
DA:1,8
DA:2,8
DA:3,8
DA:5,8
DA:6,8
DA:8,8
LF:6
LH:6
BRF:0
BRH:0
end_of_record
TN:
SF:router\orderRouter.js
FNF:0
FNH:0
DA:1,8
DA:2,8
DA:4,8
DA:5,8
DA:9,8
LF:5
LH:5
BRF:0
BRH:0
end_of_record
TN:
SF:router\productRouter.js
FNF:0
FNH:0
DA:1,8
DA:2,8
DA:3,8
DA:5,8
DA:6,8
DA:7,8
DA:8,8
DA:10,8
DA:11,8
DA:13,8
LF:10
LH:10
BRF:0
BRH:0
end_of_record
TN:
SF:router\storeRouter.js
FNF:0
FNH:0
DA:1,8
DA:2,8
DA:4,8
DA:5,8
DA:6,8
DA:7,8
DA:10,8
LF:7
LH:7
BRF:0
BRH:0
end_of_record
TN:
SF:router\wishListRouter.js
FNF:0
FNH:0
DA:1,8
DA:2,8
DA:4,8
DA:5,8
DA:6,8
DA:8,8
LF:6
LH:6
BRF:0
BRH:0
end_of_record
