{"/Users/gunardicahyadi/Documents/PROJECT/repo-server/services/users/app.js": {"path":"/Users/gunardicahyadi/Documents/PROJECT/repo-server/services/users/app.js","statementMap":{"0":{"start":{"line":1,"column":0},"end":{"line":1,"column":27}},"1":{"start":{"line":2,"column":16},"end":{"line":2,"column":34}},"2":{"start":{"line":3,"column":12},"end":{"line":3,"column":21}},"3":{"start":{"line":4,"column":13},"end":{"line":4,"column":28}},"4":{"start":{"line":5,"column":15},"end":{"line":5,"column":35}},"5":{"start":{"line":6,"column":22},"end":{"line":6,"column":59}},"6":{"start":{"line":8,"column":0},"end":{"line":8,"column":16}},"7":{"start":{"line":9,"column":0},"end":{"line":9,"column":49}},"8":{"start":{"line":10,"column":0},"end":{"line":10,"column":24}},"9":{"start":{"line":11,"column":0},"end":{"line":11,"column":16}},"10":{"start":{"line":12,"column":0},"end":{"line":12,"column":23}},"11":{"start":{"line":14,"column":0},"end":{"line":14,"column":21}}},"fnMap":{},"branchMap":{},"s":{"0":2,"1":2,"2":2,"3":2,"4":2,"5":2,"6":2,"7":2,"8":2,"9":2,"10":2,"11":2},"f":{},"b":{},"_coverageSchema":"1a1c01bbd47fc00a2c39e90264f33305004495a9","hash":"faceb2c6afbfdb48190dd7646b8b685cb8bbad4a"}
,"/Users/gunardicahyadi/Documents/PROJECT/repo-server/services/users/config/mongoConnection.js": {"path":"/Users/gunardicahyadi/Documents/PROJECT/repo-server/services/users/config/mongoConnection.js","statementMap":{"0":{"start":{"line":1,"column":24},"end":{"line":1,"column":42}},"1":{"start":{"line":2,"column":12},"end":{"line":2,"column":41}},"2":{"start":{"line":3,"column":15},"end":{"line":3,"column":35}},"3":{"start":{"line":7,"column":2},"end":{"line":14,"column":3}},"4":{"start":{"line":8,"column":4},"end":{"line":8,"column":27}},"5":{"start":{"line":9,"column":4},"end":{"line":9,"column":37}},"6":{"start":{"line":11,"column":4},"end":{"line":11,"column":14}},"7":{"start":{"line":13,"column":4},"end":{"line":13,"column":25}},"8":{"start":{"line":18,"column":2},"end":{"line":18,"column":12}},"9":{"start":{"line":21,"column":0},"end":{"line":21,"column":18}},"10":{"start":{"line":22,"column":0},"end":{"line":26,"column":2}}},"fnMap":{"0":{"name":"mongoConnection","decl":{"start":{"line":6,"column":15},"end":{"line":6,"column":30}},"loc":{"start":{"line":6,"column":33},"end":{"line":15,"column":1}},"line":6},"1":{"name":"getDB","decl":{"start":{"line":17,"column":9},"end":{"line":17,"column":14}},"loc":{"start":{"line":17,"column":17},"end":{"line":19,"column":1}},"line":17}},"branchMap":{},"s":{"0":2,"1":2,"2":2,"3":2,"4":2,"5":2,"6":2,"7":0,"8":15,"9":2,"10":2},"f":{"0":2,"1":15},"b":{},"_coverageSchema":"1a1c01bbd47fc00a2c39e90264f33305004495a9","hash":"3219489b447e8327e6f9df1cb8968d055f44c510"}
,"/Users/gunardicahyadi/Documents/PROJECT/repo-server/services/users/controllers/profiles.js": {"path":"/Users/gunardicahyadi/Documents/PROJECT/repo-server/services/users/controllers/profiles.js","statementMap":{"0":{"start":{"line":1,"column":21},"end":{"line":1,"column":39}},"1":{"start":{"line":2,"column":18},"end":{"line":2,"column":54}},"2":{"start":{"line":3,"column":16},"end":{"line":3,"column":45}},"3":{"start":{"line":5,"column":0},"end":{"line":78,"column":2}},"4":{"start":{"line":7,"column":4},"end":{"line":13,"column":5}},"5":{"start":{"line":8,"column":23},"end":{"line":8,"column":46}},"6":{"start":{"line":10,"column":6},"end":{"line":10,"column":71}},"7":{"start":{"line":12,"column":6},"end":{"line":12,"column":18}},"8":{"start":{"line":16,"column":4},"end":{"line":27,"column":5}},"9":{"start":{"line":17,"column":21},"end":{"line":17,"column":31}},"10":{"start":{"line":18,"column":22},"end":{"line":18,"column":47}},"11":{"start":{"line":19,"column":6},"end":{"line":21,"column":7}},"12":{"start":{"line":20,"column":8},"end":{"line":20,"column":41}},"13":{"start":{"line":22,"column":6},"end":{"line":24,"column":70}},"14":{"start":{"line":26,"column":6},"end":{"line":26,"column":18}},"15":{"start":{"line":30,"column":4},"end":{"line":44,"column":5}},"16":{"start":{"line":31,"column":57},"end":{"line":31,"column":65}},"17":{"start":{"line":32,"column":6},"end":{"line":32,"column":28}},"18":{"start":{"line":33,"column":25},"end":{"line":40,"column":8}},"19":{"start":{"line":41,"column":6},"end":{"line":41,"column":52}},"20":{"start":{"line":43,"column":6},"end":{"line":43,"column":18}},"21":{"start":{"line":47,"column":4},"end":{"line":58,"column":5}},"22":{"start":{"line":48,"column":21},"end":{"line":48,"column":31}},"23":{"start":{"line":49,"column":22},"end":{"line":49,"column":49}},"24":{"start":{"line":51,"column":6},"end":{"line":51,"column":54}},"25":{"start":{"line":51,"column":20},"end":{"line":51,"column":54}},"26":{"start":{"line":53,"column":6},"end":{"line":55,"column":69}},"27":{"start":{"line":57,"column":6},"end":{"line":57,"column":18}},"28":{"start":{"line":61,"column":4},"end":{"line":76,"column":5}},"29":{"start":{"line":62,"column":55},"end":{"line":62,"column":63}},"30":{"start":{"line":63,"column":21},"end":{"line":63,"column":31}},"31":{"start":{"line":65,"column":28},"end":{"line":71,"column":8}},"32":{"start":{"line":73,"column":6},"end":{"line":73,"column":55}},"33":{"start":{"line":75,"column":6},"end":{"line":75,"column":18}}},"fnMap":{"0":{"name":"(anonymous_0)","decl":{"start":{"line":6,"column":19},"end":{"line":6,"column":20}},"loc":{"start":{"line":6,"column":45},"end":{"line":14,"column":3}},"line":6},"1":{"name":"(anonymous_1)","decl":{"start":{"line":15,"column":18},"end":{"line":15,"column":19}},"loc":{"start":{"line":15,"column":44},"end":{"line":28,"column":3}},"line":15},"2":{"name":"(anonymous_2)","decl":{"start":{"line":29,"column":17},"end":{"line":29,"column":18}},"loc":{"start":{"line":29,"column":43},"end":{"line":45,"column":3}},"line":29},"3":{"name":"(anonymous_3)","decl":{"start":{"line":46,"column":17},"end":{"line":46,"column":18}},"loc":{"start":{"line":46,"column":43},"end":{"line":59,"column":3}},"line":46},"4":{"name":"(anonymous_4)","decl":{"start":{"line":60,"column":15},"end":{"line":60,"column":16}},"loc":{"start":{"line":60,"column":41},"end":{"line":77,"column":3}},"line":60}},"branchMap":{"0":{"loc":{"start":{"line":19,"column":6},"end":{"line":21,"column":7}},"type":"if","locations":[{"start":{"line":19,"column":6},"end":{"line":21,"column":7}},{"start":{},"end":{}}],"line":19},"1":{"loc":{"start":{"line":51,"column":6},"end":{"line":51,"column":54}},"type":"if","locations":[{"start":{"line":51,"column":6},"end":{"line":51,"column":54}},{"start":{},"end":{}}],"line":51}},"s":{"0":2,"1":2,"2":2,"3":2,"4":1,"5":1,"6":1,"7":0,"8":3,"9":3,"10":3,"11":2,"12":1,"13":1,"14":2,"15":0,"16":0,"17":0,"18":0,"19":0,"20":0,"21":1,"22":1,"23":1,"24":1,"25":0,"26":1,"27":0,"28":1,"29":1,"30":1,"31":1,"32":1,"33":0},"f":{"0":1,"1":3,"2":0,"3":1,"4":1},"b":{"0":[1,1],"1":[0,1]},"_coverageSchema":"1a1c01bbd47fc00a2c39e90264f33305004495a9","hash":"1ef2de98726d773466d398854971a284d6a729a7"}
,"/Users/gunardicahyadi/Documents/PROJECT/repo-server/services/users/controllers/users.js": {"path":"/Users/gunardicahyadi/Documents/PROJECT/repo-server/services/users/controllers/users.js","statementMap":{"0":{"start":{"line":1,"column":21},"end":{"line":1,"column":39}},"1":{"start":{"line":2,"column":18},"end":{"line":2,"column":54}},"2":{"start":{"line":3,"column":13},"end":{"line":3,"column":39}},"3":{"start":{"line":4,"column":15},"end":{"line":4,"column":34}},"4":{"start":{"line":5,"column":37},"end":{"line":5,"column":66}},"5":{"start":{"line":6,"column":26},"end":{"line":6,"column":51}},"6":{"start":{"line":8,"column":0},"end":{"line":113,"column":2}},"7":{"start":{"line":10,"column":4},"end":{"line":16,"column":5}},"8":{"start":{"line":11,"column":20},"end":{"line":11,"column":40}},"9":{"start":{"line":13,"column":6},"end":{"line":13,"column":65}},"10":{"start":{"line":15,"column":6},"end":{"line":15,"column":18}},"11":{"start":{"line":19,"column":4},"end":{"line":28,"column":5}},"12":{"start":{"line":20,"column":21},"end":{"line":20,"column":31}},"13":{"start":{"line":21,"column":19},"end":{"line":21,"column":41}},"14":{"start":{"line":22,"column":6},"end":{"line":24,"column":7}},"15":{"start":{"line":23,"column":8},"end":{"line":23,"column":41}},"16":{"start":{"line":25,"column":6},"end":{"line":25,"column":77}},"17":{"start":{"line":27,"column":6},"end":{"line":27,"column":18}},"18":{"start":{"line":31,"column":4},"end":{"line":44,"column":5}},"19":{"start":{"line":32,"column":49},"end":{"line":32,"column":57}},"20":{"start":{"line":33,"column":6},"end":{"line":33,"column":28}},"21":{"start":{"line":34,"column":22},"end":{"line":40,"column":8}},"22":{"start":{"line":41,"column":6},"end":{"line":41,"column":46}},"23":{"start":{"line":43,"column":6},"end":{"line":43,"column":18}},"24":{"start":{"line":47,"column":4},"end":{"line":55,"column":5}},"25":{"start":{"line":48,"column":21},"end":{"line":48,"column":31}},"26":{"start":{"line":49,"column":19},"end":{"line":49,"column":43}},"27":{"start":{"line":50,"column":6},"end":{"line":50,"column":51}},"28":{"start":{"line":50,"column":17},"end":{"line":50,"column":51}},"29":{"start":{"line":52,"column":6},"end":{"line":52,"column":79}},"30":{"start":{"line":54,"column":6},"end":{"line":54,"column":18}},"31":{"start":{"line":58,"column":4},"end":{"line":77,"column":5}},"32":{"start":{"line":59,"column":38},"end":{"line":59,"column":46}},"33":{"start":{"line":61,"column":21},"end":{"line":61,"column":31}},"34":{"start":{"line":63,"column":6},"end":{"line":63,"column":35}},"35":{"start":{"line":65,"column":25},"end":{"line":70,"column":8}},"36":{"start":{"line":74,"column":6},"end":{"line":74,"column":49}},"37":{"start":{"line":76,"column":6},"end":{"line":76,"column":18}},"38":{"start":{"line":80,"column":4},"end":{"line":111,"column":5}},"39":{"start":{"line":81,"column":34},"end":{"line":81,"column":42}},"40":{"start":{"line":83,"column":19},"end":{"line":83,"column":51}},"41":{"start":{"line":85,"column":6},"end":{"line":87,"column":7}},"42":{"start":{"line":86,"column":8},"end":{"line":86,"column":41}},"43":{"start":{"line":89,"column":22},"end":{"line":89,"column":62}},"44":{"start":{"line":90,"column":6},"end":{"line":108,"column":7}},"45":{"start":{"line":91,"column":8},"end":{"line":91,"column":27}},"46":{"start":{"line":92,"column":8},"end":{"line":92,"column":41}},"47":{"start":{"line":94,"column":8},"end":{"line":94,"column":27}},"48":{"start":{"line":95,"column":22},"end":{"line":99,"column":10}},"49":{"start":{"line":101,"column":8},"end":{"line":107,"column":11}},"50":{"start":{"line":110,"column":6},"end":{"line":110,"column":18}}},"fnMap":{"0":{"name":"(anonymous_0)","decl":{"start":{"line":9,"column":16},"end":{"line":9,"column":17}},"loc":{"start":{"line":9,"column":42},"end":{"line":17,"column":3}},"line":9},"1":{"name":"(anonymous_1)","decl":{"start":{"line":18,"column":15},"end":{"line":18,"column":16}},"loc":{"start":{"line":18,"column":41},"end":{"line":29,"column":3}},"line":18},"2":{"name":"(anonymous_2)","decl":{"start":{"line":30,"column":14},"end":{"line":30,"column":15}},"loc":{"start":{"line":30,"column":40},"end":{"line":45,"column":3}},"line":30},"3":{"name":"(anonymous_3)","decl":{"start":{"line":46,"column":14},"end":{"line":46,"column":15}},"loc":{"start":{"line":46,"column":40},"end":{"line":56,"column":3}},"line":46},"4":{"name":"(anonymous_4)","decl":{"start":{"line":57,"column":12},"end":{"line":57,"column":13}},"loc":{"start":{"line":57,"column":38},"end":{"line":78,"column":3}},"line":57},"5":{"name":"(anonymous_5)","decl":{"start":{"line":79,"column":13},"end":{"line":79,"column":14}},"loc":{"start":{"line":79,"column":39},"end":{"line":112,"column":3}},"line":79}},"branchMap":{"0":{"loc":{"start":{"line":22,"column":6},"end":{"line":24,"column":7}},"type":"if","locations":[{"start":{"line":22,"column":6},"end":{"line":24,"column":7}},{"start":{},"end":{}}],"line":22},"1":{"loc":{"start":{"line":32,"column":31},"end":{"line":32,"column":44}},"type":"default-arg","locations":[{"start":{"line":32,"column":38},"end":{"line":32,"column":44}}],"line":32},"2":{"loc":{"start":{"line":50,"column":6},"end":{"line":50,"column":51}},"type":"if","locations":[{"start":{"line":50,"column":6},"end":{"line":50,"column":51}},{"start":{},"end":{}}],"line":50},"3":{"loc":{"start":{"line":85,"column":6},"end":{"line":87,"column":7}},"type":"if","locations":[{"start":{"line":85,"column":6},"end":{"line":87,"column":7}},{"start":{},"end":{}}],"line":85},"4":{"loc":{"start":{"line":90,"column":6},"end":{"line":108,"column":7}},"type":"if","locations":[{"start":{"line":90,"column":6},"end":{"line":108,"column":7}},{"start":{"line":93,"column":13},"end":{"line":108,"column":7}}],"line":90}},"s":{"0":2,"1":2,"2":2,"3":2,"4":2,"5":2,"6":2,"7":1,"8":1,"9":1,"10":0,"11":1,"12":1,"13":1,"14":1,"15":0,"16":1,"17":0,"18":0,"19":0,"20":0,"21":0,"22":0,"23":0,"24":1,"25":1,"26":1,"27":1,"28":0,"29":1,"30":0,"31":1,"32":1,"33":1,"34":1,"35":1,"36":1,"37":0,"38":2,"39":2,"40":2,"41":2,"42":1,"43":1,"44":1,"45":0,"46":0,"47":1,"48":1,"49":1,"50":1},"f":{"0":1,"1":1,"2":0,"3":1,"4":1,"5":2},"b":{"0":[0,1],"1":[0],"2":[0,1],"3":[1,1],"4":[0,1]},"_coverageSchema":"1a1c01bbd47fc00a2c39e90264f33305004495a9","hash":"740ecfa48f4a1ffab2fc0572fe891cbad1a478e7"}
,"/Users/gunardicahyadi/Documents/PROJECT/repo-server/services/users/helpers/encrypt.js": {"path":"/Users/gunardicahyadi/Documents/PROJECT/repo-server/services/users/helpers/encrypt.js","statementMap":{"0":{"start":{"line":1,"column":15},"end":{"line":1,"column":34}},"1":{"start":{"line":3,"column":16},"end":{"line":7,"column":1}},"2":{"start":{"line":4,"column":15},"end":{"line":4,"column":37}},"3":{"start":{"line":5,"column":15},"end":{"line":5,"column":46}},"4":{"start":{"line":6,"column":2},"end":{"line":6,"column":14}},"5":{"start":{"line":9,"column":24},"end":{"line":11,"column":1}},"6":{"start":{"line":10,"column":2},"end":{"line":10,"column":57}},"7":{"start":{"line":15,"column":0},"end":{"line":15,"column":46}}},"fnMap":{"0":{"name":"(anonymous_0)","decl":{"start":{"line":3,"column":16},"end":{"line":3,"column":17}},"loc":{"start":{"line":3,"column":30},"end":{"line":7,"column":1}},"line":3},"1":{"name":"(anonymous_1)","decl":{"start":{"line":9,"column":24},"end":{"line":9,"column":25}},"loc":{"start":{"line":9,"column":57},"end":{"line":11,"column":1}},"line":9}},"branchMap":{},"s":{"0":2,"1":2,"2":3,"3":3,"4":3,"5":2,"6":1,"7":2},"f":{"0":3,"1":1},"b":{},"_coverageSchema":"1a1c01bbd47fc00a2c39e90264f33305004495a9","hash":"bd117cc3dd7a4a9418e0eca1df86ed2eab77b5ad"}
,"/Users/gunardicahyadi/Documents/PROJECT/repo-server/services/users/helpers/jwt.js": {"path":"/Users/gunardicahyadi/Documents/PROJECT/repo-server/services/users/helpers/jwt.js","statementMap":{"0":{"start":{"line":1,"column":12},"end":{"line":1,"column":35}},"1":{"start":{"line":2,"column":19},"end":{"line":2,"column":41}},"2":{"start":{"line":5,"column":22},"end":{"line":8,"column":1}},"3":{"start":{"line":6,"column":2},"end":{"line":6,"column":48}},"4":{"start":{"line":7,"column":2},"end":{"line":7,"column":39}},"5":{"start":{"line":12,"column":20},"end":{"line":14,"column":1}},"6":{"start":{"line":13,"column":2},"end":{"line":13,"column":39}},"7":{"start":{"line":16,"column":0},"end":{"line":16,"column":48}}},"fnMap":{"0":{"name":"(anonymous_0)","decl":{"start":{"line":5,"column":22},"end":{"line":5,"column":23}},"loc":{"start":{"line":5,"column":35},"end":{"line":8,"column":1}},"line":5},"1":{"name":"(anonymous_1)","decl":{"start":{"line":12,"column":20},"end":{"line":12,"column":21}},"loc":{"start":{"line":12,"column":31},"end":{"line":14,"column":1}},"line":12}},"branchMap":{},"s":{"0":2,"1":2,"2":2,"3":1,"4":1,"5":2,"6":0,"7":2},"f":{"0":1,"1":0},"b":{},"_coverageSchema":"1a1c01bbd47fc00a2c39e90264f33305004495a9","hash":"51ea5cb801c900d4a54af6b1ba67f2082d8272d6"}
,"/Users/gunardicahyadi/Documents/PROJECT/repo-server/services/users/middlewares/errorHandler.js": {"path":"/Users/gunardicahyadi/Documents/PROJECT/repo-server/services/users/middlewares/errorHandler.js","statementMap":{"0":{"start":{"line":1,"column":22},"end":{"line":29,"column":1}},"1":{"start":{"line":2,"column":2},"end":{"line":2,"column":19}},"2":{"start":{"line":4,"column":19},"end":{"line":4,"column":20}},"3":{"start":{"line":5,"column":16},"end":{"line":5,"column":18}},"4":{"start":{"line":7,"column":2},"end":{"line":24,"column":3}},"5":{"start":{"line":14,"column":6},"end":{"line":14,"column":23}},"6":{"start":{"line":15,"column":6},"end":{"line":15,"column":43}},"7":{"start":{"line":16,"column":6},"end":{"line":16,"column":12}},"8":{"start":{"line":22,"column":6},"end":{"line":22,"column":23}},"9":{"start":{"line":23,"column":6},"end":{"line":23,"column":40}},"10":{"start":{"line":25,"column":2},"end":{"line":28,"column":5}},"11":{"start":{"line":31,"column":0},"end":{"line":31,"column":31}}},"fnMap":{"0":{"name":"(anonymous_0)","decl":{"start":{"line":1,"column":22},"end":{"line":1,"column":23}},"loc":{"start":{"line":1,"column":47},"end":{"line":29,"column":1}},"line":1}},"branchMap":{"0":{"loc":{"start":{"line":7,"column":2},"end":{"line":24,"column":3}},"type":"switch","locations":[{"start":{"line":12,"column":4},"end":{"line":12,"column":26}},{"start":{"line":13,"column":4},"end":{"line":16,"column":12}},{"start":{"line":21,"column":4},"end":{"line":23,"column":40}}],"line":7}},"s":{"0":2,"1":3,"2":3,"3":3,"4":3,"5":3,"6":3,"7":3,"8":0,"9":0,"10":3,"11":2},"f":{"0":3},"b":{"0":[2,3,0]},"_coverageSchema":"1a1c01bbd47fc00a2c39e90264f33305004495a9","hash":"85a6f53f3b983362dec17d831920ec44af0658d1"}
,"/Users/gunardicahyadi/Documents/PROJECT/repo-server/services/users/models/profiles.js": {"path":"/Users/gunardicahyadi/Documents/PROJECT/repo-server/services/users/models/profiles.js","statementMap":{"0":{"start":{"line":1,"column":21},"end":{"line":1,"column":39}},"1":{"start":{"line":2,"column":18},"end":{"line":2,"column":54}},"2":{"start":{"line":6,"column":4},"end":{"line":6,"column":42}},"3":{"start":{"line":9,"column":21},"end":{"line":9,"column":68}},"4":{"start":{"line":11,"column":4},"end":{"line":11,"column":20}},"5":{"start":{"line":14,"column":20},"end":{"line":16,"column":6}},"6":{"start":{"line":18,"column":4},"end":{"line":18,"column":19}},"7":{"start":{"line":21,"column":20},"end":{"line":21,"column":69}},"8":{"start":{"line":23,"column":23},"end":{"line":25,"column":6}},"9":{"start":{"line":26,"column":4},"end":{"line":26,"column":22}},"10":{"start":{"line":29,"column":20},"end":{"line":31,"column":6}},"11":{"start":{"line":32,"column":4},"end":{"line":32,"column":19}},"12":{"start":{"line":39,"column":19},"end":{"line":46,"column":5}},"13":{"start":{"line":48,"column":4},"end":{"line":48,"column":18}},"14":{"start":{"line":52,"column":0},"end":{"line":52,"column":25}}},"fnMap":{"0":{"name":"(anonymous_0)","decl":{"start":{"line":5,"column":2},"end":{"line":5,"column":3}},"loc":{"start":{"line":5,"column":29},"end":{"line":7,"column":3}},"line":5},"1":{"name":"(anonymous_1)","decl":{"start":{"line":8,"column":2},"end":{"line":8,"column":3}},"loc":{"start":{"line":8,"column":25},"end":{"line":12,"column":3}},"line":8},"2":{"name":"(anonymous_2)","decl":{"start":{"line":13,"column":2},"end":{"line":13,"column":3}},"loc":{"start":{"line":13,"column":27},"end":{"line":19,"column":3}},"line":13},"3":{"name":"(anonymous_3)","decl":{"start":{"line":20,"column":2},"end":{"line":20,"column":3}},"loc":{"start":{"line":20,"column":34},"end":{"line":27,"column":3}},"line":20},"4":{"name":"(anonymous_4)","decl":{"start":{"line":28,"column":2},"end":{"line":28,"column":3}},"loc":{"start":{"line":28,"column":29},"end":{"line":33,"column":3}},"line":28},"5":{"name":"(anonymous_5)","decl":{"start":{"line":34,"column":2},"end":{"line":34,"column":3}},"loc":{"start":{"line":34,"column":38},"end":{"line":49,"column":3}},"line":34}},"branchMap":{},"s":{"0":2,"1":2,"2":6,"3":1,"4":1,"5":3,"6":2,"7":0,"8":0,"9":0,"10":1,"11":1,"12":1,"13":1,"14":2},"f":{"0":6,"1":1,"2":3,"3":0,"4":1,"5":1},"b":{},"_coverageSchema":"1a1c01bbd47fc00a2c39e90264f33305004495a9","hash":"cec402a169c115f0a1f261830e35d6c49f0922ec"}
,"/Users/gunardicahyadi/Documents/PROJECT/repo-server/services/users/models/users.js": {"path":"/Users/gunardicahyadi/Documents/PROJECT/repo-server/services/users/models/users.js","statementMap":{"0":{"start":{"line":1,"column":21},"end":{"line":1,"column":39}},"1":{"start":{"line":2,"column":18},"end":{"line":2,"column":54}},"2":{"start":{"line":6,"column":4},"end":{"line":6,"column":39}},"3":{"start":{"line":9,"column":18},"end":{"line":9,"column":62}},"4":{"start":{"line":11,"column":4},"end":{"line":11,"column":17}},"5":{"start":{"line":14,"column":17},"end":{"line":16,"column":6}},"6":{"start":{"line":18,"column":4},"end":{"line":18,"column":16}},"7":{"start":{"line":21,"column":18},"end":{"line":21,"column":38}},"8":{"start":{"line":22,"column":17},"end":{"line":24,"column":6}},"9":{"start":{"line":26,"column":4},"end":{"line":26,"column":16}},"10":{"start":{"line":29,"column":17},"end":{"line":29,"column":63}},"11":{"start":{"line":31,"column":20},"end":{"line":33,"column":6}},"12":{"start":{"line":34,"column":4},"end":{"line":34,"column":19}},"13":{"start":{"line":37,"column":17},"end":{"line":39,"column":6}},"14":{"start":{"line":40,"column":4},"end":{"line":40,"column":16}},"15":{"start":{"line":43,"column":17},"end":{"line":45,"column":6}},"16":{"start":{"line":47,"column":19},"end":{"line":54,"column":5}},"17":{"start":{"line":56,"column":4},"end":{"line":56,"column":18}},"18":{"start":{"line":60,"column":0},"end":{"line":60,"column":22}}},"fnMap":{"0":{"name":"(anonymous_0)","decl":{"start":{"line":5,"column":2},"end":{"line":5,"column":3}},"loc":{"start":{"line":5,"column":26},"end":{"line":7,"column":3}},"line":5},"1":{"name":"(anonymous_1)","decl":{"start":{"line":8,"column":2},"end":{"line":8,"column":3}},"loc":{"start":{"line":8,"column":25},"end":{"line":12,"column":3}},"line":8},"2":{"name":"(anonymous_2)","decl":{"start":{"line":13,"column":2},"end":{"line":13,"column":3}},"loc":{"start":{"line":13,"column":27},"end":{"line":19,"column":3}},"line":13},"3":{"name":"(anonymous_3)","decl":{"start":{"line":20,"column":2},"end":{"line":20,"column":3}},"loc":{"start":{"line":20,"column":37},"end":{"line":27,"column":3}},"line":20},"4":{"name":"(anonymous_4)","decl":{"start":{"line":28,"column":2},"end":{"line":28,"column":3}},"loc":{"start":{"line":28,"column":34},"end":{"line":35,"column":3}},"line":28},"5":{"name":"(anonymous_5)","decl":{"start":{"line":36,"column":2},"end":{"line":36,"column":3}},"loc":{"start":{"line":36,"column":29},"end":{"line":41,"column":3}},"line":36},"6":{"name":"(anonymous_6)","decl":{"start":{"line":42,"column":2},"end":{"line":42,"column":3}},"loc":{"start":{"line":42,"column":38},"end":{"line":57,"column":3}},"line":42}},"branchMap":{},"s":{"0":2,"1":2,"2":9,"3":3,"4":3,"5":1,"6":1,"7":2,"8":2,"9":2,"10":0,"11":0,"12":0,"13":1,"14":1,"15":1,"16":1,"17":1,"18":2},"f":{"0":9,"1":3,"2":1,"3":2,"4":0,"5":1,"6":1},"b":{},"_coverageSchema":"1a1c01bbd47fc00a2c39e90264f33305004495a9","hash":"e87183a8918315e42ee47911587a0d4de3a86134"}
,"/Users/gunardicahyadi/Documents/PROJECT/repo-server/services/users/routers/index.js": {"path":"/Users/gunardicahyadi/Documents/PROJECT/repo-server/services/users/routers/index.js","statementMap":{"0":{"start":{"line":1,"column":15},"end":{"line":1,"column":42}},"1":{"start":{"line":2,"column":18},"end":{"line":2,"column":36}},"2":{"start":{"line":3,"column":21},"end":{"line":3,"column":41}},"3":{"start":{"line":5,"column":0},"end":{"line":5,"column":59}},"4":{"start":{"line":5,"column":28},"end":{"line":5,"column":57}},"5":{"start":{"line":6,"column":0},"end":{"line":6,"column":32}},"6":{"start":{"line":7,"column":0},"end":{"line":7,"column":38}},"7":{"start":{"line":9,"column":0},"end":{"line":9,"column":24}}},"fnMap":{"0":{"name":"(anonymous_0)","decl":{"start":{"line":5,"column":16},"end":{"line":5,"column":17}},"loc":{"start":{"line":5,"column":28},"end":{"line":5,"column":57}},"line":5}},"branchMap":{},"s":{"0":2,"1":2,"2":2,"3":2,"4":0,"5":2,"6":2,"7":2},"f":{"0":0},"b":{},"_coverageSchema":"1a1c01bbd47fc00a2c39e90264f33305004495a9","hash":"2279d7f7d5736063889c788de7a59a5181cabc03"}
,"/Users/gunardicahyadi/Documents/PROJECT/repo-server/services/users/routers/profile.js": {"path":"/Users/gunardicahyadi/Documents/PROJECT/repo-server/services/users/routers/profile.js","statementMap":{"0":{"start":{"line":1,"column":15},"end":{"line":1,"column":42}},"1":{"start":{"line":2,"column":19},"end":{"line":2,"column":53}},"2":{"start":{"line":4,"column":0},"end":{"line":4,"column":44}},"3":{"start":{"line":5,"column":0},"end":{"line":5,"column":46}},"4":{"start":{"line":6,"column":0},"end":{"line":6,"column":43}},"5":{"start":{"line":7,"column":0},"end":{"line":7,"column":48}},"6":{"start":{"line":8,"column":0},"end":{"line":8,"column":45}},"7":{"start":{"line":10,"column":0},"end":{"line":10,"column":24}}},"fnMap":{},"branchMap":{},"s":{"0":2,"1":2,"2":2,"3":2,"4":2,"5":2,"6":2,"7":2},"f":{},"b":{},"_coverageSchema":"1a1c01bbd47fc00a2c39e90264f33305004495a9","hash":"d1e8537eb9c3a1de42e0dcf462750b8af21d7fc6"}
,"/Users/gunardicahyadi/Documents/PROJECT/repo-server/services/users/routers/users.js": {"path":"/Users/gunardicahyadi/Documents/PROJECT/repo-server/services/users/routers/users.js","statementMap":{"0":{"start":{"line":1,"column":15},"end":{"line":1,"column":42}},"1":{"start":{"line":2,"column":19},"end":{"line":2,"column":50}},"2":{"start":{"line":4,"column":0},"end":{"line":4,"column":44}},"3":{"start":{"line":5,"column":0},"end":{"line":5,"column":41}},"4":{"start":{"line":6,"column":0},"end":{"line":6,"column":43}},"5":{"start":{"line":7,"column":0},"end":{"line":7,"column":40}},"6":{"start":{"line":8,"column":0},"end":{"line":8,"column":45}},"7":{"start":{"line":9,"column":0},"end":{"line":9,"column":42}},"8":{"start":{"line":11,"column":0},"end":{"line":11,"column":24}}},"fnMap":{},"branchMap":{},"s":{"0":2,"1":2,"2":2,"3":2,"4":2,"5":2,"6":2,"7":2,"8":2},"f":{},"b":{},"_coverageSchema":"1a1c01bbd47fc00a2c39e90264f33305004495a9","hash":"737c3519ff4378fcfe7cc9aec8dd8082cbb78eb0"}
}
