TN:
SF:app.js
FNF:0
FNH:0
DA:1,2
DA:2,2
DA:3,2
DA:4,2
DA:5,2
DA:6,2
DA:8,2
DA:9,2
DA:10,2
DA:11,2
DA:12,2
DA:14,2
LF:12
LH:12
BRF:0
BRH:0
end_of_record
TN:
SF:config\mongoConnection.js
FN:6,mongoConnection
FN:17,getDB
FNF:2
FNH:2
FNDA:2,mongoConnection
FNDA:16,getDB
DA:1,2
DA:2,2
DA:3,2
DA:7,2
DA:8,2
DA:9,2
DA:11,2
DA:13,0
DA:18,16
DA:21,2
DA:22,2
LF:11
LH:10
BRF:0
BRH:0
end_of_record
TN:
SF:controllers\profiles.js
FN:6,(anonymous_0)
FN:15,(anonymous_1)
FN:29,(anonymous_2)
FN:46,(anonymous_3)
FN:60,(anonymous_4)
FNF:5
FNH:4
FNDA:1,(anonymous_0)
FNDA:3,(anonymous_1)
FNDA:0,(anonymous_2)
FNDA:1,(anonymous_3)
FNDA:1,(anonymous_4)
DA:1,2
DA:2,2
DA:3,2
DA:5,2
DA:7,1
DA:8,1
DA:10,1
DA:12,0
DA:16,3
DA:17,3
DA:18,3
DA:19,2
DA:20,2
DA:22,0
DA:26,3
DA:30,0
DA:31,0
DA:32,0
DA:33,0
DA:41,0
DA:43,0
DA:47,1
DA:48,1
DA:49,1
DA:51,1
DA:53,1
DA:57,0
DA:61,1
DA:62,1
DA:63,1
DA:65,1
DA:73,1
DA:75,0
LF:33
LH:23
BRDA:19,0,0,2
BRDA:19,0,1,0
BRDA:51,1,0,0
BRDA:51,1,1,1
BRF:4
BRH:2
end_of_record
TN:
SF:controllers\users.js
FN:10,(anonymous_0)
FN:19,(anonymous_1)
FN:31,(anonymous_2)
FN:54,(anonymous_3)
FN:67,(anonymous_4)
FN:92,(anonymous_5)
FN:103,(anonymous_6)
FN:138,(anonymous_7)
FNF:8
FNH:5
FNDA:1,(anonymous_0)
FNDA:1,(anonymous_1)
FNDA:0,(anonymous_2)
FNDA:0,(anonymous_3)
FNDA:0,(anonymous_4)
FNDA:1,(anonymous_5)
FNDA:1,(anonymous_6)
FNDA:2,(anonymous_7)
DA:1,2
DA:2,2
DA:3,2
DA:4,2
DA:5,2
DA:6,2
DA:7,2
DA:9,2
DA:11,1
DA:12,1
DA:14,1
DA:16,0
DA:20,1
DA:21,1
DA:22,1
DA:23,1
DA:24,1
DA:26,0
DA:28,1
DA:32,0
DA:33,0
DA:34,0
DA:35,0
DA:36,0
DA:37,0
DA:40,0
DA:41,0
DA:42,0
DA:43,0
DA:46,0
DA:47,0
DA:51,0
DA:55,0
DA:56,0
DA:57,0
DA:58,0
DA:59,0
DA:60,0
DA:62,0
DA:64,0
DA:68,0
DA:69,0
DA:70,0
DA:71,0
DA:78,0
DA:79,0
DA:87,0
DA:89,0
DA:93,1
DA:94,1
DA:95,1
DA:96,1
DA:98,1
DA:100,0
DA:104,1
DA:105,1
DA:106,1
DA:108,1
DA:109,1
DA:111,1
DA:112,1
DA:113,1
DA:115,1
DA:121,1
DA:123,1
DA:132,1
DA:134,0
DA:135,0
DA:139,2
DA:140,2
DA:142,2
DA:144,2
DA:145,2
DA:148,0
DA:149,0
DA:150,0
DA:151,0
DA:153,0
DA:154,0
DA:160,0
DA:169,2
LF:81
LH:40
BRDA:23,0,0,1
BRDA:23,0,1,0
BRDA:35,1,0,0
BRDA:35,1,1,0
BRDA:41,2,0,0
BRDA:41,2,1,0
BRDA:59,3,0,0
BRDA:59,3,1,0
BRDA:96,4,0,0
BRDA:96,4,1,1
BRDA:144,5,0,2
BRDA:144,5,1,0
BRDA:149,6,0,0
BRDA:149,6,1,0
BRF:14
BRH:3
end_of_record
TN:
SF:helpers\encrypt.js
FN:3,(anonymous_0)
FN:9,(anonymous_1)
FNF:2
FNH:1
FNDA:3,(anonymous_0)
FNDA:0,(anonymous_1)
DA:1,2
DA:3,2
DA:4,3
DA:5,3
DA:6,3
DA:9,2
DA:10,0
DA:15,2
LF:8
LH:7
BRF:0
BRH:0
end_of_record
TN:
SF:helpers\jwt.js
FN:5,(anonymous_0)
FN:12,(anonymous_1)
FNF:2
FNH:0
FNDA:0,(anonymous_0)
FNDA:0,(anonymous_1)
DA:1,2
DA:2,2
DA:5,2
DA:6,0
DA:7,0
DA:12,2
DA:13,0
DA:16,2
LF:8
LH:5
BRF:0
BRH:0
end_of_record
TN:
SF:middlewares\errorHandler.js
FN:1,(anonymous_0)
FNF:1
FNH:1
FNDA:6,(anonymous_0)
DA:1,2
DA:2,6
DA:4,6
DA:5,6
DA:7,6
DA:14,6
DA:15,6
DA:16,6
DA:22,0
DA:23,0
DA:25,6
DA:31,2
LF:12
LH:10
BRDA:7,0,0,5
BRDA:7,0,1,6
BRDA:7,0,2,0
BRF:3
BRH:2
end_of_record
TN:
SF:models\profiles.js
FN:5,(anonymous_0)
FN:8,(anonymous_1)
FN:13,(anonymous_2)
FN:20,(anonymous_3)
FN:27,(anonymous_4)
FN:35,(anonymous_5)
FN:41,(anonymous_6)
FNF:7
FNH:5
FNDA:7,(anonymous_0)
FNDA:1,(anonymous_1)
FNDA:3,(anonymous_2)
FNDA:0,(anonymous_3)
FNDA:0,(anonymous_4)
FNDA:1,(anonymous_5)
FNDA:2,(anonymous_6)
DA:1,2
DA:2,2
DA:6,7
DA:9,1
DA:11,1
DA:14,3
DA:18,2
DA:21,0
DA:25,0
DA:28,0
DA:30,0
DA:33,0
DA:36,1
DA:39,1
DA:46,2
DA:55,2
DA:59,2
LF:17
LH:12
BRF:0
BRH:0
end_of_record
TN:
SF:models\users.js
FN:5,(anonymous_0)
FN:8,(anonymous_1)
FN:13,(anonymous_2)
FN:20,(anonymous_3)
FN:28,(anonymous_4)
FN:36,(anonymous_5)
FN:42,(anonymous_6)
FNF:7
FNH:6
FNDA:9,(anonymous_0)
FNDA:3,(anonymous_1)
FNDA:1,(anonymous_2)
FNDA:2,(anonymous_3)
FNDA:0,(anonymous_4)
FNDA:1,(anonymous_5)
FNDA:1,(anonymous_6)
DA:1,2
DA:2,2
DA:6,9
DA:9,3
DA:11,3
DA:14,1
DA:18,1
DA:21,2
DA:22,2
DA:26,2
DA:29,0
DA:31,0
DA:34,0
DA:37,1
DA:40,1
DA:43,1
DA:47,1
DA:56,1
DA:60,2
LF:19
LH:16
BRF:0
BRH:0
end_of_record
TN:
SF:routers\index.js
FN:5,(anonymous_0)
FNF:1
FNH:0
FNDA:0,(anonymous_0)
DA:1,2
DA:2,2
DA:3,2
DA:5,2
DA:6,2
DA:7,2
DA:9,2
LF:7
LH:7
BRF:0
BRH:0
end_of_record
TN:
SF:routers\profile.js
FNF:0
FNH:0
DA:1,2
DA:2,2
DA:4,2
DA:5,2
DA:6,2
DA:7,2
DA:8,2
DA:10,2
LF:8
LH:8
BRF:0
BRH:0
end_of_record
TN:
SF:routers\users.js
FNF:0
FNH:0
DA:1,2
DA:2,2
DA:4,2
DA:5,2
DA:6,2
DA:7,2
DA:8,2
DA:9,2
DA:10,2
DA:11,2
DA:13,2
LF:11
LH:11
BRF:0
BRH:0
end_of_record
