TN:
SF:app.js
FNF:0
FNH:0
DA:1,2
DA:2,2
DA:3,2
DA:4,2
DA:5,2
DA:6,2
DA:8,2
DA:9,2
DA:10,2
DA:11,2
DA:12,2
DA:14,2
LF:12
LH:12
BRF:0
BRH:0
end_of_record
TN:
SF:config/mongoConnection.js
FN:6,mongoConnection
FN:17,getDB
FNF:2
FNH:2
FNDA:2,mongoConnection
FNDA:15,getDB
DA:1,2
DA:2,2
DA:3,2
DA:7,2
DA:8,2
DA:9,2
DA:11,2
DA:13,0
DA:18,15
DA:21,2
DA:22,2
LF:11
LH:10
BRF:0
BRH:0
end_of_record
TN:
SF:controllers/profiles.js
FN:6,(anonymous_0)
FN:15,(anonymous_1)
FN:29,(anonymous_2)
FN:46,(anonymous_3)
FN:60,(anonymous_4)
FNF:5
FNH:4
FNDA:1,(anonymous_0)
FNDA:3,(anonymous_1)
FNDA:0,(anonymous_2)
FNDA:1,(anonymous_3)
FNDA:1,(anonymous_4)
DA:1,2
DA:2,2
DA:3,2
DA:5,2
DA:7,1
DA:8,1
DA:10,1
DA:12,0
DA:16,3
DA:17,3
DA:18,3
DA:19,2
DA:20,1
DA:22,1
DA:26,2
DA:30,0
DA:31,0
DA:32,0
DA:33,0
DA:41,0
DA:43,0
DA:47,1
DA:48,1
DA:49,1
DA:51,1
DA:53,1
DA:57,0
DA:61,1
DA:62,1
DA:63,1
DA:65,1
DA:73,1
DA:75,0
LF:33
LH:24
BRDA:19,0,0,1
BRDA:19,0,1,1
BRDA:51,1,0,0
BRDA:51,1,1,1
BRF:4
BRH:3
end_of_record
TN:
SF:controllers/users.js
FN:9,(anonymous_0)
FN:18,(anonymous_1)
FN:30,(anonymous_2)
FN:46,(anonymous_3)
FN:57,(anonymous_4)
FN:79,(anonymous_5)
FNF:6
FNH:5
FNDA:1,(anonymous_0)
FNDA:1,(anonymous_1)
FNDA:0,(anonymous_2)
FNDA:1,(anonymous_3)
FNDA:1,(anonymous_4)
FNDA:2,(anonymous_5)
DA:1,2
DA:2,2
DA:3,2
DA:4,2
DA:5,2
DA:6,2
DA:8,2
DA:10,1
DA:11,1
DA:13,1
DA:15,0
DA:19,1
DA:20,1
DA:21,1
DA:22,1
DA:23,0
DA:25,1
DA:27,0
DA:31,0
DA:32,0
DA:33,0
DA:34,0
DA:41,0
DA:43,0
DA:47,1
DA:48,1
DA:49,1
DA:50,1
DA:52,1
DA:54,0
DA:58,1
DA:59,1
DA:61,1
DA:63,1
DA:65,1
DA:74,1
DA:76,0
DA:80,2
DA:81,2
DA:83,2
DA:85,2
DA:86,1
DA:89,1
DA:90,1
DA:91,0
DA:92,0
DA:94,1
DA:95,1
DA:101,1
DA:110,1
LF:50
LH:37
BRDA:22,0,0,0
BRDA:22,0,1,1
BRDA:32,1,0,0
BRDA:50,2,0,0
BRDA:50,2,1,1
BRDA:85,3,0,1
BRDA:85,3,1,1
BRDA:90,4,0,0
BRDA:90,4,1,1
BRF:9
BRH:5
end_of_record
TN:
SF:helpers/encrypt.js
FN:3,(anonymous_0)
FN:9,(anonymous_1)
FNF:2
FNH:2
FNDA:3,(anonymous_0)
FNDA:1,(anonymous_1)
DA:1,2
DA:3,2
DA:4,3
DA:5,3
DA:6,3
DA:9,2
DA:10,1
DA:15,2
LF:8
LH:8
BRF:0
BRH:0
end_of_record
TN:
SF:helpers/jwt.js
FN:5,(anonymous_0)
FN:12,(anonymous_1)
FNF:2
FNH:1
FNDA:1,(anonymous_0)
FNDA:0,(anonymous_1)
DA:1,2
DA:2,2
DA:5,2
DA:6,1
DA:7,1
DA:12,2
DA:13,0
DA:16,2
LF:8
LH:7
BRF:0
BRH:0
end_of_record
TN:
SF:middlewares/errorHandler.js
FN:1,(anonymous_0)
FNF:1
FNH:1
FNDA:3,(anonymous_0)
DA:1,2
DA:2,3
DA:4,3
DA:5,3
DA:7,3
DA:14,3
DA:15,3
DA:16,3
DA:22,0
DA:23,0
DA:25,3
DA:31,2
LF:12
LH:10
BRDA:7,0,0,2
BRDA:7,0,1,3
BRDA:7,0,2,0
BRF:3
BRH:2
end_of_record
TN:
SF:models/profiles.js
FN:5,(anonymous_0)
FN:8,(anonymous_1)
FN:13,(anonymous_2)
FN:20,(anonymous_3)
FN:28,(anonymous_4)
FN:34,(anonymous_5)
FNF:6
FNH:5
FNDA:6,(anonymous_0)
FNDA:1,(anonymous_1)
FNDA:3,(anonymous_2)
FNDA:0,(anonymous_3)
FNDA:1,(anonymous_4)
FNDA:1,(anonymous_5)
DA:1,2
DA:2,2
DA:6,6
DA:9,1
DA:11,1
DA:14,3
DA:18,2
DA:21,0
DA:23,0
DA:26,0
DA:29,1
DA:32,1
DA:39,1
DA:48,1
DA:52,2
LF:15
LH:12
BRF:0
BRH:0
end_of_record
TN:
SF:models/users.js
FN:5,(anonymous_0)
FN:8,(anonymous_1)
FN:13,(anonymous_2)
FN:20,(anonymous_3)
FN:28,(anonymous_4)
FN:36,(anonymous_5)
FN:42,(anonymous_6)
FNF:7
FNH:6
FNDA:9,(anonymous_0)
FNDA:3,(anonymous_1)
FNDA:1,(anonymous_2)
FNDA:2,(anonymous_3)
FNDA:0,(anonymous_4)
FNDA:1,(anonymous_5)
FNDA:1,(anonymous_6)
DA:1,2
DA:2,2
DA:6,9
DA:9,3
DA:11,3
DA:14,1
DA:18,1
DA:21,2
DA:22,2
DA:26,2
DA:29,0
DA:31,0
DA:34,0
DA:37,1
DA:40,1
DA:43,1
DA:47,1
DA:56,1
DA:60,2
LF:19
LH:16
BRF:0
BRH:0
end_of_record
TN:
SF:routers/index.js
FN:5,(anonymous_0)
FNF:1
FNH:0
FNDA:0,(anonymous_0)
DA:1,2
DA:2,2
DA:3,2
DA:5,2
DA:6,2
DA:7,2
DA:9,2
LF:7
LH:7
BRF:0
BRH:0
end_of_record
TN:
SF:routers/profile.js
FNF:0
FNH:0
DA:1,2
DA:2,2
DA:4,2
DA:5,2
DA:6,2
DA:7,2
DA:8,2
DA:10,2
LF:8
LH:8
BRF:0
BRH:0
end_of_record
TN:
SF:routers/users.js
FNF:0
FNH:0
DA:1,2
DA:2,2
DA:4,2
DA:5,2
DA:6,2
DA:7,2
DA:8,2
DA:9,2
DA:11,2
LF:9
LH:9
BRF:0
BRH:0
end_of_record
